Running on kyle-ThinkPad-X390
 FRESCOX - version 7.2-20-ga7f491: Coupled Reaction Channels             on gfortran                      

  Using NAMELIST input

 p+Ni78 Coulomb + Nuclear                                                                                                

   0.100  60.000   0.500   0.000   0.000   0.000   0.000   0.000   0.000   0.000

 Centre-of-mass Range is    602 * 0.1000 fm., Maximum at  60.00 fm., Interpolating NL forms every  0.50 fm.
 Non - locality width is      4 * 0.1000 fm., Maximum of   0.30 fm., Centred at  0.00 fm.
 2-Nucleon Separation of      0 * 0.5000 fm., Maximum of   0.00 fm., Minimum at  0.00 fm.
 Maximum single particle bins of 60.0000 fm.
               M,Mint =          601         601


 Range of total J is     0.0 <= J <=    60.0 (at least     0.0) and Absorbtion =>     0.0100 mb.
 Dry Run = F, CC set limits =  0  0, Relativistic kinematics =   , Both/Far/Near Analyses =  1                     

 Cross Sections (and up to T0 for 0=projectile) for Theta from   0.0 to 180.0 in steps of  1.0 degrees, DGAM=0, grace=T,  Coordinates = 0 (Mads)

 Lower Radial Cutoff = maximum of -1.60*L*h &       0.0 fm.,  Lower Cutoff for Couplings =   0.0  fm.


 Iterate Couplings between   0 and   0 times, to  0.000 % if sooner.                                          
  Block solved exactly =   0 chs., with Pade = 0 & Isocen =  =0, NOSOL = F, CCREAL = F, initwf =  0
    Small channels are  0.00E+00 and small couplings are  1.00E-12 of unitarity

  NL quadrature with   18 Gaussian points, Calculate multipoles up to    70 from   0
  M-transfers for lp+lt greater than or equal to  6, Angular Integration Cutoff below  2.7778 %


 Trace switches are :  CHANS =  1, LISTCC =  0, TRENEG =  1, CDETR =  0, SMATS =  2, XSTABL =  1, NLPL =  0

                       WAVES =  0, LAMPL =  0, VEFF =  0, KFUS =  0, WDISK =  2, BPM =  0, MELFIL =  0

                       CDCC =  0, NFUS =  0, TCFILE =  0

 Using unit mass = 1.000000 amu and 1/fine-structure constant = 137.03599 ( 1.000000 * true ) with hc = 197.32705 MeV.fm,
  thus 2*amu/hbar^2 = 0.0478450 = 1/20.9008 and Coulomb constant = 0.1574855 so e^2 =  1.43996515, and nuclear magneton= 0.1261183

 Now pre-scan input and save to file 3



 *********** PARTITION NUMBER  1 ******************************************************************************************

   PROJ=projecti   MASS=  1.0000 Z=   1.0,        # STATES=    1T, TARG=target   MASS= 78.0000 Z=  28.0,     Q-VALUE =  -0.0000 MeV

   MIXPOT =  0: no couplings (default)

     1:  J= 0.5+ (B# 1), E=  0.0000, K= 0.5              Potl#  1       J= 0.0+ (B# 1), E=  0.0000, K= 0.0    


 ************************************************************************************************************************************

 The following POTENTIALS are defined :

  KP#       TYPE      IT    SHAPE      at     V1        r1        a1        V2        r2        a2        A-in     A-used


                                            A#1       A#2        r0c       ac                                                h @ 1
    1    0=Coulomb       0=CHARGE (WS)  1    78.000     1.000    1.2000    0.0000    0.0000    0.0000     0.000   146.585   0.10000

    1    1=Volume        0=Woods-Saxon  2   40.0000    1.2000    0.6500   10.0000    1.2000    0.5000     0.000   146.585

    1    2=Surface       0=Woods-Saxon  3    0.0000    1.2000    0.5000    0.0000    1.2000    0.5000     0.000   146.585

    1    3=Projtl S.O.   0=Woods-Saxon  4    0.0000    1.0000    0.6500    0.0000    1.0000    0.6500     0.000   146.585

 Incoming partition  1 in excitation state # 1,   Laboratory Energy given for partition  1 Nucleus 1 in Excitation pair 1

0Lab. ENERGY ranges :

   from    50.0000     to   0.00000     in        0 intervals
   from    0.00000     to   0.00000     in        0 intervals
   from    0.00000     to   0.00000     in        0 intervals

 Largest real,imaginary parts of any form factor at R=   59.00 are   2.44E-02  2.68E-32 MeV
 Finished all Couplings @    5.17599983E-03

 Symmetric Hamiltonian
1***********************************************************************************************************************************
************************************************************************************************************************************

        INCOMING projecti ;    LABORATORY projecti ENERGY =   50.000     MeV.

 ***********************************************************************************************************************************
 ***********************************************************************************************************************************


  NOTE: Coulomb excitation cut off below   1.181 deg by JTMAX, and below   0.780 deg by Rmax

 Allocate arrays for            1  channels, of which            1  need wfs.

 #########################################################################################################################
 #                                                                                                                       #
 # Total SPIN and PARITY =     0.5 +,      1 channels,    0 in 1st block.  Rmin & Coul turning =    0.0 8.167E-01 fm.    #
 #                                                                                                                       #
 #########################################################################################################################



    C Projectl Target   #   EX.   (L  Proj) J  + Targ = Jtotal     E-cm      Re K     Re Eta     RM*K            CH                     G-REL
    1 projecti target   #    1: I   0 0.5    0.5  0.0     0.5    49.36709   1.52711   0.62361   91.6267  -0.06824   0.49705 1 1 1   1  1.00000
   S-matrix    1 =   -0.19934  -0.07185 for L=    0, J=    0.5 channel on core I =   0.0 from L=    0,  Acc. loss =  0.0 D.
 Elastic phase shift   1 =  -80.090  44.452 deg. for the L =    0, J =    0.5 channel.
       0.5 -0.19934001 -0.07184733i: elastic S-matrix  @@      0.00  0   0 F  0  2  2  T
 Reaction Xsec     0.5+/ 0 @ 1 =    12.866 , Out:   0.000#


 Total SPIN, PARITY =     0.5 -,      1 chs,      0 cc.  Rmin & Coul turning =    0.0    0.8
   S-matrix    1 =   -0.14294   0.15145 for L=    1, J=    0.5 channel on core I =   0.0 from L=    1,  Acc. loss =  0.0 D.
 Elastic phase shift   1 =   66.672  44.949 deg. for the L =    1, J =    0.5 channel.
       0.5 -0.14293870  0.15145129i: elastic S-matrix  @@      0.00  0   0 F  0  2  2  T
 Reaction Xsec     0.5-/ 1 @ 1 =    12.887 , Out:   0.000#


 Total SPIN, PARITY =     1.5 +,      1 chs,      0 cc.  Rmin & Coul turning =    0.1    1.4
   S-matrix    1 =   -0.00905   0.21844 for L=    2, J=    1.5 channel on core I =   0.0 from L=    2,  Acc. loss =  0.0 D.
 Elastic phase shift   1 =   46.186  43.556 deg. for the L =    2, J =    1.5 channel.
       1.5 -0.00905135  0.21843748i: elastic S-matrix  @@      0.00  0   0 F  0  2  2  T
 Reaction Xsec     1.5+/ 2 @ 1 =    25.655 , Out:   0.000#


 Total SPIN, PARITY =     1.5 -,      1 chs,      0 cc.  Rmin & Coul turning =    0.1    1.4
   S-matrix    1 =   -0.14294   0.15145 for L=    1, J=    1.5 channel on core I =   0.0 from L=    1,  Acc. loss =  0.0 D.
 Elastic phase shift   1 =   66.672  44.949 deg. for the L =    1, J =    1.5 channel.
       1.5 -0.14293870  0.15145129i: elastic S-matrix  @@      0.00  0   0 F  0  2  2  T
 Reaction Xsec     1.5-/ 1 @ 1 =    25.774 , Out:   0.000#


 Total SPIN, PARITY =     2.5 +,      1 chs,      0 cc.  Rmin & Coul turning =    0.3    2.1
   S-matrix    1 =   -0.00905   0.21844 for L=    2, J=    2.5 channel on core I =   0.0 from L=    2,  Acc. loss =  0.0 D.
 Elastic phase shift   1 =   46.186  43.556 deg. for the L =    2, J =    2.5 channel.
       2.5 -0.00905135  0.21843748i: elastic S-matrix  @@      0.00  0   0 F  0  2  2  T
 Reaction Xsec     2.5+/ 2 @ 1 =    38.482 , Out:   0.000#


 Total SPIN, PARITY =     2.5 -,      1 chs,      0 cc.  Rmin & Coul turning =    0.3    2.1
   S-matrix    1 =    0.10461   0.19277 for L=    3, J=    2.5 channel on core I =   0.0 from L=    3,  Acc. loss =  0.0 D.
 Elastic phase shift   1 =   30.757  43.465 deg. for the L =    3, J =    2.5 channel.
       2.5  0.10460775  0.19276751i: elastic S-matrix  @@      0.00  0   0 F  0  2  2  T
 Reaction Xsec     2.5-/ 3 @ 1 =    38.470 , Out:   0.000#


 Total SPIN, PARITY =     3.5 +,      1 chs,      0 cc.  Rmin & Coul turning =    0.4    2.7
   S-matrix    1 =    0.20255   0.11270 for L=    4, J=    3.5 channel on core I =   0.0 from L=    4,  Acc. loss =  0.0 D.
 Elastic phase shift   1 =   14.546  41.880 deg. for the L =    4, J =    3.5 channel.
       3.5  0.20255333  0.11270118i: elastic S-matrix  @@      0.00  0   0 F  0  2  2  T
 Reaction Xsec     3.5+/ 4 @ 1 =    50.990 , Out:   0.000#


 Total SPIN, PARITY =     3.5 -,      1 chs,      0 cc.  Rmin & Coul turning =    0.4    2.7
   S-matrix    1 =    0.10461   0.19277 for L=    3, J=    3.5 channel on core I =   0.0 from L=    3,  Acc. loss =  0.0 D.
 Elastic phase shift   1 =   30.757  43.465 deg. for the L =    3, J =    3.5 channel.
       3.5  0.10460775  0.19276751i: elastic S-matrix  @@      0.00  0   0 F  0  2  2  T
 Reaction Xsec     3.5-/ 3 @ 1 =    51.293 , Out:   0.000#


 Total SPIN, PARITY =     4.5 +,      1 chs,      0 cc.  Rmin & Coul turning =    0.6    3.4
   S-matrix    1 =    0.20255   0.11270 for L=    4, J=    4.5 channel on core I =   0.0 from L=    4,  Acc. loss =  0.0 D.
 Elastic phase shift   1 =   14.546  41.880 deg. for the L =    4, J =    4.5 channel.
       4.5  0.20255333  0.11270118i: elastic S-matrix  @@      0.00  0   0 F  0  2  2  T
 Reaction Xsec     4.5+/ 4 @ 1 =    63.737 , Out:   0.000#


 Total SPIN, PARITY =     4.5 -,      1 chs,      0 cc.  Rmin & Coul turning =    0.6    3.4
   S-matrix    1 =    0.24772   0.00688 for L=    5, J=    4.5 channel on core I =   0.0 from L=    5,  Acc. loss =  0.0 D.
 Elastic phase shift   1 =    0.796  39.966 deg. for the L =    5, J =    4.5 channel.
       4.5  0.24772127  0.00688445i: elastic S-matrix  @@      0.00  0   0 F  0  2  2  T
 Reaction Xsec     4.5-/ 5 @ 1 =    63.220 , Out:   0.000#


 Total SPIN, PARITY =     5.5 +,      1 chs,      0 cc.  Rmin & Coul turning =    0.8    4.0
   S-matrix    1 =    0.20570  -0.13351 for L=    6, J=    5.5 channel on core I =   0.0 from L=    6,  Acc. loss =  0.0 D.
 Elastic phase shift   1 =  -16.493  40.266 deg. for the L =    6, J =    5.5 channel.
       5.5  0.20570032 -0.13351350i: elastic S-matrix  @@      0.00  0   0 F  0  2  2  T
 Reaction Xsec     5.5+/ 6 @ 1 =    75.967 , Out:   0.000#


 Total SPIN, PARITY =     5.5 -,      1 chs,      0 cc.  Rmin & Coul turning =    0.8    4.0
   S-matrix    1 =    0.24772   0.00688 for L=    5, J=    5.5 channel on core I =   0.0 from L=    5,  Acc. loss =  0.0 D.
 Elastic phase shift   1 =    0.796  39.966 deg. for the L =    5, J =    5.5 channel.
       5.5  0.24772127  0.00688445i: elastic S-matrix  @@      0.00  0   0 F  0  2  2  T
 Reaction Xsec     5.5-/ 5 @ 1 =    75.864 , Out:   0.000#


 Total SPIN, PARITY =     6.5 +,      1 chs,      0 cc.  Rmin & Coul turning =    0.9    4.7
   S-matrix    1 =    0.20570  -0.13351 for L=    6, J=    6.5 channel on core I =   0.0 from L=    6,  Acc. loss =  0.0 D.
 Elastic phase shift   1 =  -16.493  40.266 deg. for the L =    6, J =    6.5 channel.
       6.5  0.20570032 -0.13351350i: elastic S-matrix  @@      0.00  0   0 F  0  2  2  T
 Reaction Xsec     6.5+/ 6 @ 1 =    88.628 , Out:   0.000#


 Total SPIN, PARITY =     6.5 -,      1 chs,      0 cc.  Rmin & Coul turning =    0.9    4.7
   S-matrix    1 =    0.07577  -0.28038 for L=    7, J=    6.5 channel on core I =   0.0 from L=    7,  Acc. loss =  0.0 D.
 Elastic phase shift   1 =  -37.439  35.419 deg. for the L =    7, J =    6.5 channel.
       6.5  0.07576769 -0.28037961i: elastic S-matrix  @@      0.00  0   0 F  0  2  2  T
 Reaction Xsec     6.5-/ 7 @ 1 =    86.344 , Out:   0.000#


 Total SPIN, PARITY =     7.5 +,      1 chs,      0 cc.  Rmin & Coul turning =    1.1    5.3
   S-matrix    1 =   -0.10060  -0.30422 for L=    8, J=    7.5 channel on core I =   0.0 from L=    8,  Acc. loss =  0.0 D.
 Elastic phase shift   1 =  -54.149  32.604 deg. for the L =    8, J =    7.5 channel.
       7.5 -0.10060157 -0.30422171i: elastic S-matrix  @@      0.00  0   0 F  0  2  2  T
 Reaction Xsec     7.5+/ 8 @ 1 =    96.705 , Out:   0.000#


 Total SPIN, PARITY =     7.5 -,      1 chs,      0 cc.  Rmin & Coul turning =    1.1    5.3
   S-matrix    1 =    0.07577  -0.28038 for L=    7, J=    7.5 channel on core I =   0.0 from L=    7,  Acc. loss =  0.0 D.
 Elastic phase shift   1 =  -37.439  35.419 deg. for the L =    7, J =    7.5 channel.
       7.5  0.07576769 -0.28037961i: elastic S-matrix  @@      0.00  0   0 F  0  2  2  T
 Reaction Xsec     7.5-/ 7 @ 1 =    98.679 , Out:   0.000#


 Total SPIN, PARITY =     8.5 +,      1 chs,      0 cc.  Rmin & Coul turning =    1.2    6.0
   S-matrix    1 =   -0.10060  -0.30422 for L=    8, J=    8.5 channel on core I =   0.0 from L=    8,  Acc. loss =  0.0 D.
 Elastic phase shift   1 =  -54.149  32.604 deg. for the L =    8, J =    8.5 channel.
       8.5 -0.10060157 -0.30422171i: elastic S-matrix  @@      0.00  0   0 F  0  2  2  T
 Reaction Xsec     8.5+/ 8 @ 1 =   108.793 , Out:   0.000#


 Total SPIN, PARITY =     8.5 -,      1 chs,      0 cc.  Rmin & Coul turning =    1.2    6.0
   S-matrix    1 =   -0.22054  -0.03680 for L=    9, J=    8.5 channel on core I =   0.0 from L=    9,  Acc. loss =  0.0 D.
 Elastic phase shift   1 =  -85.263  42.913 deg. for the L =    9, J =    8.5 channel.
       8.5 -0.22054158 -0.03680095i: elastic S-matrix  @@      0.00  0   0 F  0  2  2  T
 Reaction Xsec     8.5-/ 9 @ 1 =   115.180 , Out:   0.000#


 Total SPIN, PARITY =     9.5 +,      1 chs,      0 cc.  Rmin & Coul turning =    1.4    6.6
   S-matrix    1 =    0.14927   0.48432 for L=   10, J=    9.5 channel on core I =   0.0 from L=   10,  Acc. loss =  0.0 D.
 Elastic phase shift   1 =   36.435  19.470 deg. for the L =   10, J =    9.5 channel.
       9.5  0.14926678  0.48431800i: elastic S-matrix  @@      0.00  0   0 F  0  2  2  T
 Reaction Xsec     9.5+/10 @ 1 =   100.112 , Out:   0.000#


 Total SPIN, PARITY =     9.5 -,      1 chs,      0 cc.  Rmin & Coul turning =    1.4    6.6
   S-matrix    1 =   -0.22054  -0.03680 for L=    9, J=    9.5 channel on core I =   0.0 from L=    9,  Acc. loss =  0.0 D.
 Elastic phase shift   1 =  -85.263  42.913 deg. for the L =    9, J =    9.5 channel.
       9.5 -0.22054158 -0.03680095i: elastic S-matrix  @@      0.00  0   0 F  0  2  2  T
 Reaction Xsec     9.5-/ 9 @ 1 =   127.978 , Out:   0.000#


 Total SPIN, PARITY =    10.5 +,      1 chs,      0 cc.  Rmin & Coul turning =    1.6    7.3
   S-matrix    1 =    0.14927   0.48432 for L=   10, J=   10.5 channel on core I =   0.0 from L=   10,  Acc. loss =  0.0 D.
 Elastic phase shift   1 =   36.435  19.470 deg. for the L =   10, J =   10.5 channel.
      10.5  0.14926678  0.48431800i: elastic S-matrix  @@      0.00  0   0 F  0  2  2  T
 Reaction Xsec    10.5+/10 @ 1 =   110.124 , Out:   0.000#


 Total SPIN, PARITY =    10.5 -,      1 chs,      0 cc.  Rmin & Coul turning =    1.6    7.3
   S-matrix    1 =    0.77276   0.40149 for L=   11, J=   10.5 channel on core I =   0.0 from L=   11,  Acc. loss =  0.0 D.
 Elastic phase shift   1 =   13.727   3.962 deg. for the L =   11, J =   10.5 channel.
      10.5  0.77275556  0.40149455i: elastic S-matrix  @@      0.00  0   0 F  0  2  2  T
 Reaction Xsec    10.5-/11 @ 1 =    35.809 , Out:   0.000#


 Total SPIN, PARITY =    11.5 +,      1 chs,      0 cc.  Rmin & Coul turning =    1.7    7.9
   S-matrix    1 =    0.95511   0.17127 for L=   12, J=   11.5 channel on core I =   0.0 from L=   12,  Acc. loss =  0.0 D.
 Elastic phase shift   1 =    5.083   0.862 deg. for the L =   12, J =   11.5 channel.
      11.5  0.95511207  0.17127497i: elastic S-matrix  @@      0.00  0   0 F  0  2  2  T
 Reaction Xsec    11.5+/12 @ 1 =     9.445 , Out:   0.000#


 Total SPIN, PARITY =    11.5 -,      1 chs,      0 cc.  Rmin & Coul turning =    1.7    7.9
   S-matrix    1 =    0.77276   0.40149 for L=   11, J=   11.5 channel on core I =   0.0 from L=   11,  Acc. loss =  0.0 D.
 Elastic phase shift   1 =   13.727   3.962 deg. for the L =   11, J =   11.5 channel.
      11.5  0.77275556  0.40149455i: elastic S-matrix  @@      0.00  0   0 F  0  2  2  T
 Reaction Xsec    11.5-/11 @ 1 =    39.064 , Out:   0.000#


 Total SPIN, PARITY =    12.5 +,      1 chs,      0 cc.  Rmin & Coul turning =    1.9    8.6
   S-matrix    1 =    0.95511   0.17127 for L=   12, J=   12.5 channel on core I =   0.0 from L=   12,  Acc. loss =  0.0 D.
 Elastic phase shift   1 =    5.083   0.862 deg. for the L =   12, J =   12.5 channel.
      12.5  0.95511207  0.17127497i: elastic S-matrix  @@      0.00  0   0 F  0  2  2  T
 Reaction Xsec    12.5+/12 @ 1 =    10.232 , Out:   0.000#


 Total SPIN, PARITY =    12.5 -,      1 chs,      0 cc.  Rmin & Coul turning =    1.9    8.6
   S-matrix    1 =    0.99025   0.06676 for L=   13, J=   12.5 channel on core I =   0.0 from L=   13,  Acc. loss =  0.0 D.
 Elastic phase shift   1 =    1.928   0.216 deg. for the L =   13, J =   12.5 channel.
      12.5  0.99024620  0.06676073i: elastic S-matrix  @@      0.00  0   0 F  0  2  2  T
 Reaction Xsec    12.5-/13 @ 1 =     2.619 , Out:   0.000#


 Total SPIN, PARITY =    13.5 +,      1 chs,      0 cc.  Rmin & Coul turning =    2.0    9.3
   S-matrix    1 =    0.99761   0.02590 for L=   14, J=   13.5 channel on core I =   0.0 from L=   14,  Acc. loss =  0.0 D.
 Elastic phase shift   1 =    0.744   0.059 deg. for the L =   14, J =   13.5 channel.
      13.5  0.99761139  0.02590323i: elastic S-matrix  @@      0.00  0   0 F  0  2  2  T
 Reaction Xsec    13.5+/14 @ 1 =     0.773 , Out:   0.000#


 Total SPIN, PARITY =    13.5 -,      1 chs,      0 cc.  Rmin & Coul turning =    2.0    9.3
   S-matrix    1 =    0.99025   0.06676 for L=   13, J=   13.5 channel on core I =   0.0 from L=   13,  Acc. loss =  0.0 D.
 Elastic phase shift   1 =    1.928   0.216 deg. for the L =   13, J =   13.5 channel.
      13.5  0.99024620  0.06676073i: elastic S-matrix  @@      0.00  0   0 F  0  2  2  T
 Reaction Xsec    13.5-/13 @ 1 =     2.821 , Out:   0.000#


 Total SPIN, PARITY =    14.5 +,      1 chs,      0 cc.  Rmin & Coul turning =    2.2    9.9
   S-matrix    1 =    0.99761   0.02590 for L=   14, J=   14.5 channel on core I =   0.0 from L=   14,  Acc. loss =  0.0 D.
 Elastic phase shift   1 =    0.744   0.059 deg. for the L =   14, J =   14.5 channel.
      14.5  0.99761139  0.02590323i: elastic S-matrix  @@      0.00  0   0 F  0  2  2  T
 Reaction Xsec    14.5+/14 @ 1 =     0.829 , Out:   0.000#


 Total SPIN, PARITY =    14.5 -,      1 chs,      0 cc.  Rmin & Coul turning =    2.2    9.9
   S-matrix    1 =    0.99936   0.01008 for L=   15, J=   14.5 channel on core I =   0.0 from L=   15,  Acc. loss =  0.0 D.
 Elastic phase shift   1 =    0.289   0.017 deg. for the L =   15, J =   14.5 channel.
      14.5  0.99936292  0.01007516i: elastic S-matrix  @@      0.00  0   0 F  0  2  2  T
 Reaction Xsec    14.5-/15 @ 1 =     0.237 , Out:   0.000#


 Total SPIN, PARITY =    15.5 +,      1 chs,      0 cc.  Rmin & Coul turning =    2.4   10.6
   S-matrix    1 =    0.99982   0.00392 for L=   16, J=   15.5 channel on core I =   0.0 from L=   16,  Acc. loss =  0.0 D.
 Elastic phase shift   1 =    0.112   0.005 deg. for the L =   16, J =   15.5 channel.
      15.5  0.99982089  0.00392307i: elastic S-matrix  @@      0.00  0   0 F  0  2  2  T
 Reaction Xsec    15.5+/16 @ 1 =     0.074 , Out:   0.000#


 Total SPIN, PARITY =    15.5 -,      1 chs,      0 cc.  Rmin & Coul turning =    2.4   10.6
   S-matrix    1 =    0.99936   0.01008 for L=   15, J=   15.5 channel on core I =   0.0 from L=   15,  Acc. loss =  0.0 D.
 Elastic phase shift   1 =    0.289   0.017 deg. for the L =   15, J =   15.5 channel.
      15.5  0.99936292  0.01007516i: elastic S-matrix  @@      0.00  0   0 F  0  2  2  T
 Reaction Xsec    15.5-/15 @ 1 =     0.253 , Out:   0.000#


 Total SPIN, PARITY =    16.5 +,      1 chs,      0 cc.  Rmin & Coul turning =    2.5   11.2
   S-matrix    1 =    0.99982   0.00392 for L=   16, J=   16.5 channel on core I =   0.0 from L=   16,  Acc. loss =  0.0 D.
 Elastic phase shift   1 =    0.112   0.005 deg. for the L =   16, J =   16.5 channel.
      16.5  0.99982089  0.00392307i: elastic S-matrix  @@      0.00  0   0 F  0  2  2  T
 Reaction Xsec    16.5+/16 @ 1 =     0.079 , Out:   0.000#


 Total SPIN, PARITY =    16.5 -,      1 chs,      0 cc.  Rmin & Coul turning =    2.5   11.2
   S-matrix    1 =    0.99995   0.00153 for L=   17, J=   16.5 channel on core I =   0.0 from L=   17,  Acc. loss =  0.0 D.
 Elastic phase shift   1 =    0.044   0.001 deg. for the L =   17, J =   16.5 channel.
      16.5  0.99994813  0.00152738i: elastic S-matrix  @@      0.00  0   0 F  0  2  2  T
 Reaction Xsec    16.5-/17 @ 1 =     0.023 , Out:   0.000#


 Total SPIN, PARITY =    17.5 +,      1 chs,      0 cc.  Rmin & Coul turning =    2.7   11.9
   S-matrix    1 =    0.99998   0.00059 for L=   18, J=   17.5 channel on core I =   0.0 from L=   18,  Acc. loss =  0.0 D.
 Elastic phase shift   1 =    0.017   0.000 deg. for the L =   18, J =   17.5 channel.
      17.5  0.99998474  0.00059429i: elastic S-matrix  @@      0.00  0   0 F  0  2  2  T
 Reaction Xsec    17.5+/18 @ 1 =     7.316/, Out:   0.000#


 Total SPIN, PARITY =    17.5 -,      1 chs,      0 cc.  Rmin & Coul turning =    2.7   11.9
   S-matrix    1 =    0.99995   0.00153 for L=   17, J=   17.5 channel on core I =   0.0 from L=   17,  Acc. loss =  0.0 D.
 Elastic phase shift   1 =    0.044   0.001 deg. for the L =   17, J =   17.5 channel.
      17.5  0.99994813  0.00152738i: elastic S-matrix  @@      0.00  0   0 F  0  2  2  T
 Reaction Xsec    17.5-/17 @ 1 =     0.025 , Out:   0.000#


 Total SPIN, PARITY =    18.5 +,      1 chs,      0 cc.  Rmin & Coul turning =    2.8   12.5
   S-matrix    1 =    0.99998   0.00059 for L=   18, J=   18.5 channel on core I =   0.0 from L=   18,  Acc. loss =  0.0 D.
 Elastic phase shift   1 =    0.017   0.000 deg. for the L =   18, J =   18.5 channel.
      18.5  0.99998474  0.00059429i: elastic S-matrix  @@      0.00  0   0 F  0  2  2  T
 Reaction Xsec    18.5+/18 @ 1 =     7.723/, Out:   0.000#


 Total SPIN, PARITY =    18.5 -,      1 chs,      0 cc.  Rmin & Coul turning =    2.8   12.5
   S-matrix    1 =    1.00000   0.00023 for L=   19, J=   18.5 channel on core I =   0.0 from L=   19,  Acc. loss =  0.0 D.
 Elastic phase shift   1 =    0.007   0.000 deg. for the L =   19, J =   18.5 channel.
      18.5  0.99999547  0.00023109i: elastic S-matrix  @@      0.00  0   0 F  0  2  2  T
 Reaction Xsec    18.5-/19 @ 1 =     2.303/, Out:   0.000#


 Total SPIN, PARITY =    19.5 +,      1 chs,      0 cc.  Rmin & Coul turning =    3.0   13.2
   S-matrix    1 =    1.00000   0.00009 for L=   20, J=   19.5 channel on core I =   0.0 from L=   20,  Acc. loss =  0.0 D.
 Elastic phase shift   1 =    0.003   0.000 deg. for the L =   20, J =   19.5 channel.
      19.5  0.99999865  0.00008985i: elastic S-matrix  @@      0.00  0   0 F  0  2  2  T
 Reaction Xsec    19.5+/20 @ 1 =     0.724/, Out:   0.000#


 Total SPIN, PARITY =    19.5 -,      1 chs,      0 cc.  Rmin & Coul turning =    3.0   13.2
   S-matrix    1 =    1.00000   0.00023 for L=   19, J=   19.5 channel on core I =   0.0 from L=   19,  Acc. loss =  0.0 D.
 Elastic phase shift   1 =    0.007   0.000 deg. for the L =   19, J =   19.5 channel.
      19.5  0.99999547  0.00023109i: elastic S-matrix  @@      0.00  0   0 F  0  2  2  T
 Reaction Xsec    19.5-/19 @ 1 =     2.424/, Out:   0.000#


 Total SPIN, PARITY =    20.5 +,      1 chs,      0 cc.  Rmin & Coul turning =    3.2   13.8
   S-matrix    1 =    1.00000   0.00009 for L=   20, J=   20.5 channel on core I =   0.0 from L=   20,  Acc. loss =  0.0 D.
 Elastic phase shift   1 =    0.003   0.000 deg. for the L =   20, J =   20.5 channel.
      20.5  0.99999865  0.00008985i: elastic S-matrix  @@      0.00  0   0 F  0  2  2  T
 Reaction Xsec    20.5+/20 @ 1 =     0.760/, Out:   0.000#


 Total SPIN, PARITY =    20.5 -,      1 chs,      0 cc.  Rmin & Coul turning =    3.2   13.8
   S-matrix    1 =    1.00000   0.00003 for L=   21, J=   20.5 channel on core I =   0.0 from L=   21,  Acc. loss =  0.0 D.
 Elastic phase shift   1 =    0.001   0.000 deg. for the L =   21, J =   20.5 channel.
      20.5  0.99999960  0.00003498i: elastic S-matrix  @@      0.00  0   0 F  0  2  2  T
 Reaction Xsec    20.5-/21 @ 1 =     0.227/, Out:   0.000#


 Total SPIN, PARITY =    21.5 +,      1 chs,      0 cc.  Rmin & Coul turning =    3.3   14.5
   S-matrix    1 =    1.00000   0.00001 for L=   22, J=   21.5 channel on core I =   0.0 from L=   22,  Acc. loss =  0.0 D.
 Elastic phase shift   1 =    0.000   0.000 deg. for the L =   22, J =   21.5 channel.
      21.5  0.99999988  0.00001367i: elastic S-matrix  @@      0.00  0   0 F  0  2  2  T
 Reaction Xsec    21.5+/22 @ 1 =     0.071/, Out:   0.000#


 Total SPIN, PARITY =    21.5 -,      1 chs,      0 cc.  Rmin & Coul turning =    3.3   14.5
   S-matrix    1 =    1.00000   0.00003 for L=   21, J=   21.5 channel on core I =   0.0 from L=   21,  Acc. loss =  0.0 D.
 Elastic phase shift   1 =    0.001   0.000 deg. for the L =   21, J =   21.5 channel.
      21.5  0.99999960  0.00003498i: elastic S-matrix  @@      0.00  0   0 F  0  2  2  T
 Reaction Xsec    21.5-/21 @ 1 =     0.238/, Out:   0.000#


 Total SPIN, PARITY =    22.5 +,      1 chs,      0 cc.  Rmin & Coul turning =    3.5   15.1
   S-matrix    1 =    1.00000   0.00001 for L=   22, J=   22.5 channel on core I =   0.0 from L=   22,  Acc. loss =  0.0 D.
 Elastic phase shift   1 =    0.000   0.000 deg. for the L =   22, J =   22.5 channel.
      22.5  0.99999988  0.00001367i: elastic S-matrix  @@      0.00  0   0 F  0  2  2  T
 Reaction Xsec    22.5+/22 @ 1 =     0.074/, Out:   0.000#


 Total SPIN, PARITY =    22.5 -,      1 chs,      0 cc.  Rmin & Coul turning =    3.5   15.1
   S-matrix    1 =    1.00000   0.00001 for L=   23, J=   22.5 channel on core I =   0.0 from L=   23,  Acc. loss =  0.0 D.
 Elastic phase shift   1 =    0.000   0.000 deg. for the L =   23, J =   22.5 channel.
      22.5  0.99999996  0.00000541i: elastic S-matrix  @@      0.00  0   0 F  0  2  2  T
 Reaction Xsec    22.5-/23 @ 1 =     0.022/, Out:   0.000#


 Total SPIN, PARITY =    23.5 +,      1 chs,      0 cc.  Rmin & Coul turning =    3.6   15.8
   S-matrix    1 =    1.00000   0.00000 for L=   24, J=   23.5 channel on core I =   0.0 from L=   24,  Acc. loss =  0.0 D.
 Elastic phase shift   1 =    0.000   0.000 deg. for the L =   24, J =   23.5 channel.
      23.5  0.99999999  0.00000220i: elastic S-matrix  @@      0.00  0   0 F  0  2  2  T
 Reaction Xsec    23.5+/24 @ 1 =     6.863#, Out:   0.000#


 Total SPIN, PARITY =    23.5 -,      1 chs,      0 cc.  Rmin & Coul turning =    3.6   15.8
   S-matrix    1 =    1.00000   0.00001 for L=   23, J=   23.5 channel on core I =   0.0 from L=   23,  Acc. loss =  0.0 D.
 Elastic phase shift   1 =    0.000   0.000 deg. for the L =   23, J =   23.5 channel.
      23.5  0.99999996  0.00000541i: elastic S-matrix  @@      0.00  0   0 F  0  2  2  T
 Reaction Xsec    23.5-/23 @ 1 =     0.023/, Out:   0.000#


 Total SPIN, PARITY =    24.5 +,      1 chs,      0 cc.  Rmin & Coul turning =    3.8   16.5
   S-matrix    1 =    1.00000   0.00000 for L=   24, J=   24.5 channel on core I =   0.0 from L=   24,  Acc. loss =  0.0 D.
 Elastic phase shift   1 =    0.000   0.000 deg. for the L =   24, J =   24.5 channel.
      24.5  0.99999999  0.00000220i: elastic S-matrix  @@      0.00  0   0 F  0  2  2  T
 Reaction Xsec    24.5+/24 @ 1 =     7.149#, Out:   0.000#


 Total SPIN, PARITY =    24.5 -,      1 chs,      0 cc.  Rmin & Coul turning =    3.8   16.5
   S-matrix    1 =    1.00000   0.00000 for L=   25, J=   24.5 channel on core I =   0.0 from L=   25,  Acc. loss =  0.0 D.
 Elastic phase shift   1 =    0.000   0.000 deg. for the L =   25, J =   24.5 channel.
      24.5  1.00000000  0.00000095i: elastic S-matrix  @@      0.00  0   0 F  0  2  2  T
 Reaction Xsec    24.5-/25 @ 1 =     2.128#, Out:   0.000#


 Total SPIN, PARITY =    25.5 +,      1 chs,      0 cc.  Rmin & Coul turning =    4.0   17.1
   S-matrix    1 =    1.00000   0.00000 for L=   26, J=   25.5 channel on core I =   0.0 from L=   26,  Acc. loss =  0.0 D.
 Elastic phase shift   1 =    0.000   0.000 deg. for the L =   26, J =   25.5 channel.
      25.5  1.00000000  0.00000047i: elastic S-matrix  @@      0.00  0   0 F  0  2  2  T
 Reaction Xsec    25.5+/26 @ 1 =     0.658#, Out:   0.000#


 Total SPIN, PARITY =    25.5 -,      1 chs,      0 cc.  Rmin & Coul turning =    4.0   17.1
   S-matrix    1 =    1.00000   0.00000 for L=   25, J=   25.5 channel on core I =   0.0 from L=   25,  Acc. loss =  0.0 D.
 Elastic phase shift   1 =    0.000   0.000 deg. for the L =   25, J =   25.5 channel.
      25.5  1.00000000  0.00000095i: elastic S-matrix  @@      0.00  0   0 F  0  2  2  T
 Reaction Xsec    25.5-/25 @ 1 =     2.213#, Out:   0.000#


 Total SPIN, PARITY =    26.5 +,      1 chs,      0 cc.  Rmin & Coul turning =    4.1   17.8
   S-matrix    1 =    1.00000   0.00000 for L=   26, J=   26.5 channel on core I =   0.0 from L=   26,  Acc. loss =  0.0 D.
 Elastic phase shift   1 =    0.000   0.000 deg. for the L =   26, J =   26.5 channel.
      26.5  1.00000000  0.00000047i: elastic S-matrix  @@      0.00  0   0 F  0  2  2  T
 Reaction Xsec    26.5+/26 @ 1 =     0.684#, Out:   0.000#


 Total SPIN, PARITY =    26.5 -,      1 chs,      0 cc.  Rmin & Coul turning =    4.1   17.8
   S-matrix    1 =    1.00000   0.00000 for L=   27, J=   26.5 channel on core I =   0.0 from L=   27,  Acc. loss =  0.0 D.
 Elastic phase shift   1 =    0.000   0.000 deg. for the L =   27, J =   26.5 channel.
      26.5  1.00000000  0.00000027i: elastic S-matrix  @@      0.00  0   0 F  0  2  2  T
 Reaction Xsec    26.5-/27 @ 1 =     0.203#, Out:   0.000#


 Total SPIN, PARITY =    27.5 +,      1 chs,      0 cc.  Rmin & Coul turning =    4.3   18.4
   S-matrix    1 =    1.00000   0.00000 for L=   28, J=   27.5 channel on core I =   0.0 from L=   28,  Acc. loss =  0.0 D.
 Elastic phase shift   1 =    0.000   0.000 deg. for the L =   28, J =   27.5 channel.
      27.5  1.00000000  0.00000020i: elastic S-matrix  @@      0.00  0   0 F  0  2  2  T
 Reaction Xsec    27.5+/28 @ 1 =     0.063#, Out:   0.000#


 Total SPIN, PARITY =    27.5 -,      1 chs,      0 cc.  Rmin & Coul turning =    4.3   18.4
   S-matrix    1 =    1.00000   0.00000 for L=   27, J=   27.5 channel on core I =   0.0 from L=   27,  Acc. loss =  0.0 D.
 Elastic phase shift   1 =    0.000   0.000 deg. for the L =   27, J =   27.5 channel.
      27.5  1.00000000  0.00000027i: elastic S-matrix  @@      0.00  0   0 F  0  2  2  T
 Reaction Xsec    27.5-/27 @ 1 =     0.211#, Out:   0.000#


 Total SPIN, PARITY =    28.5 +,      1 chs,      0 cc.  Rmin & Coul turning =    4.4   19.1
   S-matrix    1 =    1.00000   0.00000 for L=   28, J=   28.5 channel on core I =   0.0 from L=   28,  Acc. loss =  0.0 D.
 Elastic phase shift   1 =    0.000   0.000 deg. for the L =   28, J =   28.5 channel.
      28.5  1.00000000  0.00000020i: elastic S-matrix  @@      0.00  0   0 F  0  2  2  T
 Reaction Xsec    28.5+/28 @ 1 =     0.065#, Out:   0.000#


 Total SPIN, PARITY =    28.5 -,      1 chs,      0 cc.  Rmin & Coul turning =    4.4   19.1
   S-matrix    1 =    1.00000   0.00000 for L=   29, J=   28.5 channel on core I =   0.0 from L=   29,  Acc. loss =  0.0 D.
 Elastic phase shift   1 =    0.000   0.000 deg. for the L =   29, J =   28.5 channel.
      28.5  1.00000000  0.00000016i: elastic S-matrix  @@      0.00  0   0 F  0  2  2  T
 Reaction Xsec    28.5-/29 @ 1 =     0.019#, Out:   0.000#


 Total SPIN, PARITY =    29.5 +,      1 chs,      0 cc.  Rmin & Coul turning =    4.6   19.7
   S-matrix    1 =    1.00000   0.00000 for L=   30, J=   29.5 channel on core I =   0.0 from L=   30,  Acc. loss =  0.0 D.
 Elastic phase shift   1 =    0.000   0.000 deg. for the L =   30, J =   29.5 channel.
      29.5  1.00000000  0.00000014i: elastic S-matrix  @@      0.00  0   0 F  0  2  2  T
 Reaction Xsec    29.5+/30 @ 1 =     0.006#, Out:   0.000#


 Total SPIN, PARITY =    29.5 -,      1 chs,      0 cc.  Rmin & Coul turning =    4.6   19.7
   S-matrix    1 =    1.00000   0.00000 for L=   29, J=   29.5 channel on core I =   0.0 from L=   29,  Acc. loss =  0.0 D.
 Elastic phase shift   1 =    0.000   0.000 deg. for the L =   29, J =   29.5 channel.
      29.5  1.00000000  0.00000016i: elastic S-matrix  @@      0.00  0   0 F  0  2  2  T
 Reaction Xsec    29.5-/29 @ 1 =     0.020#, Out:   0.000#


 Total SPIN, PARITY =    30.5 +,      1 chs,      0 cc.  Rmin & Coul turning =    4.8   20.4
   S-matrix    1 =    1.00000   0.00000 for L=   30, J=   30.5 channel on core I =   0.0 from L=   30,  Acc. loss =  0.0 D.
 Elastic phase shift   1 =    0.000   0.000 deg. for the L =   30, J =   30.5 channel.
      30.5  1.00000000  0.00000014i: elastic S-matrix  @@      0.00  0   0 F  0  2  2  T
 Reaction Xsec    30.5+/30 @ 1 =     0.006#, Out:   0.000#


 Total SPIN, PARITY =    30.5 -,      1 chs,      0 cc.  Rmin & Coul turning =    4.8   20.4
   S-matrix    1 =    1.00000   0.00000 for L=   31, J=   30.5 channel on core I =   0.0 from L=   31,  Acc. loss =  0.0 D.
 Elastic phase shift   1 =    0.000   0.000 deg. for the L =   31, J =   30.5 channel.
      30.5  1.00000000  0.00000014i: elastic S-matrix  @@      0.00  0   0 F  0  2  2  T
 Reaction Xsec    30.5-/31 @ 1 =     0.002#, Out:   0.000#


 Total SPIN, PARITY =    31.5 +,      1 chs,      0 cc.  Rmin & Coul turning =    4.9   21.0
   S-matrix    1 =    1.00000   0.00000 for L=   32, J=   31.5 channel on core I =   0.0 from L=   32,  Acc. loss =  0.0 D.
 Elastic phase shift   1 =    0.000   0.000 deg. for the L =   32, J =   31.5 channel.
      31.5  1.00000000  0.00000012i: elastic S-matrix  @@      0.00  0   0 F  0  2  2  T
 Reaction Xsec    31.5+/32 @ 1 =     0.001#, Out:   0.000#


 Total SPIN, PARITY =    31.5 -,      1 chs,      0 cc.  Rmin & Coul turning =    4.9   21.0
   S-matrix    1 =    1.00000   0.00000 for L=   31, J=   31.5 channel on core I =   0.0 from L=   31,  Acc. loss =  0.0 D.
 Elastic phase shift   1 =    0.000   0.000 deg. for the L =   31, J =   31.5 channel.
      31.5  1.00000000  0.00000014i: elastic S-matrix  @@      0.00  0   0 F  0  2  2  T
 Reaction Xsec    31.5-/31 @ 1 =     0.002#, Out:   0.000#


 Total SPIN, PARITY =    32.5 +,      1 chs,      0 cc.  Rmin & Coul turning =    5.1   21.7
   S-matrix    1 =    1.00000   0.00000 for L=   32, J=   32.5 channel on core I =   0.0 from L=   32,  Acc. loss =  0.0 D.
 Elastic phase shift   1 =    0.000   0.000 deg. for the L =   32, J =   32.5 channel.
      32.5  1.00000000  0.00000012i: elastic S-matrix  @@      0.00  0   0 F  0  2  2  T
 Reaction Xsec    32.5+/32 @ 1 =     0.001#, Out:   0.000#


 Total SPIN, PARITY =    32.5 -,      1 chs,      0 cc.  Rmin & Coul turning =    5.1   21.7
   S-matrix    1 =    1.00000   0.00000 for L=   33, J=   32.5 channel on core I =   0.0 from L=   33,  Acc. loss =  0.0 D.
 Elastic phase shift   1 =    0.000   0.000 deg. for the L =   33, J =   32.5 channel.
      32.5  1.00000000  0.00000012i: elastic S-matrix  @@      0.00  0   0 F  0  2  2  T
 Reaction Xsec    32.5-/33 @ 1 =     0.000#, Out:   0.000#


 Total SPIN, PARITY =    33.5 +,      1 chs,      0 cc.  Rmin & Coul turning =    5.2   22.3
   S-matrix    1 =    1.00000   0.00000 for L=   34, J=   33.5 channel on core I =   0.0 from L=   34,  Acc. loss =  0.0 D.
 Elastic phase shift   1 =    0.000   0.000 deg. for the L =   34, J =   33.5 channel.
      33.5  1.00000000  0.00000012i: elastic S-matrix  @@      0.00  0   0 F  0  2  2  T
 Reaction Xsec    33.5+/34 @ 1 =     0.000#, Out:   0.000#


 Total SPIN, PARITY =    33.5 -,      1 chs,      0 cc.  Rmin & Coul turning =    5.2   22.3
   S-matrix    1 =    1.00000   0.00000 for L=   33, J=   33.5 channel on core I =   0.0 from L=   33,  Acc. loss =  0.0 D.
 Elastic phase shift   1 =    0.000   0.000 deg. for the L =   33, J =   33.5 channel.
      33.5  1.00000000  0.00000012i: elastic S-matrix  @@      0.00  0   0 F  0  2  2  T
 Reaction Xsec    33.5-/33 @ 1 =     0.000#, Out:   0.000#


 Total SPIN, PARITY =    34.5 +,      1 chs,      0 cc.  Rmin & Coul turning =    5.4   23.0
   S-matrix    1 =    1.00000   0.00000 for L=   34, J=   34.5 channel on core I =   0.0 from L=   34,  Acc. loss =  0.0 D.
 Elastic phase shift   1 =    0.000   0.000 deg. for the L =   34, J =   34.5 channel.
      34.5  1.00000000  0.00000012i: elastic S-matrix  @@      0.00  0   0 F  0  2  2  T
 Reaction Xsec    34.5+/34 @ 1 =     0.000#, Out:   0.000#


 Total SPIN, PARITY =    34.5 -,      1 chs,      0 cc.  Rmin & Coul turning =    5.4   23.0
   S-matrix    1 =    1.00000   0.00000 for L=   35, J=   34.5 channel on core I =   0.0 from L=   35,  Acc. loss =  0.0 D.
 Elastic phase shift   1 =    0.000   0.000 deg. for the L =   35, J =   34.5 channel.
      34.5  1.00000000  0.00000010i: elastic S-matrix  @@      0.00  0   0 F  0  2  2  T
 Reaction Xsec    34.5-/35 @ 1 =     0.000#, Out:   0.000#


 Total SPIN, PARITY =    35.5 +,      1 chs,      0 cc.  Rmin & Coul turning =    5.6   23.7
   S-matrix    1 =    1.00000   0.00000 for L=   36, J=   35.5 channel on core I =   0.0 from L=   36,  Acc. loss =  0.0 D.
 Elastic phase shift   1 =    0.000   0.000 deg. for the L =   36, J =   35.5 channel.
      35.5  1.00000000  0.00000011i: elastic S-matrix  @@      0.00  0   0 F  0  2  2  T
 Reaction Xsec    35.5+/36 @ 1 =     0.000#, Out:   0.000#


 Total SPIN, PARITY =    35.5 -,      1 chs,      0 cc.  Rmin & Coul turning =    5.6   23.7
   S-matrix    1 =    1.00000   0.00000 for L=   35, J=   35.5 channel on core I =   0.0 from L=   35,  Acc. loss =  0.0 D.
 Elastic phase shift   1 =    0.000   0.000 deg. for the L =   35, J =   35.5 channel.
      35.5  1.00000000  0.00000010i: elastic S-matrix  @@      0.00  0   0 F  0  2  2  T
 Reaction Xsec    35.5-/35 @ 1 =     0.000#, Out:   0.000#


 Total SPIN, PARITY =    36.5 +,      1 chs,      0 cc.  Rmin & Coul turning =    5.7   24.3
   S-matrix    1 =    1.00000   0.00000 for L=   36, J=   36.5 channel on core I =   0.0 from L=   36,  Acc. loss =  0.0 D.
 Elastic phase shift   1 =    0.000   0.000 deg. for the L =   36, J =   36.5 channel.
      36.5  1.00000000  0.00000011i: elastic S-matrix  @@      0.00  0   0 F  0  2  2  T
 Reaction Xsec    36.5+/36 @ 1 =     0.000#, Out:   0.000#


 Total SPIN, PARITY =    36.5 -,      1 chs,      0 cc.  Rmin & Coul turning =    5.7   24.3
   S-matrix    1 =    1.00000   0.00000 for L=   37, J=   36.5 channel on core I =   0.0 from L=   37,  Acc. loss =  0.0 D.
 Elastic phase shift   1 =    0.000   0.000 deg. for the L =   37, J =   36.5 channel.
      36.5  1.00000000  0.00000010i: elastic S-matrix  @@      0.00  0   0 F  0  2  2  T
 Reaction Xsec    36.5-/37 @ 1 =     0.000#, Out:   0.000#

 Finished all CC sets @    8.26219991E-02
0CUMULATIVE REACTION cross section               =       1570.05027  <L> =     7.03  <L**2> =     57.1
0CUMULATIVE  ELASTIC cross section               =          0.00000
0CUMULATIVE outgoing cross sections in partition 1 :    0.00000
0Cumulative ABSORBTION by Imaginary Potentials    =      1570.05027  <L> =     7.03  <L**2> =     57.1
   Fusion for specific projecti M-states :    1570.050268    1570.050268
0CUMULATIVE OUTGOING cross section               =          0.00000
 Strength functions * 10^4 for L=0-2  =   0.21635   0.21949   2.16524 (with r0= 1.35 fm).  R' =   0.146 fm
 To convert to S-factors (MeV.mb = keV.b),  multiply by  2.4838E+03


 CROSS SECTIONS FOR OUTGOING projecti & target   in state #   1 with spins & parities 0.5  + &  0.0  +;  0

     0.01 deg.: X-S =   7.188442E+15 mb/sr,
+                                         /R =   9.999982E-01
     1.00 deg.: X-S =   7.157432E+07 mb/sr,
+                                         /R =   9.956338E-01
     2.00 deg.: X-S =   4.091815E+06 mb/sr,
+                                         /R =   9.105678E-01
     3.00 deg.: X-S =   6.918425E+05 mb/sr,
+                                         /R =   7.792168E-01
     4.00 deg.: X-S =   1.857291E+05 mb/sr,
+                                         /R =   6.608937E-01
     5.00 deg.: X-S =   6.891087E+04 mb/sr,
+                                         /R =   5.983854E-01
     6.00 deg.: X-S =   3.405152E+04 mb/sr,
+                                         /R =   6.127907E-01
     7.00 deg.: X-S =   2.111775E+04 mb/sr,
+                                         /R =   7.035966E-01
     8.00 deg.: X-S =   1.499037E+04 mb/sr,
+                                         /R =   8.513840E-01
     9.00 deg.: X-S =   1.125287E+04 mb/sr,
+                                         /R =   1.022849E+00
    10.00 deg.: X-S =    8509.223577 mb/sr,
+                                         /R =   1.177739E+00
    11.00 deg.: X-S =    6307.869329 mb/sr,
+                                         /R =   1.276877E+00
    12.00 deg.: X-S =    4505.207387 mb/sr,
+                                         /R =   1.290114E+00
    13.00 deg.: X-S =    3053.606933 mb/sr,
+                                         /R =   1.202882E+00
    14.00 deg.: X-S =    1928.088308 mb/sr,
+                                         /R =   1.020187E+00
    15.00 deg.: X-S =    1101.904486 mb/sr,
+                                         /R =   7.672018E-01
    16.00 deg.: X-S =     540.312456 mb/sr,
+                                         /R =   4.862294E-01
    17.00 deg.: X-S =     201.237457 mb/sr,
+                                         /R =   2.304051E-01
    18.00 deg.: X-S =      38.375237 mb/sr,
+                                         /R =   5.512592E-02
    19.00 deg.: X-S =       4.842690 mb/sr,
+                                         /R =   8.619827E-03
    20.00 deg.: X-S =      56.518260 mb/sr,
+                                         /R =   1.232664E-01
    21.00 deg.: X-S =     154.672165 mb/sr,
+                                         /R =   4.091846E-01
    22.00 deg.: X-S =     267.722673 mb/sr,
+                                         /R =   8.512469E-01
    23.00 deg.: X-S =     372.097612 mb/sr,
+                                         /R =   1.410110E+00
    24.00 deg.: X-S =     452.276244 mb/sr,
+                                         /R =   2.027190E+00
    25.00 deg.: X-S =     500.151512 mb/sr,
+                                         /R =   2.632835E+00
    26.00 deg.: X-S =     513.891423 mb/sr,
+                                         /R =   3.156447E+00
    27.00 deg.: X-S =     496.493549 mb/sr,
+                                         /R =   3.536956E+00
    28.00 deg.: X-S =     454.221067 mb/sr,
+                                         /R =   3.732011E+00
    29.00 deg.: X-S =     395.086206 mb/sr,
+                                         /R =   3.724478E+00
    30.00 deg.: X-S =     327.512441 mb/sr,
+                                         /R =   3.525232E+00
    31.00 deg.: X-S =     259.265438 mb/sr,
+                                         /R =   3.171867E+00
    32.00 deg.: X-S =     196.699962 mb/sr,
+                                         /R =   2.723526E+00
    33.00 deg.: X-S =     144.330134 mb/sr,
+                                         /R =   2.252679E+00
    34.00 deg.: X-S =     104.697194 mb/sr,
+                                         /R =   1.835065E+00
    35.00 deg.: X-S =      78.484434 mb/sr,
+                                         /R =   1.539309E+00
    36.00 deg.: X-S =      64.814155 mb/sr,
+                                         /R =   1.417667E+00
    37.00 deg.: X-S =      61.656183 mb/sr,
+                                         /R =   1.499193E+00
    38.00 deg.: X-S =      66.280378 mb/sr,
+                                         /R =   1.786190E+00
    39.00 deg.: X-S =      75.694827 mb/sr,
+                                         /R =   2.254355E+00
    40.00 deg.: X-S =      87.024936 mb/sr,
+                                         /R =   2.856442E+00
    41.00 deg.: X-S =      97.804091 mb/sr,
+                                         /R =   3.528850E+00
    42.00 deg.: X-S =     106.162020 mb/sr,
+                                         /R =   4.200111E+00
    43.00 deg.: X-S =     110.910803 mb/sr,
+                                         /R =   4.800103E+00
    44.00 deg.: X-S =     111.539526 mb/sr,
+                                         /R =   5.268724E+00
    45.00 deg.: X-S =     108.136245 mb/sr,
+                                         /R =   5.562947E+00
    46.00 deg.: X-S =     101.260030 mb/sr,
+                                         /R =   5.661416E+00
    47.00 deg.: X-S =      91.786760 mb/sr,
+                                         /R =   5.566135E+00
    48.00 deg.: X-S =      80.750457 mb/sr,
+                                         /R =   5.301188E+00
    49.00 deg.: X-S =      69.198158 mb/sr,
+                                         /R =   4.908823E+00
    50.00 deg.: X-S =      58.071323 mb/sr,
+                                         /R =   4.443547E+00
    51.00 deg.: X-S =      48.121402 mb/sr,
+                                         /R =   3.965068E+00
    52.00 deg.: X-S =      39.862023 mb/sr,
+                                         /R =   3.531036E+00
    53.00 deg.: X-S =      33.555882 mb/sr,
+                                         /R =   3.190461E+00
    54.00 deg.: X-S =      29.231099 mb/sr,
+                                         /R =   2.978566E+00
    55.00 deg.: X-S =      26.719658 mb/sr,
+                                         /R =   2.913589E+00
    56.00 deg.: X-S =      25.709665 mb/sr,
+                                         /R =   2.995771E+00
    57.00 deg.: X-S =      25.803234 mb/sr,
+                                         /R =   3.208490E+00
    58.00 deg.: X-S =      26.572842 mb/sr,
+                                         /R =   3.521259E+00
    59.00 deg.: X-S =      27.610472 mb/sr,
+                                         /R =   3.894073E+00
    60.00 deg.: X-S =      28.565751 mb/sr,
+                                         /R =   4.282532E+00
    61.00 deg.: X-S =      29.171128 mb/sr,
+                                         /R =   4.643054E+00
    62.00 deg.: X-S =      29.253904 mb/sr,
+                                         /R =   4.937603E+00
    63.00 deg.: X-S =      28.736285 mb/sr,
+                                         /R =   5.137431E+00
    64.00 deg.: X-S =      27.625714 mb/sr,
+                                         /R =   5.225494E+00
    65.00 deg.: X-S =      25.998247 mb/sr,
+                                         /R =   5.197388E+00
    66.00 deg.: X-S =      23.978007 mb/sr,
+                                         /R =   5.060846E+00
    67.00 deg.: X-S =      21.715517 mb/sr,
+                                         /R =   4.833961E+00
    68.00 deg.: X-S =      19.367348 mb/sr,
+                                         /R =   4.542467E+00
    69.00 deg.: X-S =      17.078895 mb/sr,
+                                         /R =   4.216449E+00
    70.00 deg.: X-S =      14.971445 mb/sr,
+                                         /R =   3.886905E+00
    71.00 deg.: X-S =      13.134030 mb/sr,
+                                         /R =   3.582524E+00
    72.00 deg.: X-S =      11.620001 mb/sr,
+                                         /R =   3.327024E+00
    73.00 deg.: X-S =      10.447760 mb/sr,
+                                         /R =   3.137246E+00
    74.00 deg.: X-S =       9.604803 mb/sr,
+                                         /R =   3.022147E+00
    75.00 deg.: X-S =       9.054037 mb/sr,
+                                         /R =   2.982674E+00
    76.00 deg.: X-S =       8.741329 mb/sr,
+                                         /R =   3.012454E+00
    77.00 deg.: X-S =       8.603292 mb/sr,
+                                         /R =   3.099117E+00
    78.00 deg.: X-S =       8.574519 mb/sr,
+                                         /R =   3.226057E+00
    79.00 deg.: X-S =       8.593678 mb/sr,
+                                         /R =   3.374397E+00
    80.00 deg.: X-S =       8.608091 mb/sr,
+                                         /R =   3.524941E+00
    81.00 deg.: X-S =       8.576690 mb/sr,
+                                         /R =   3.659927E+00
    82.00 deg.: X-S =       8.471373 mb/sr,
+                                         /R =   3.764441E+00
    83.00 deg.: X-S =       8.276981 mb/sr,
+                                         /R =   3.827412E+00
    84.00 deg.: X-S =       7.990177 mb/sr,
+                                         /R =   3.842156E+00
    85.00 deg.: X-S =       7.617547 mb/sr,
+                                         /R =   3.806480E+00
    86.00 deg.: X-S =       7.173279 mb/sr,
+                                         /R =   3.722425E+00
    87.00 deg.: X-S =       6.676680 mb/sr,
+                                         /R =   3.595707E+00
    88.00 deg.: X-S =       6.149794 mb/sr,
+                                         /R =   3.434952E+00
    89.00 deg.: X-S =       5.615273 mb/sr,
+                                         /R =   3.250821E+00
    90.00 deg.: X-S =       5.094598 mb/sr,
+                                         /R =   3.055096E+00
    91.00 deg.: X-S =       4.606711 mb/sr,
+                                         /R =   2.859790E+00
    92.00 deg.: X-S =       4.167036 mb/sr,
+                                         /R =   2.676323E+00
    93.00 deg.: X-S =       3.786866 mb/sr,
+                                         /R =   2.514802E+00
    94.00 deg.: X-S =       3.473072 mb/sr,
+                                         /R =   2.383409E+00
    95.00 deg.: X-S =       3.228085 mb/sr,
+                                         /R =   2.287934E+00
    96.00 deg.: X-S =       3.050102 mb/sr,
+                                         /R =   2.231429E+00
    97.00 deg.: X-S =       2.933489 mb/sr,
+                                         /R =   2.214033E+00
    98.00 deg.: X-S =       2.869355 mb/sr,
+                                         /R =   2.232949E+00
    99.00 deg.: X-S =       2.846263 mb/sr,
+                                         /R =   2.282612E+00
   100.00 deg.: X-S =       2.851071 mb/sr,
+                                         /R =   2.355043E+00
   101.00 deg.: X-S =       2.869860 mb/sr,
+                                         /R =   2.440394E+00
   102.00 deg.: X-S =       2.888916 mb/sr,
+                                         /R =   2.527669E+00
   103.00 deg.: X-S =       2.895696 mb/sr,
+                                         /R =   2.605586E+00
   104.00 deg.: X-S =       2.879738 mb/sr,
+                                         /R =   2.663523E+00
   105.00 deg.: X-S =       2.833417 mb/sr,
+                                         /R =   2.692478E+00
   106.00 deg.: X-S =       2.752502 mb/sr,
+                                         /R =   2.685945E+00
   107.00 deg.: X-S =       2.636433 mb/sr,
+                                         /R =   2.640625E+00
   108.00 deg.: X-S =       2.488297 mb/sr,
+                                         /R =   2.556865E+00
   109.00 deg.: X-S =       2.314474 mb/sr,
+                                         /R =   2.438773E+00
   110.00 deg.: X-S =       2.123987 mb/sr,
+                                         /R =   2.293955E+00
   111.00 deg.: X-S =       1.927591 mb/sr,
+                                         /R =   2.132872E+00
   112.00 deg.: X-S =       1.736693 mb/sr,
+                                         /R =   1.967863E+00
   113.00 deg.: X-S =       1.562203 mb/sr,
+                                         /R =   1.811919E+00
   114.00 deg.: X-S =       1.413430 mb/sr,
+                                         /R =   1.677316E+00
   115.00 deg.: X-S =       1.297146 mb/sr,
+                                         /R =   1.574276E+00
   116.00 deg.: X-S =       1.216916 mb/sr,
+                                         /R =   1.509793E+00
   117.00 deg.: X-S =       1.172763 mb/sr,
+                                         /R =   1.486786E+00
   118.00 deg.: X-S =       1.161229 mb/sr,
+                                         /R =   1.503679E+00
   119.00 deg.: X-S =       1.175802 mb/sr,
+                                         /R =   1.554500E+00
   120.00 deg.: X-S =       1.207690 mb/sr,
+                                         /R =   1.629494E+00
   121.00 deg.: X-S =       1.246835 mb/sr,
+                                         /R =   1.716213E+00
   122.00 deg.: X-S =       1.283068 mb/sr,
+                                         /R =   1.800950E+00
   123.00 deg.: X-S =       1.307261 mb/sr,
+                                         /R =   1.870386E+00
   124.00 deg.: X-S =       1.312352 mb/sr,
+                                         /R =   1.913221E+00
   125.00 deg.: X-S =       1.294114 mb/sr,
+                                         /R =   1.921601E+00
   126.00 deg.: X-S =       1.251578 mb/sr,
+                                         /R =   1.892153E+00
   127.00 deg.: X-S =       1.187063 mb/sr,
+                                         /R =   1.826473E+00
   128.00 deg.: X-S =       1.105805 mb/sr,
+                                         /R =   1.730988E+00
   129.00 deg.: X-S =       1.015228 mb/sr,
+                                         /R =   1.616188E+00
   130.00 deg.: X-S =       0.923953 mb/sr,
+                                         /R =   1.495298E+00
   131.00 deg.: X-S =       0.840652 mb/sr,
+                                         /R =   1.382556E+00
   132.00 deg.: X-S =       0.772909 mb/sr,
+                                         /R =   1.291291E+00
   133.00 deg.: X-S =       0.726220 mb/sr,
+                                         /R =   1.232067E+00
   134.00 deg.: X-S =       0.703251 mb/sr,
+                                         /R =   1.211127E+00
   135.00 deg.: X-S =       0.703475 mb/sr,
+                                         /R =   1.229377E+00
   136.00 deg.: X-S =       0.723215 mb/sr,
+                                         /R =   1.282053E+00
   137.00 deg.: X-S =       0.756114 mb/sr,
+                                         /R =   1.359171E+00
   138.00 deg.: X-S =       0.793961 mb/sr,
+                                         /R =   1.446709E+00
   139.00 deg.: X-S =       0.827790 mb/sr,
+                                         /R =   1.528431E+00
   140.00 deg.: X-S =       0.849104 mb/sr,
+                                         /R =   1.588104E+00
   141.00 deg.: X-S =       0.851072 mb/sr,
+                                         /R =   1.611861E+00
   142.00 deg.: X-S =       0.829549 mb/sr,
+                                         /R =   1.590366E+00
   143.00 deg.: X-S =       0.783759 mb/sr,
+                                         /R =   1.520490E+00
   144.00 deg.: X-S =       0.716571 mb/sr,
+                                         /R =   1.406240E+00
   145.00 deg.: X-S =       0.634289 mb/sr,
+                                         /R =   1.258752E+00
   146.00 deg.: X-S =       0.545977 mb/sr,
+                                         /R =   1.095304E+00
   147.00 deg.: X-S =       0.462386 mb/sr,
+                                         /R =   9.374049E-01
   148.00 deg.: X-S =       0.394597 mb/sr,
+                                         /R =   8.081569E-01
   149.00 deg.: X-S =       0.352553 mb/sr,
+                                         /R =   7.291914E-01
   150.00 deg.: X-S =       0.343643 mb/sr,
+                                         /R =   7.175585E-01
   151.00 deg.: X-S =       0.371542 mb/sr,
+                                         /R =   7.829785E-01
   152.00 deg.: X-S =       0.435459 mb/sr,
+                                         /R =   9.258464E-01
   153.00 deg.: X-S =       0.529902 mb/sr,
+                                         /R =   1.136310E+00
   154.00 deg.: X-S =       0.645039 mb/sr,
+                                         /R =   1.394624E+00
   155.00 deg.: X-S =       0.767631 mb/sr,
+                                         /R =   1.672837E+00
   156.00 deg.: X-S =       0.882458 mb/sr,
+                                         /R =   1.937701E+00
   157.00 deg.: X-S =       0.974106 mb/sr,
+                                         /R =   2.154528E+00
   158.00 deg.: X-S =       1.028907 mb/sr,
+                                         /R =   2.291592E+00
   159.00 deg.: X-S =       1.036816 mb/sr,
+                                         /R =   2.324563E+00
   160.00 deg.: X-S =       0.993009 mb/sr,
+                                         /R =   2.240444E+00
   161.00 deg.: X-S =       0.898973 mb/sr,
+                                         /R =   2.040480E+00
   162.00 deg.: X-S =       0.762954 mb/sr,
+                                         /R =   1.741619E+00
   163.00 deg.: X-S =       0.599663 mb/sr,
+                                         /R =   1.376244E+00
   164.00 deg.: X-S =       0.429222 mb/sr,
+                                         /R =   9.900745E-01
   165.00 deg.: X-S =       0.275431 mb/sr,
+                                         /R =   6.383538E-01
   166.00 deg.: X-S =       0.163506 mb/sr,
+                                         /R =   3.806379E-01
   167.00 deg.: X-S =       0.117506 mb/sr,
+                                         /R =   2.746829E-01
   168.00 deg.: X-S =       0.157701 mb/sr,
+                                         /R =   3.700548E-01
   169.00 deg.: X-S =       0.298174 mb/sr,
+                                         /R =   7.021490E-01
   170.00 deg.: X-S =       0.544912 mb/sr,
+                                         /R =   1.287295E+00
   171.00 deg.: X-S =       0.894600 mb/sr,
+                                         /R =   2.119535E+00
   172.00 deg.: X-S =       1.334294 mb/sr,
+                                         /R =   3.169491E+00
   173.00 deg.: X-S =       1.842015 mb/sr,
+                                         /R =   4.385559E+00
   174.00 deg.: X-S =       2.388262 mb/sr,
+                                         /R =   5.697372E+00
   175.00 deg.: X-S =       2.938298 mb/sr,
+                                         /R =   7.021284E+00
   176.00 deg.: X-S =       3.455023 mb/sr,
+                                         /R =   8.267369E+00
   177.00 deg.: X-S =       3.902157 mb/sr,
+                                         /R =   9.347259E+00
   178.00 deg.: X-S =       4.247424 mb/sr,
+                                         /R =   1.018207E+01
   179.00 deg.: X-S =       4.465431 mb/sr,
+                                         /R =   1.070957E+01
   179.99 deg.: X-S =       4.539951 mb/sr,
+                                         /R =   1.088996E+01
                                           Integrated  1.3758E+11 mb, over [   0.000, 180.000] at    50.0000 MeV 
 Finished all xsecs @    8.44310001E-02

  The following files have been created:
   3:local copy of User input.            6:standard output.                   
   7:elastic  S-matrix elements.         13:total cross sections/state.        
  16:tables of cross sections.           17:output scattering waves.           
  34:input optical potentials.           38:cross sections for each J/pi.      
  39:cross sections for each Ecm.        40:all cross sectns. for each Elab.   
  45:scat phase shift as E functions.    56:Fusion for each Jtotal.            
  89:All local couplings.               201:Separate cross sections.           

 PARAMETERS : MAXQRN   MLOC  LMAX1 MCLIST     MFNL  MPWCOUP
    ALLOWED :      1      4     80      6        1        0
    REQUIRED:      0      4     38      4        0        0


 ACCURACY ANALYSIS at    50.000 MeV :

  Elastic h*k = 0.153 so OK       compared with 0.200

   Real(S-el) > 0.01 first at J =       2.5
   Real(S-el) > 0.10 first at J =       2.5
   Real(S-el) > 0.50 first at J =      10.5
   Real(S-el) > 0.90 first at J =      11.5
   Real(S-el) > 0.99 first at J =      12.5
   R-turn =    24.31 fm    at J =      36.5

 Forward-angle excitation cut off below   1.931 deg by max JT =      36.5
                              and below   0.780 deg by max R.

Note: The following floating-point exceptions are signalling: IEEE_DENORMAL
 Total CPU  0 time =       0.08 seconds
