Running on Manuels-MacBook-Pro.local
 FRESCOX - version 7.2-20-ga7f491: Coupled Reaction Channels             on gfortran                      

  Using NAMELIST input

 alpha+c12 -> alpha+c12* @ 100 MeV; nuc def                                                                              

   0.050  20.000   0.500   0.000   0.000   0.000   0.000   0.000   0.000   0.000

 Centre-of-mass Range is    402 * 0.0500 fm., Maximum at  20.00 fm., Interpolating NL forms every  0.50 fm.
 Non - locality width is      4 * 0.0500 fm., Maximum of   0.15 fm., Centred at  0.00 fm.
 2-Nucleon Separation of      0 * 0.5000 fm., Maximum of   0.00 fm., Minimum at  0.00 fm.
 Maximum single particle bins of 20.0000 fm.
               M,Mint =          401         401


 Range of total J is     0.0 <= J <=    40.0 (at least     0.0) and Absorbtion =>     0.0100 mb.
 Dry Run = F, CC set limits =  0  0, Relativistic kinematics =   , Both/Far/Near Analyses =  1                     

 Cross Sections (and up to T0 for 0=projectile) for Theta from   0.0 to 180.0 in steps of  1.0 degrees, DGAM=0, grace=T,  Coordinates = 0 (Mads)

 Lower Radial Cutoff = maximum of -1.60*L*h &       0.0 fm.,  Lower Cutoff for Couplings =   0.0  fm.


 Iterate Couplings between   0 and   0 times, to  0.000 % if sooner.                                          
  Block solved exactly =   2 chs., with Pade = 0 & Isocen =  =0, NOSOL = F, CCREAL = F, initwf =  0
    Small channels are  0.00E+00 and small couplings are  1.00E-12 of unitarity

  NL quadrature with   18 Gaussian points, Calculate multipoles up to    50 from   0
  M-transfers for lp+lt greater than or equal to  6, Angular Integration Cutoff below  2.7778 %


 Trace switches are :  CHANS =  1, LISTCC =  0, TRENEG =  1, CDETR =  0, SMATS =  2, XSTABL =  1, NLPL =  0

                       WAVES =  0, LAMPL =  0, VEFF =  0, KFUS =  0, WDISK =  2, BPM =  0, MELFIL =  0

                       CDCC =  0, NFUS =  0, TCFILE =  0

 Using unit mass = 1.000000 amu and 1/fine-structure constant = 137.03599 ( 1.000000 * true ) with hc = 197.32705 MeV.fm,
  thus 2*amu/hbar^2 = 0.0478450 = 1/20.9008 and Coulomb constant = 0.1574855 so e^2 =  1.43996515, and nuclear magneton= 0.1261183

 Now pre-scan input and save to file 3



 *********** PARTITION NUMBER  1 ******************************************************************************************

   PROJ=projecti   MASS=  4.0000 Z=   2.0,        # STATES=    2T, TARG=target   MASS= 12.0000 Z=   6.0,     Q-VALUE =   0.0000 MeV

   MIXPOT =  0: no couplings (default)

     1:  J= 0.0+ (B# 1), E=  0.0000, K= 0.0              Potl#  1       J= 0.0+ (B# 1), E=  0.0000, K= 0.0    

     2:  J= 0.0+ (B# 1), E=  0.0000, K= 0.0              Potl#  1       J= 2.0+ (B# 1), E=  4.4300, K= 0.0    
                                  (Just State  1)


 ************************************************************************************************************************************

 The following POTENTIALS are defined :

  KP#       TYPE      IT    SHAPE      at     V1        r1        a1        V2        r2        a2        A-in     A-used


                                            A#1       A#2        r0c       ac                                                h @ 1
    1    0=Coulomb       0=CHARGE (WS)  1    12.000     4.000    1.2000    0.0000    0.0000    0.0000     0.000    58.268   0.05000

    1    1=Volume        0=Woods-Saxon  2   40.0000    1.2000    0.6500   10.0000    1.2000    0.5000     0.000    58.268

                                            Def1      Def2      Def3   .....
    1   11=Target defm  10=derivatives  3    0.0000    1.3000    0.0000    0.0000    0.0000    0.0000     0.000     4.652= RADIUS

              At    3 is k =  2 (Potl. beta = 0.27944)
                                     Beta of targ. = 0.47319 (using radius of 2.747 fm.).

 Potential Form at   3 (Q= 2) is
   0.0:   0.0000   0.0000    0.5:  -0.0378  -0.0018    1.0:  -0.0813  -0.0049    1.5:  -0.1740  -0.0134    2.0:  -0.3689  -0.0361
   2.5:  -0.7663  -0.0965    3.0:  -1.5267  -0.2506    3.5:  -2.8013  -0.6053    4.0:  -4.4301  -1.2313    4.5:  -5.5653  -1.7918
   5.0:  -5.2566  -1.6285    5.5:  -3.7887  -0.9608    6.0:  -2.2391  -0.4345    6.5:  -1.1741  -0.1734    7.0:  -0.5777  -0.0658
   7.5:  -0.2754  -0.0245    8.0:  -0.1293  -0.0090    8.5:  -0.0603  -0.0033    9.0:  -0.0280  -0.0012    9.5:  -0.0130  -0.0005
  10.0:  -0.0060  -0.0002   10.5:  -0.0028  -0.0001   11.0:  -0.0013  -0.0000   11.5:  -0.0006  -0.0000   12.0:  -0.0003  -0.0000
  12.5:  -0.0001  -0.0000   13.0:  -0.0001  -0.0000   13.5:  -0.0000  -0.0000   14.0:  -0.0000  -0.0000   14.5:  -0.0000  -0.0000
  15.0:  -0.0000  -0.0000   15.5:  -0.0000  -0.0000   16.0:  -0.0000  -0.0000   16.5:  -0.0000  -0.0000   17.0:  -0.0000  -0.0000
  17.5:  -0.0000  -0.0000   18.0:  -0.0000  -0.0000   18.5:  -0.0000  -0.0000   19.0:  -0.0000  -0.0000   19.5:  -0.0000  -0.0000
  20.0:   0.0000   0.0000

    1    2=Surface       0=Woods-Saxon  4    0.0000    1.2000    0.5000    0.0000    1.2000    0.5000     0.000    58.268

                                            Def1      Def2      Def3   .....
    1   11=Target defm  10=derivatives  5    0.0000    1.3000    0.0000    0.0000    0.0000    0.0000     0.000     1.000= RADIUS

              At    5 is k =  2 (Potl. beta = 1.30000)
                                     Beta of targ. = 2.20137 (using radius of 0.591 fm.).

 Potential Form at   5 (Q= 2) is
   0.0:   0.0000   0.0000    0.5:  -0.0000   0.0000    1.0:  -0.0000   0.0000    1.5:  -0.0000   0.0000    2.0:  -0.0000   0.0000
   2.5:  -0.0000   0.0000    3.0:  -0.0000   0.0000    3.5:  -0.0000   0.0000    4.0:  -0.0000   0.0000    4.5:  -0.0000   0.0000
   5.0:  -0.0000   0.0000    5.5:  -0.0000   0.0000    6.0:  -0.0000   0.0000    6.5:  -0.0000   0.0000    7.0:  -0.0000   0.0000
   7.5:  -0.0000   0.0000    8.0:  -0.0000   0.0000    8.5:  -0.0000   0.0000    9.0:  -0.0000   0.0000    9.5:  -0.0000   0.0000
  10.0:  -0.0000   0.0000   10.5:  -0.0000   0.0000   11.0:  -0.0000   0.0000   11.5:  -0.0000   0.0000   12.0:  -0.0000   0.0000
  12.5:  -0.0000   0.0000   13.0:  -0.0000   0.0000   13.5:  -0.0000   0.0000   14.0:  -0.0000   0.0000   14.5:  -0.0000   0.0000
  15.0:  -0.0000   0.0000   15.5:  -0.0000   0.0000   16.0:  -0.0000   0.0000   16.5:  -0.0000   0.0000   17.0:  -0.0000   0.0000
  17.5:  -0.0000   0.0000   18.0:  -0.0000   0.0000   18.5:  -0.0000   0.0000   19.0:  -0.0000   0.0000   19.5:  -0.0000   0.0000
  20.0:   0.0000   0.0000

    1    3=Projtl S.O.   0=Woods-Saxon  6    0.0000    1.0000    0.6500    0.0000    1.0000    0.6500     0.000    58.268

 Incoming partition  1 in excitation state # 1,   Laboratory Energy given for partition  1 Nucleus 1 in Excitation pair 1

0Lab. ENERGY ranges :

   from    100.000     to   0.00000     in        0 intervals
   from    0.00000     to   0.00000     in        0 intervals
   from    0.00000     to   0.00000     in        0 intervals

 Largest real,imaginary parts of any form factor at R=   19.50 are   7.38E-02  1.27E-12 MeV
 Finished all Couplings @    3.07199964E-03

 Symmetric Hamiltonian
1***********************************************************************************************************************************
************************************************************************************************************************************

        INCOMING projecti ;    LABORATORY projecti ENERGY =   100.00     MeV.

 ***********************************************************************************************************************************
 ***********************************************************************************************************************************

 Allocate arrays for            2  channels, of which            2  need wfs.

 #########################################################################################################################
 #                                                                                                                       #
 # Total SPIN and PARITY =     0.0 +,      2 channels,    2 in 1st block.  Rmin & Coul turning =    0.0 2.304E-01 fm.    #
 #                                                                                                                       #
 #########################################################################################################################



    C Projectl Target   #   EX.   (L  Proj) J  + Targ = Jtotal     E-cm      Re K     Re Eta     RM*K            CH                     G-REL
    1 projecti target   #    1: I   0 0.0    0.0  0.0     0.0    75.00000   3.28103   0.37797   65.6205  -0.34122   0.36745 1 1 1   1  1.00000
    2 projecti target   #    2:     2 0.0    2.0  2.0     0.0    70.57000   3.18265   0.38965   63.6530  -0.30673  -0.39705 1 1 1   2  1.00000
   S-matrix    1 =   -0.14938  -0.01307 for L=    0, J=    0.0 channel on core I =   0.0 from L=    0,  Acc. loss =  0.0 D.
 Elastic phase shift   1 =  -87.499  54.358 deg. for the L =    0, J =    0.0 channel.
       0.0 -0.14937774 -0.01307374i: elastic S-matrix  @@      0.00  0   0 F  0  2  2  T
 Reaction Xsec     0.0+/ 0 @ 1 =     2.853 , Out:   0.000#   0.027    2.826f

 Allocate arrays for            3  channels, of which            3  need wfs.

 Total SPIN, PARITY =     1.0 -,      3 chs,      3 cc.  Rmin & Coul turning =    0.1    0.6
   S-matrix    1 =   -0.11940   0.09264 for L=    1, J=    1.0 channel on core I =   0.0 from L=    1,  Acc. loss =  0.0 D.
 Elastic phase shift   1 =   71.095  54.135 deg. for the L =    1, J =    1.0 channel.
       1.0 -0.11939591  0.09264391i: elastic S-matrix  @@      0.00  0   0 F  0  2  2  T
 Reaction Xsec     1.0-/ 1 @ 1 =     8.555 , Out:   0.000#   0.081    8.473f

 Allocate arrays for            4  channels, of which            4  need wfs.

 Total SPIN, PARITY =     2.0 +,      4 chs,      4 cc.  Rmin & Coul turning =    0.2    0.9
   S-matrix    1 =   -0.07175   0.13566 for L=    2, J=    2.0 channel on core I =   0.0 from L=    2,  Acc. loss =  0.0 D.
 Elastic phase shift   1 =   58.938  53.694 deg. for the L =    2, J =    2.0 channel.
       2.0 -0.07175338  0.13565799i: elastic S-matrix  @@      0.00  0   0 F  0  2  2  T
 Reaction Xsec     2.0+/ 2 @ 1 =    14.248 , Out:   0.000#   0.135   14.113f


 Total SPIN, PARITY =     3.0 -,      4 chs,      4 cc.  Rmin & Coul turning =    0.2    1.2
   S-matrix    1 =   -0.02510   0.15501 for L=    3, J=    3.0 channel on core I =   0.0 from L=    3,  Acc. loss =  0.0 D.
 Elastic phase shift   1 =   49.599  53.036 deg. for the L =    3, J =    3.0 channel.
       3.0 -0.02510188  0.15501373i: elastic S-matrix  @@      0.00  0   0 F  0  2  2  T
 Reaction Xsec     3.0-/ 3 @ 1 =    19.924 , Out:   0.000#   0.189   19.736f


 Total SPIN, PARITY =     4.0 +,      4 chs,      4 cc.  Rmin & Coul turning =    0.3    1.5
   S-matrix    1 =    0.02098   0.16040 for L=    4, J=    4.0 channel on core I =   0.0 from L=    4,  Acc. loss =  0.0 D.
 Elastic phase shift   1 =   41.275  52.184 deg. for the L =    4, J =    4.0 channel.
       4.0  0.02097663  0.16040460i: elastic S-matrix  @@      0.00  0   0 F  0  2  2  T
 Reaction Xsec     4.0+/ 4 @ 1 =    25.577 , Out:   0.000#   0.241   25.337f


 Total SPIN, PARITY =     5.0 -,      4 chs,      4 cc.  Rmin & Coul turning =    0.4    1.8
   S-matrix    1 =    0.06711   0.15382 for L=    5, J=    5.0 channel on core I =   0.0 from L=    5,  Acc. loss =  0.0 D.
 Elastic phase shift   1 =   33.214  51.133 deg. for the L =    5, J =    5.0 channel.
       5.0  0.06710926  0.15381644i: elastic S-matrix  @@      0.00  0   0 F  0  2  2  T
 Reaction Xsec     5.0-/ 5 @ 1 =    31.197 , Out:   0.000#   0.292   30.905f


 Total SPIN, PARITY =     6.0 +,      4 chs,      4 cc.  Rmin & Coul turning =    0.5    2.1
   S-matrix    1 =    0.11244   0.13432 for L=    6, J=    6.0 channel on core I =   0.0 from L=    6,  Acc. loss =  0.0 D.
 Elastic phase shift   1 =   25.034  49.904 deg. for the L =    6, J =    6.0 channel.
       6.0  0.11244129  0.13432411i: elastic S-matrix  @@      0.00  0   0 F  0  2  2  T
 Reaction Xsec     6.0+/ 6 @ 1 =    36.774 , Out:   0.000#   0.342   36.432f


 Total SPIN, PARITY =     7.0 -,      4 chs,      4 cc.  Rmin & Coul turning =    0.6    2.4
   S-matrix    1 =    0.15436   0.09972 for L=    7, J=    7.0 channel on core I =   0.0 from L=    7,  Acc. loss =  0.0 D.
 Elastic phase shift   1 =   16.432  48.532 deg. for the L =    7, J =    7.0 channel.
       7.0  0.15435781  0.09972250i: elastic S-matrix  @@      0.00  0   0 F  0  2  2  T
 Reaction Xsec     7.0-/ 7 @ 1 =    42.296 , Out:   0.000#   0.392   41.904f


 Total SPIN, PARITY =     8.0 +,      4 chs,      4 cc.  Rmin & Coul turning =    0.6    2.7
   S-matrix    1 =    0.18773   0.04815 for L=    8, J=    8.0 channel on core I =   0.0 from L=    8,  Acc. loss =  0.0 D.
 Elastic phase shift   1 =    7.192  47.008 deg. for the L =    8, J =    8.0 channel.
       8.0  0.18773301  0.04814579i: elastic S-matrix  @@      0.00  0   0 F  0  2  2  T
 Reaction Xsec     8.0+/ 8 @ 1 =    47.748 , Out:   0.000#   0.447   47.301f


 Total SPIN, PARITY =     9.0 -,      4 chs,      4 cc.  Rmin & Coul turning =    0.7    3.0
   S-matrix    1 =    0.20402  -0.02047 for L=    9, J=    9.0 channel on core I =   0.0 from L=    9,  Acc. loss =  0.0 D.
 Elastic phase shift   1 =   -2.865  45.394 deg. for the L =    9, J =    9.0 channel.
       9.0  0.20401519 -0.02046825i: elastic S-matrix  @@      0.00  0   0 F  0  2  2  T
 Reaction Xsec     9.0-/ 9 @ 1 =    53.117 , Out:   0.000#   0.512   52.605f


 Total SPIN, PARITY =    10.0 +,      4 chs,      4 cc.  Rmin & Coul turning =    0.8    3.3
   S-matrix    1 =    0.19158  -0.10200 for L=   10, J=   10.0 channel on core I =   0.0 from L=   10,  Acc. loss =  0.0 D.
 Elastic phase shift   1 =  -14.015  43.765 deg. for the L =   10, J =   10.0 channel.
      10.0  0.19157921 -0.10199619i: elastic S-matrix  @@      0.00  0   0 F  0  2  2  T
 Reaction Xsec    10.0+/10 @ 1 =    58.398 , Out:   0.000#   0.608   57.790f


 Total SPIN, PARITY =    11.0 -,      4 chs,      4 cc.  Rmin & Coul turning =    0.9    3.6
   S-matrix    1 =    0.13828  -0.18416 for L=   11, J=   11.0 channel on core I =   0.0 from L=   11,  Acc. loss =  0.0 D.
 Elastic phase shift   1 =  -26.550  42.066 deg. for the L =   11, J =   11.0 channel.
      11.0  0.13827914 -0.18416451i: elastic S-matrix  @@      0.00  0   0 F  0  2  2  T
 Reaction Xsec    11.0-/11 @ 1 =    63.561 , Out:   0.000#   0.780   62.781f


 Total SPIN, PARITY =    12.0 +,      4 chs,      4 cc.  Rmin & Coul turning =    1.0    3.9
   S-matrix    1 =    0.03733  -0.24150 for L=   12, J=   12.0 channel on core I =   0.0 from L=   12,  Acc. loss =  0.0 D.
 Elastic phase shift   1 =  -40.607  40.368 deg. for the L =   12, J =   12.0 channel.
      12.0  0.03732616 -0.24149745i: elastic S-matrix  @@      0.00  0   0 F  0  2  2  T
 Reaction Xsec    12.0+/12 @ 1 =    68.601 , Out:   0.000#   1.097   67.504f


 Total SPIN, PARITY =    13.0 -,      4 chs,      4 cc.  Rmin & Coul turning =    1.0    4.2
   S-matrix    1 =   -0.10126  -0.23421 for L=   13, J=   13.0 channel on core I =   0.0 from L=   13,  Acc. loss =  0.0 D.
 Elastic phase shift   1 =  -56.691  39.129 deg. for the L =   13, J =   13.0 channel.
      13.0 -0.10125942 -0.23420631i: elastic S-matrix  @@      0.00  0   0 F  0  2  2  T
 Reaction Xsec    13.0-/13 @ 1 =    73.664 , Out:   0.000#   1.742   71.922f


 Total SPIN, PARITY =    14.0 +,      4 chs,      4 cc.  Rmin & Coul turning =    1.1    4.5
   S-matrix    1 =   -0.23508  -0.11973 for L=   14, J=   14.0 channel on core I =   0.0 from L=   14,  Acc. loss =  0.0 D.
 Elastic phase shift   1 =  -76.505  38.173 deg. for the L =   14, J =   14.0 channel.
      14.0 -0.23508500 -0.11972665i: elastic S-matrix  @@      0.00  0   0 F  0  2  2  T
 Reaction Xsec    14.0+/14 @ 1 =    78.741 , Out:   0.000#   3.259   75.482f


 Total SPIN, PARITY =    15.0 -,      4 chs,      4 cc.  Rmin & Coul turning =    1.2    4.8
   S-matrix    1 =   -0.28173   0.11258 for L=   15, J=   15.0 channel on core I =   0.0 from L=   15,  Acc. loss =  0.0 D.
 Elastic phase shift   1 =   79.109  34.169 deg. for the L =   15, J =   15.0 channel.
      15.0 -0.28173377  0.11257822i: elastic S-matrix  @@      0.00  0   0 F  0  2  2  T
 Reaction Xsec    15.0-/15 @ 1 =    82.140 , Out:   0.000#   6.264   75.876f


 Total SPIN, PARITY =    16.0 +,      4 chs,      4 cc.  Rmin & Coul turning =    1.2    5.1
   S-matrix    1 =   -0.15410   0.39502 for L=   16, J=   16.0 channel on core I =   0.0 from L=   16,  Acc. loss =  0.0 D.
 Elastic phase shift   1 =   55.656  24.580 deg. for the L =   16, J =   16.0 channel.
      16.0 -0.15409862  0.39501873i: elastic S-matrix  @@      0.00  0   0 F  0  2  2  T
 Reaction Xsec    16.0+/16 @ 1 =    78.990 , Out:   0.000#   9.656   69.333f


 Total SPIN, PARITY =    17.0 -,      4 chs,      4 cc.  Rmin & Coul turning =    1.4    5.4
   S-matrix    1 =    0.15186   0.58125 for L=   17, J=   17.0 channel on core I =   0.0 from L=   17,  Acc. loss =  0.1 D.
 Elastic phase shift   1 =   37.679  14.598 deg. for the L =   17, J =   17.0 channel.
      17.0  0.15186410  0.58125048i: elastic S-matrix  @@      0.00  0   0 F  0  2  2  T
 Reaction Xsec    17.0-/17 @ 1 =    65.277 , Out:   0.000#  11.037   54.240f


 Total SPIN, PARITY =    18.0 +,      4 chs,      4 cc.  Rmin & Coul turning =    1.4    5.8
   S-matrix    1 =    0.48832   0.57785 for L=   18, J=   18.0 channel on core I =   0.0 from L=   18,  Acc. loss =  0.0 D.
 Elastic phase shift   1 =   24.900   7.993 deg. for the L =   18, J =   18.0 channel.
      18.0  0.48831787  0.57784540i: elastic S-matrix  @@      0.00  0   0 F  0  2  2  T
 Reaction Xsec    18.0+/18 @ 1 =    46.175 , Out:   0.000#  10.048   36.127f


 Total SPIN, PARITY =    19.0 -,      4 chs,      4 cc.  Rmin & Coul turning =    1.5    6.1
   S-matrix    1 =    0.72643   0.46540 for L=   19, J=   19.0 channel on core I =   0.0 from L=   19,  Acc. loss =  0.1 D.
 Elastic phase shift   1 =   16.323   4.230 deg. for the L =   19, J =   19.0 channel.
      19.0  0.72643029  0.46539776i: elastic S-matrix  @@      0.00  0   0 F  0  2  2  T
 Reaction Xsec    19.0-/19 @ 1 =    29.103 , Out:   0.000#   7.309   21.793f


 Total SPIN, PARITY =    20.0 +,      4 chs,      4 cc.  Rmin & Coul turning =    1.6    6.4
   S-matrix    1 =    0.86594   0.33570 for L=   20, J=   20.0 channel on core I =   0.0 from L=   20,  Acc. loss =  0.1 D.
 Elastic phase shift   1 =   10.595   2.118 deg. for the L =   20, J =   20.0 channel.
      20.0  0.86593560  0.33570482i: elastic S-matrix  @@      0.00  0   0 F  0  2  2  T
 Reaction Xsec    20.0+/20 @ 1 =    16.447 , Out:   0.000#   4.090   12.357f


 Total SPIN, PARITY =    21.0 -,      4 chs,      4 cc.  Rmin & Coul turning =    1.7    6.7
   S-matrix    1 =    0.93787   0.22627 for L=   21, J=   21.0 channel on core I =   0.0 from L=   21,  Acc. loss =  0.0 D.
 Elastic phase shift   1 =    6.782   1.027 deg. for the L =   21, J =   21.0 channel.
      21.0  0.93787398  0.22627395i: elastic S-matrix  @@      0.00  0   0 F  0  2  2  T
 Reaction Xsec    21.0-/21 @ 1 =     8.683 , Out:   0.000#   1.901    6.782f


 Total SPIN, PARITY =    22.0 +,      4 chs,      4 cc.  Rmin & Coul turning =    1.8    7.0
   S-matrix    1 =    0.97150   0.14730 for L=   22, J=   22.0 channel on core I =   0.0 from L=   22,  Acc. loss =  0.1 D.
 Elastic phase shift   1 =    4.311   0.503 deg. for the L =   22, J =   22.0 channel.
      22.0  0.97150301  0.14730462i: elastic S-matrix  @@      0.00  0   0 F  0  2  2  T
 Reaction Xsec    22.0+/22 @ 1 =     4.528 , Out:   0.000#   0.815    3.714f


 Total SPIN, PARITY =    23.0 -,      4 chs,      4 cc.  Rmin & Coul turning =    1.8    7.3
   S-matrix    1 =    0.98671   0.09455 for L=   23, J=   23.0 channel on core I =   0.0 from L=   23,  Acc. loss =  0.0 D.
 Elastic phase shift   1 =    2.737   0.252 deg. for the L =   23, J =   23.0 channel.
      23.0  0.98670592  0.09455393i: elastic S-matrix  @@      0.00  0   0 F  0  2  2  T
 Reaction Xsec    23.0-/23 @ 1 =     2.396 , Out:   0.000#   0.340    2.056f


 Total SPIN, PARITY =    24.0 +,      4 chs,      4 cc.  Rmin & Coul turning =    1.9    7.6
   S-matrix    1 =    0.99363   0.06040 for L=   24, J=   24.0 channel on core I =   0.0 from L=   24,  Acc. loss =  0.1 D.
 Elastic phase shift   1 =    1.739   0.130 deg. for the L =   24, J =   24.0 channel.
      24.0  0.99363300  0.06039790i: elastic S-matrix  @@      0.00  0   0 F  0  2  2  T
 Reaction Xsec    24.0+/24 @ 1 =     1.293 , Out:   0.000#   0.141    1.152f


 Total SPIN, PARITY =    25.0 -,      4 chs,      4 cc.  Rmin & Coul turning =    2.0    7.9
   S-matrix    1 =    0.99687   0.03853 for L=   25, J=   25.0 channel on core I =   0.0 from L=   25,  Acc. loss =  0.0 D.
 Elastic phase shift   1 =    1.107   0.069 deg. for the L =   25, J =   25.0 channel.
      25.0  0.99686611  0.03852540i: elastic S-matrix  @@      0.00  0   0 F  0  2  2  T
 Reaction Xsec    25.0-/25 @ 1 =     0.710 , Out:   0.000#   0.059    0.652f


 Total SPIN, PARITY =    26.0 +,      4 chs,      4 cc.  Rmin & Coul turning =    2.1    8.2
   S-matrix    1 =    0.99842   0.02457 for L=   26, J=   26.0 channel on core I =   0.0 from L=   26,  Acc. loss =  0.0 D.
 Elastic phase shift   1 =    0.705   0.037 deg. for the L =   26, J =   26.0 channel.
      26.0  0.99841836  0.02456715i: elastic S-matrix  @@      0.00  0   0 F  0  2  2  T
 Reaction Xsec    26.0+/26 @ 1 =     0.396 , Out:   0.000#   0.024    0.371f


 Total SPIN, PARITY =    27.0 -,      4 chs,      4 cc.  Rmin & Coul turning =    2.1    8.5
   S-matrix    1 =    0.99918   0.01567 for L=   27, J=   27.0 channel on core I =   0.0 from L=   27,  Acc. loss =  0.0 D.
 Elastic phase shift   1 =    0.449   0.020 deg. for the L =   27, J =   27.0 channel.
      27.0  0.99918439  0.01566650i: elastic S-matrix  @@      0.00  0   0 F  0  2  2  T
 Reaction Xsec    27.0-/27 @ 1 =     0.222 , Out:   0.000#   0.010    0.212f


 Total SPIN, PARITY =    28.0 +,      4 chs,      4 cc.  Rmin & Coul turning =    2.2    8.8
   S-matrix    1 =    0.99957   0.00999 for L=   28, J=   28.0 channel on core I =   0.0 from L=   28,  Acc. loss =  0.0 D.
 Elastic phase shift   1 =    0.286   0.011 deg. for the L =   28, J =   28.0 channel.
      28.0  0.99957188  0.00999072i: elastic S-matrix  @@      0.00  0   0 F  0  2  2  T
 Reaction Xsec    28.0+/28 @ 1 =     0.126 , Out:   0.000#   4.248/   0.122f


 Total SPIN, PARITY =    29.0 -,      4 chs,      4 cc.  Rmin & Coul turning =    2.3    9.1
   S-matrix    1 =    0.99977   0.00637 for L=   29, J=   29.0 channel on core I =   0.0 from L=   29,  Acc. loss =  0.0 D.
 Elastic phase shift   1 =    0.183   0.006 deg. for the L =   29, J =   29.0 channel.
      29.0  0.99977207  0.00637087i: elastic S-matrix  @@      0.00  0   0 F  0  2  2  T
 Reaction Xsec    29.0-/29 @ 1 =     0.071 , Out:   0.000#   1.770/   0.070f


 Total SPIN, PARITY =    30.0 +,      4 chs,      4 cc.  Rmin & Coul turning =    2.4    9.4
   S-matrix    1 =    0.99988   0.00406 for L=   30, J=   30.0 channel on core I =   0.0 from L=   30,  Acc. loss =  0.0 D.
 Elastic phase shift   1 =    0.116   0.003 deg. for the L =   30, J =   30.0 channel.
      30.0  0.99987731  0.00406200i: elastic S-matrix  @@      0.00  0   0 F  0  2  2  T
 Reaction Xsec    30.0+/30 @ 1 =     0.041 , Out:   0.000#   0.737/   0.040f


 Total SPIN, PARITY =    31.0 -,      4 chs,      4 cc.  Rmin & Coul turning =    2.5    9.7
   S-matrix    1 =    0.99993   0.00259 for L=   31, J=   31.0 channel on core I =   0.0 from L=   31,  Acc. loss =  0.0 D.
 Elastic phase shift   1 =    0.074   0.002 deg. for the L =   31, J =   31.0 channel.
      31.0  0.99993340  0.00258931i: elastic S-matrix  @@      0.00  0   0 F  0  2  2  T
 Reaction Xsec    31.0-/31 @ 1 =     0.023 , Out:   0.000#   0.306/   0.023f


 Total SPIN, PARITY =    32.0 +,      4 chs,      4 cc.  Rmin & Coul turning =    2.6   10.0
   S-matrix    1 =    0.99996   0.00165 for L=   32, J=   32.0 channel on core I =   0.0 from L=   32,  Acc. loss =  0.0 D.
 Elastic phase shift   1 =    0.047   0.001 deg. for the L =   32, J =   32.0 channel.
      32.0  0.99996362  0.00165017i: elastic S-matrix  @@      0.00  0   0 F  0  2  2  T
 Reaction Xsec    32.0+/32 @ 1 =     0.013 , Out:   0.000#   0.127/   0.013f


 Total SPIN, PARITY =    33.0 -,      4 chs,      4 cc.  Rmin & Coul turning =    2.6   10.3
   S-matrix    1 =    0.99998   0.00105 for L=   33, J=   33.0 channel on core I =   0.0 from L=   33,  Acc. loss =  0.0 D.
 Elastic phase shift   1 =    0.030   0.001 deg. for the L =   33, J =   33.0 channel.
      33.0  0.99998004  0.00105136i: elastic S-matrix  @@      0.00  0   0 F  0  2  2  T
 Reaction Xsec    33.0-/33 @ 1 =     7.590/, Out:   0.000#   0.053/   0.008f


 Total SPIN, PARITY =    34.0 +,      4 chs,      4 cc.  Rmin & Coul turning =    2.7   10.6
   S-matrix    1 =    0.99999   0.00067 for L=   34, J=   34.0 channel on core I =   0.0 from L=   34,  Acc. loss =  0.0 D.
 Elastic phase shift   1 =    0.019   0.000 deg. for the L =   34, J =   34.0 channel.
      34.0  0.99998901  0.00066961i: elastic S-matrix  @@      0.00  0   0 F  0  2  2  T
 Reaction Xsec    34.0+/34 @ 1 =     4.336/, Out:   0.000#   0.022/   0.004f


 Total SPIN, PARITY =    35.0 -,      4 chs,      4 cc.  Rmin & Coul turning =    2.8   10.9
   S-matrix    1 =    0.99999   0.00043 for L=   35, J=   35.0 channel on core I =   0.0 from L=   35,  Acc. loss =  0.0 D.
 Elastic phase shift   1 =    0.012   0.000 deg. for the L =   35, J =   35.0 channel.
      35.0  0.99999393  0.00042638i: elastic S-matrix  @@      0.00  0   0 F  0  2  2  T
 Reaction Xsec    35.0-/35 @ 1 =     2.476/, Out:   0.000#   8.998#   0.002f


 Total SPIN, PARITY =    36.0 +,      4 chs,      4 cc.  Rmin & Coul turning =    2.9   11.2
   S-matrix    1 =    1.00000   0.00027 for L=   36, J=   36.0 channel on core I =   0.0 from L=   36,  Acc. loss =  0.0 D.
 Elastic phase shift   1 =    0.008   0.000 deg. for the L =   36, J =   36.0 channel.
      36.0  0.99999665  0.00027144i: elastic S-matrix  @@      0.00  0   0 F  0  2  2  T
 Reaction Xsec    36.0+/36 @ 1 =     1.413/, Out:   0.000#   3.710#   0.001f


 Total SPIN, PARITY =    37.0 -,      4 chs,      4 cc.  Rmin & Coul turning =    3.0   11.5
   S-matrix    1 =    1.00000   0.00017 for L=   37, J=   37.0 channel on core I =   0.0 from L=   37,  Acc. loss =  0.0 D.
 Elastic phase shift   1 =    0.005   0.000 deg. for the L =   37, J =   37.0 channel.
      37.0  0.99999814  0.00017270i: elastic S-matrix  @@      0.00  0   0 F  0  2  2  T
 Reaction Xsec    37.0-/37 @ 1 =     0.806/, Out:   0.000#   1.527#   0.001f


 Total SPIN, PARITY =    38.0 +,      4 chs,      4 cc.  Rmin & Coul turning =    3.0   11.8
   S-matrix    1 =    1.00000   0.00011 for L=   38, J=   38.0 channel on core I =   0.0 from L=   38,  Acc. loss =  0.0 D.
 Elastic phase shift   1 =    0.003   0.000 deg. for the L =   38, J =   38.0 channel.
      38.0  0.99999897  0.00010986i: elastic S-matrix  @@      0.00  0   0 F  0  2  2  T
 Reaction Xsec    38.0+/38 @ 1 =     0.459/, Out:   0.000#   0.628#   0.000f


 Total SPIN, PARITY =    39.0 -,      4 chs,      4 cc.  Rmin & Coul turning =    3.1   12.2
   S-matrix    1 =    1.00000   0.00007 for L=   39, J=   39.0 channel on core I =   0.0 from L=   39,  Acc. loss =  0.0 D.
 Elastic phase shift   1 =    0.002   0.000 deg. for the L =   39, J =   39.0 channel.
      39.0  0.99999943  0.00006991i: elastic S-matrix  @@      0.00  0   0 F  0  2  2  T
 Reaction Xsec    39.0-/39 @ 1 =     0.261/, Out:   0.000#   0.258#   0.000f


 Total SPIN, PARITY =    40.0 +,      4 chs,      4 cc.  Rmin & Coul turning =    3.2   12.5
   S-matrix    1 =    1.00000   0.00004 for L=   40, J=   40.0 channel on core I =   0.0 from L=   40,  Acc. loss =  0.0 D.
 Elastic phase shift   1 =    0.001   0.000 deg. for the L =   40, J =   40.0 channel.
      40.0  0.99999968  0.00004444i: elastic S-matrix  @@      0.00  0   0 F  0  2  2  T
 Reaction Xsec    40.0+/40 @ 1 =     0.149/, Out:   0.000#   0.106#   0.000f

 Finished all CC sets @    4.02069986E-02
0CUMULATIVE REACTION cross section               =        961.90603  <L> =    12.09  <L**2> =    168.7
0CUMULATIVE  ELASTIC cross section               =          0.00000
0CUMULATIVE outgoing cross sections in partition 1 :    0.00000   61.84544
0Cumulative ABSORBTION by Imaginary Potentials    =       900.06059  <L> =    11.78  <L**2> =    160.8
   Fusion for specific projecti M-states :     900.060586
0CUMULATIVE OUTGOING cross section               =         61.84544
 Strength functions * 10^4 for L=0-2  =   0.08982   0.09066   0.89986 (with r0= 1.35 fm).  R' =   0.011 fm
 To convert to S-factors (MeV.mb = keV.b),  multiply by  8.0618E+02


 CROSS SECTIONS FOR OUTGOING projecti & target   in state #   1 with spins & parities 0.0  + &  0.0  +;  0

     0.01 deg.: X-S =   5.720591E+14 mb/sr,
+                                         /R =   1.000015E+00
     1.00 deg.: X-S =   4.878393E+06 mb/sr,
+                                         /R =   8.527471E-01
     2.00 deg.: X-S =   2.105361E+05 mb/sr,
+                                         /R =   5.887406E-01
     3.00 deg.: X-S =   4.083137E+04 mb/sr,
+                                         /R =   5.778913E-01
     4.00 deg.: X-S =   2.225933E+04 mb/sr,
+                                         /R =   9.953245E-01
     5.00 deg.: X-S =   1.585906E+04 mb/sr,
+                                         /R =   1.730501E+00
     6.00 deg.: X-S =   1.076952E+04 mb/sr,
+                                         /R =   2.435415E+00
     7.00 deg.: X-S =    6486.981376 mb/sr,
+                                         /R =   2.715938E+00
     8.00 deg.: X-S =    3323.456805 mb/sr,
+                                         /R =   2.371943E+00
     9.00 deg.: X-S =    1355.078540 mb/sr,
+                                         /R =   1.547796E+00
    10.00 deg.: X-S =     401.815623 mb/sr,
+                                         /R =   6.988547E-01
    11.00 deg.: X-S =     150.513333 mb/sr,
+                                         /R =   3.828622E-01
    12.00 deg.: X-S =     273.421643 mb/sr,
+                                         /R =   9.838915E-01
    13.00 deg.: X-S =     507.735984 mb/sr,
+                                         /R =   2.513327E+00
    14.00 deg.: X-S =     690.268594 mb/sr,
+                                         /R =   4.589571E+00
    15.00 deg.: X-S =     754.808318 mb/sr,
+                                         /R =   6.603944E+00
    16.00 deg.: X-S =     706.389449 mb/sr,
+                                         /R =   7.988063E+00
    17.00 deg.: X-S =     587.621910 mb/sr,
+                                         /R =   8.454392E+00
    18.00 deg.: X-S =     448.909904 mb/sr,
+                                         /R =   8.103358E+00
    19.00 deg.: X-S =     329.031425 mb/sr,
+                                         /R =   7.359535E+00
    20.00 deg.: X-S =     247.318710 mb/sr,
+                                         /R =   6.778193E+00
    21.00 deg.: X-S =     204.996179 mb/sr,
+                                         /R =   6.814814E+00
    22.00 deg.: X-S =     191.593650 mb/sr,
+                                         /R =   7.655130E+00
    23.00 deg.: X-S =     192.488062 mb/sr,
+                                         /R =   9.166448E+00
    24.00 deg.: X-S =     194.845627 mb/sr,
+                                         /R =   1.097444E+01
    25.00 deg.: X-S =     190.780469 mb/sr,
+                                         /R =   1.261993E+01
    26.00 deg.: X-S =     177.840501 mb/sr,
+                                         /R =   1.372647E+01
    27.00 deg.: X-S =     157.689926 mb/sr,
+                                         /R =   1.411630E+01
    28.00 deg.: X-S =     134.062467 mb/sr,
+                                         /R =   1.384153E+01
    29.00 deg.: X-S =     110.865031 mb/sr,
+                                         /R =   1.313316E+01
    30.00 deg.: X-S =      90.932179 mb/sr,
+                                         /R =   1.229925E+01
    31.00 deg.: X-S =      75.552066 mb/sr,
+                                         /R =   1.161496E+01
    32.00 deg.: X-S =      64.615374 mb/sr,
+                                         /R =   1.124253E+01
    33.00 deg.: X-S =      57.114762 mb/sr,
+                                         /R =   1.120190E+01
    34.00 deg.: X-S =      51.722752 mb/sr,
+                                         /R =   1.139198E+01
    35.00 deg.: X-S =      47.253677 mb/sr,
+                                         /R =   1.164606E+01
    36.00 deg.: X-S =      42.919773 mb/sr,
+                                         /R =   1.179676E+01
    37.00 deg.: X-S =      38.383539 mb/sr,
+                                         /R =   1.172808E+01
    38.00 deg.: X-S =      33.666309 mb/sr,
+                                         /R =   1.140090E+01
    39.00 deg.: X-S =      28.992078 mb/sr,
+                                         /R =   1.085017E+01
    40.00 deg.: X-S =      24.634525 mb/sr,
+                                         /R =   1.016078E+01
    41.00 deg.: X-S =      20.808422 mb/sr,
+                                         /R =   9.434445E+00
    42.00 deg.: X-S =      17.618355 mb/sr,
+                                         /R =   8.759071E+00
    43.00 deg.: X-S =      15.057025 mb/sr,
+                                         /R =   8.188738E+00
    44.00 deg.: X-S =      13.035125 mb/sr,
+                                         /R =   7.737362E+00
    45.00 deg.: X-S =      11.423440 mb/sr,
+                                         /R =   7.384679E+00
    46.00 deg.: X-S =      10.091816 mb/sr,
+                                         /R =   7.090182E+00
    47.00 deg.: X-S =       8.935840 mb/sr,
+                                         /R =   6.809420E+00
    48.00 deg.: X-S =       7.888351 mb/sr,
+                                         /R =   6.507519E+00
    49.00 deg.: X-S =       6.917810 mb/sr,
+                                         /R =   6.166695E+00
    50.00 deg.: X-S =       6.018489 mb/sr,
+                                         /R =   5.787041E+00
    51.00 deg.: X-S =       5.198066 mb/sr,
+                                         /R =   5.382143E+00
    52.00 deg.: X-S =       4.466955 mb/sr,
+                                         /R =   4.972279E+00
    53.00 deg.: X-S =       3.831527 mb/sr,
+                                         /R =   4.577810E+00
    54.00 deg.: X-S =       3.291354 mb/sr,
+                                         /R =   4.214418E+00
    55.00 deg.: X-S =       2.839411 mb/sr,
+                                         /R =   3.890691E+00
    56.00 deg.: X-S =       2.463944 mb/sr,
+                                         /R =   3.607813E+00
    57.00 deg.: X-S =       2.150930 mb/sr,
+                                         /R =   3.360887E+00
    58.00 deg.: X-S =       1.886478 mb/sr,
+                                         /R =   3.141325E+00
    59.00 deg.: X-S =       1.658681 mb/sr,
+                                         /R =   2.939641E+00
    60.00 deg.: X-S =       1.458642 mb/sr,
+                                         /R =   2.747925E+00
    61.00 deg.: X-S =       1.280589 mb/sr,
+                                         /R =   2.561305E+00
    62.00 deg.: X-S =       1.121263 mb/sr,
+                                         /R =   2.378159E+00
    63.00 deg.: X-S =       0.978980 mb/sr,
+                                         /R =   2.199331E+00
    64.00 deg.: X-S =       0.852774 mb/sr,
+                                         /R =   2.026976E+00
    65.00 deg.: X-S =       0.741836 mb/sr,
+                                         /R =   1.863588E+00
    66.00 deg.: X-S =       0.645271 mb/sr,
+                                         /R =   1.711407E+00
    67.00 deg.: X-S =       0.562013 mb/sr,
+                                         /R =   1.572101E+00
    68.00 deg.: X-S =       0.490792 mb/sr,
+                                         /R =   1.446506E+00
    69.00 deg.: X-S =       0.430130 mb/sr,
+                                         /R =   1.334404E+00
    70.00 deg.: X-S =       0.378400 mb/sr,
+                                         /R =   1.234502E+00
    71.00 deg.: X-S =       0.333976 mb/sr,
+                                         /R =   1.144743E+00
    72.00 deg.: X-S =       0.295415 mb/sr,
+                                         /R =   1.062877E+00
    73.00 deg.: X-S =       0.261577 mb/sr,
+                                         /R =   9.870207E-01
    74.00 deg.: X-S =       0.231649 mb/sr,
+                                         /R =   9.159211E-01
    75.00 deg.: X-S =       0.205062 mb/sr,
+                                         /R =   8.488851E-01
    76.00 deg.: X-S =       0.181396 mb/sr,
+                                         /R =   7.855481E-01
    77.00 deg.: X-S =       0.160323 mb/sr,
+                                         /R =   7.257204E-01
    78.00 deg.: X-S =       0.141586 mb/sr,
+                                         /R =   6.693947E-01
    79.00 deg.: X-S =       0.125005 mb/sr,
+                                         /R =   6.168012E-01
    80.00 deg.: X-S =       0.110449 mb/sr,
+                                         /R =   5.683409E-01
    81.00 deg.: X-S =       0.097785 mb/sr,
+                                         /R =   5.243554E-01
    82.00 deg.: X-S =       0.086832 mb/sr,
+                                         /R =   4.848724E-01
    83.00 deg.: X-S =       0.077359 mb/sr,
+                                         /R =   4.495158E-01
    84.00 deg.: X-S =       0.069118 mb/sr,
+                                         /R =   4.176477E-01
    85.00 deg.: X-S =       0.061890 mb/sr,
+                                         /R =   3.886236E-01
    86.00 deg.: X-S =       0.055508 mb/sr,
+                                         /R =   3.619664E-01
    87.00 deg.: X-S =       0.049850 mb/sr,
+                                         /R =   3.373588E-01
    88.00 deg.: X-S =       0.044812 mb/sr,
+                                         /R =   3.145226E-01
    89.00 deg.: X-S =       0.040295 mb/sr,
+                                         /R =   2.931419E-01
    90.00 deg.: X-S =       0.036217 mb/sr,
+                                         /R =   2.729173E-01
    91.00 deg.: X-S =       0.032521 mb/sr,
+                                         /R =   2.536967E-01
    92.00 deg.: X-S =       0.029185 mb/sr,
+                                         /R =   2.355407E-01
    93.00 deg.: X-S =       0.026200 mb/sr,
+                                         /R =   2.186424E-01
    94.00 deg.: X-S =       0.023558 mb/sr,
+                                         /R =   2.031547E-01
    95.00 deg.: X-S =       0.021228 mb/sr,
+                                         /R =   1.890663E-01
    96.00 deg.: X-S =       0.019168 mb/sr,
+                                         /R =   1.762208E-01
    97.00 deg.: X-S =       0.017339 mb/sr,
+                                         /R =   1.644434E-01
    98.00 deg.: X-S =       0.015712 mb/sr,
+                                         /R =   1.536486E-01
    99.00 deg.: X-S =       0.014272 mb/sr,
+                                         /R =   1.438320E-01
   100.00 deg.: X-S =       0.013002 mb/sr,
+                                         /R =   1.349641E-01
   101.00 deg.: X-S =       0.011876 mb/sr,
+                                         /R =   1.269018E-01
   102.00 deg.: X-S =       0.010860 mb/sr,
+                                         /R =   1.194064E-01
   103.00 deg.: X-S =       0.009928 mb/sr,
+                                         /R =   1.122588E-01
   104.00 deg.: X-S =       0.009066 mb/sr,
+                                         /R =   1.053675E-01
   105.00 deg.: X-S =       0.008272 mb/sr,
+                                         /R =   9.877653E-02
   106.00 deg.: X-S =       0.007550 mb/sr,
+                                         /R =   9.257420E-02
   107.00 deg.: X-S =       0.006896 mb/sr,
+                                         /R =   8.679204E-02
   108.00 deg.: X-S =       0.006303 mb/sr,
+                                         /R =   8.138533E-02
   109.00 deg.: X-S =       0.005762 mb/sr,
+                                         /R =   7.630068E-02
   110.00 deg.: X-S =       0.005272 mb/sr,
+                                         /R =   7.155193E-02
   111.00 deg.: X-S =       0.004834 mb/sr,
+                                         /R =   6.721979E-02
   112.00 deg.: X-S =       0.004450 mb/sr,
+                                         /R =   6.336904E-02
   113.00 deg.: X-S =       0.004114 mb/sr,
+                                         /R =   5.996062E-02
   114.00 deg.: X-S =       0.003812 mb/sr,
+                                         /R =   5.684466E-02
   115.00 deg.: X-S =       0.003531 mb/sr,
+                                         /R =   5.384710E-02
   116.00 deg.: X-S =       0.003263 mb/sr,
+                                         /R =   5.087682E-02
   117.00 deg.: X-S =       0.003011 mb/sr,
+                                         /R =   4.796401E-02
   118.00 deg.: X-S =       0.002778 mb/sr,
+                                         /R =   4.520460E-02
   119.00 deg.: X-S =       0.002568 mb/sr,
+                                         /R =   4.266819E-02
   120.00 deg.: X-S =       0.002380 mb/sr,
+                                         /R =   4.035144E-02
   121.00 deg.: X-S =       0.002209 mb/sr,
+                                         /R =   3.820725E-02
   122.00 deg.: X-S =       0.002053 mb/sr,
+                                         /R =   3.620584E-02
   123.00 deg.: X-S =       0.001911 mb/sr,
+                                         /R =   3.435800E-02
   124.00 deg.: X-S =       0.001784 mb/sr,
+                                         /R =   3.267621E-02
   125.00 deg.: X-S =       0.001668 mb/sr,
+                                         /R =   3.111815E-02
   126.00 deg.: X-S =       0.001557 mb/sr,
+                                         /R =   2.958042E-02
   127.00 deg.: X-S =       0.001446 mb/sr,
+                                         /R =   2.796381E-02
   128.00 deg.: X-S =       0.001335 mb/sr,
+                                         /R =   2.625918E-02
   129.00 deg.: X-S =       0.001229 mb/sr,
+                                         /R =   2.457658E-02
   130.00 deg.: X-S =       0.001135 mb/sr,
+                                         /R =   2.308515E-02
   131.00 deg.: X-S =       0.001060 mb/sr,
+                                         /R =   2.190766E-02
   132.00 deg.: X-S =       0.001003 mb/sr,
+                                         /R =   2.104949E-02
   133.00 deg.: X-S =       0.000957 mb/sr,
+                                         /R =   2.040902E-02
   134.00 deg.: X-S =       0.000917 mb/sr,
+                                         /R =   1.984684E-02
   135.00 deg.: X-S =       0.000877 mb/sr,
+                                         /R =   1.925086E-02
   136.00 deg.: X-S =       0.000833 mb/sr,
+                                         /R =   1.855416E-02
   137.00 deg.: X-S =       0.000784 mb/sr,
+                                         /R =   1.771730E-02
   138.00 deg.: X-S =       0.000730 mb/sr,
+                                         /R =   1.672046E-02
   139.00 deg.: X-S =       0.000672 mb/sr,
+                                         /R =   1.559026E-02
   140.00 deg.: X-S =       0.000614 mb/sr,
+                                         /R =   1.443515E-02
   141.00 deg.: X-S =       0.000565 mb/sr,
+                                         /R =   1.343552E-02
   142.00 deg.: X-S =       0.000530 mb/sr,
+                                         /R =   1.276511E-02
   143.00 deg.: X-S =       0.000512 mb/sr,
+                                         /R =   1.248394E-02
   144.00 deg.: X-S =       0.000506 mb/sr,
+                                         /R =   1.248060E-02
   145.00 deg.: X-S =       0.000502 mb/sr,
+                                         /R =   1.251406E-02
   146.00 deg.: X-S =       0.000489 mb/sr,
+                                         /R =   1.233295E-02
   147.00 deg.: X-S =       0.000463 mb/sr,
+                                         /R =   1.179608E-02
   148.00 deg.: X-S =       0.000424 mb/sr,
+                                         /R =   1.092463E-02
   149.00 deg.: X-S =       0.000380 mb/sr,
+                                         /R =   9.872943E-03
   150.00 deg.: X-S =       0.000338 mb/sr,
+                                         /R =   8.857729E-03
   151.00 deg.: X-S =       0.000306 mb/sr,
+                                         /R =   8.092842E-03
   152.00 deg.: X-S =       0.000290 mb/sr,
+                                         /R =   7.744568E-03
   153.00 deg.: X-S =       0.000293 mb/sr,
+                                         /R =   7.890269E-03
   154.00 deg.: X-S =       0.000312 mb/sr,
+                                         /R =   8.468535E-03
   155.00 deg.: X-S =       0.000338 mb/sr,
+                                         /R =   9.246030E-03
   156.00 deg.: X-S =       0.000357 mb/sr,
+                                         /R =   9.852128E-03
   157.00 deg.: X-S =       0.000356 mb/sr,
+                                         /R =   9.907504E-03
   158.00 deg.: X-S =       0.000329 mb/sr,
+                                         /R =   9.204307E-03
   159.00 deg.: X-S =       0.000278 mb/sr,
+                                         /R =   7.839000E-03
   160.00 deg.: X-S =       0.000219 mb/sr,
+                                         /R =   6.209304E-03
   161.00 deg.: X-S =       0.000171 mb/sr,
+                                         /R =   4.864450E-03
   162.00 deg.: X-S =       0.000149 mb/sr,
+                                         /R =   4.284790E-03
   163.00 deg.: X-S =       0.000163 mb/sr,
+                                         /R =   4.698352E-03
   164.00 deg.: X-S =       0.000207 mb/sr,
+                                         /R =   6.003677E-03
   165.00 deg.: X-S =       0.000268 mb/sr,
+                                         /R =   7.802329E-03
   166.00 deg.: X-S =       0.000325 mb/sr,
+                                         /R =   9.504856E-03
   167.00 deg.: X-S =       0.000357 mb/sr,
+                                         /R =   1.047915E-02
   168.00 deg.: X-S =       0.000347 mb/sr,
+                                         /R =   1.023240E-02
   169.00 deg.: X-S =       0.000291 mb/sr,
+                                         /R =   8.614836E-03
   170.00 deg.: X-S =       0.000202 mb/sr,
+                                         /R =   5.991112E-03
   171.00 deg.: X-S =       0.000110 mb/sr,
+                                         /R =   3.279364E-03
   172.00 deg.: X-S =   5.924594E-05 mb/sr,
+                                         /R =   1.768471E-03
   173.00 deg.: X-S =   9.089768E-05 mb/sr,
+                                         /R =   2.719479E-03
   174.00 deg.: X-S =       0.000230 mb/sr,
+                                         /R =   6.890104E-03
   175.00 deg.: X-S =       0.000473 mb/sr,
+                                         /R =   1.419475E-02
   176.00 deg.: X-S =       0.000787 mb/sr,
+                                         /R =   2.365971E-02
   177.00 deg.: X-S =       0.001119 mb/sr,
+                                         /R =   3.368300E-02
   178.00 deg.: X-S =       0.001410 mb/sr,
+                                         /R =   4.246545E-02
   179.00 deg.: X-S =       0.001607 mb/sr,
+                                         /R =   4.843479E-02
   179.99 deg.: X-S =       0.001677 mb/sr,
+                                         /R =   5.054545E-02
                                           Integrated  1.0949E+10 mb, over [   0.000, 180.000] at   100.0000 MeV 

 CROSS SECTIONS FOR OUTGOING projecti & target   in state #   2 with spins & parities 0.0  + &  2.0  +;  0

     0.00 deg.: X-S =      64.175191 mb/sr,
+                                         REAC   6.1845E+01 mb
     1.00 deg.: X-S =      61.024396 mb/sr,
     2.00 deg.: X-S =      53.417892 mb/sr,
     3.00 deg.: X-S =      45.975246 mb/sr,
     4.00 deg.: X-S =      43.791215 mb/sr,
     5.00 deg.: X-S =      49.887999 mb/sr,
     6.00 deg.: X-S =      63.646118 mb/sr,
     7.00 deg.: X-S =      80.930771 mb/sr,
     8.00 deg.: X-S =      95.797995 mb/sr,
     9.00 deg.: X-S =     102.942231 mb/sr,
    10.00 deg.: X-S =      99.773722 mb/sr,
    11.00 deg.: X-S =      87.274750 mb/sr,
    12.00 deg.: X-S =      69.395229 mb/sr,
    13.00 deg.: X-S =      51.387254 mb/sr,
    14.00 deg.: X-S =      37.858005 mb/sr,
    15.00 deg.: X-S =      31.318484 mb/sr,
    16.00 deg.: X-S =      31.689196 mb/sr,
    17.00 deg.: X-S =      36.781600 mb/sr,
    18.00 deg.: X-S =      43.408279 mb/sr,
    19.00 deg.: X-S =      48.612921 mb/sr,
    20.00 deg.: X-S =      50.571486 mb/sr,
    21.00 deg.: X-S =      48.926506 mb/sr,
    22.00 deg.: X-S =      44.565543 mb/sr,
    23.00 deg.: X-S =      39.043257 mb/sr,
    24.00 deg.: X-S =      33.921598 mb/sr,
    25.00 deg.: X-S =      30.265144 mb/sr,
    26.00 deg.: X-S =      28.419406 mb/sr,
    27.00 deg.: X-S =      28.074629 mb/sr,
    28.00 deg.: X-S =      28.523244 mb/sr,
    29.00 deg.: X-S =      28.979561 mb/sr,
    30.00 deg.: X-S =      28.844298 mb/sr,
    31.00 deg.: X-S =      27.844867 mb/sr,
    32.00 deg.: X-S =      26.039734 mb/sr,
    33.00 deg.: X-S =      23.720667 mb/sr,
    34.00 deg.: X-S =      21.269201 mb/sr,
    35.00 deg.: X-S =      19.022720 mb/sr,
    36.00 deg.: X-S =      17.187919 mb/sr,
    37.00 deg.: X-S =      15.815184 mb/sr,
    38.00 deg.: X-S =      14.825465 mb/sr,
    39.00 deg.: X-S =      14.067786 mb/sr,
    40.00 deg.: X-S =      13.382153 mb/sr,
    41.00 deg.: X-S =      12.647923 mb/sr,
    42.00 deg.: X-S =      11.807498 mb/sr,
    43.00 deg.: X-S =      10.865351 mb/sr,
    44.00 deg.: X-S =       9.869623 mb/sr,
    45.00 deg.: X-S =       8.886450 mb/sr,
    46.00 deg.: X-S =       7.976292 mb/sr,
    47.00 deg.: X-S =       7.178263 mb/sr,
    48.00 deg.: X-S =       6.504547 mb/sr,
    49.00 deg.: X-S =       5.943649 mb/sr,
    50.00 deg.: X-S =       5.469205 mb/sr,
    51.00 deg.: X-S =       5.050436 mb/sr,
    52.00 deg.: X-S =       4.660950 mb/sr,
    53.00 deg.: X-S =       4.283911 mb/sr,
    54.00 deg.: X-S =       3.913161 mb/sr,
    55.00 deg.: X-S =       3.551158 mb/sr,
    56.00 deg.: X-S =       3.205234 mb/sr,
    57.00 deg.: X-S =       2.883715 mb/sr,
    58.00 deg.: X-S =       2.592969 mb/sr,
    59.00 deg.: X-S =       2.335855 mb/sr,
    60.00 deg.: X-S =       2.111527 mb/sr,
    61.00 deg.: X-S =       1.916226 mb/sr,
    62.00 deg.: X-S =       1.744602 mb/sr,
    63.00 deg.: X-S =       1.591092 mb/sr,
    64.00 deg.: X-S =       1.451012 mb/sr,
    65.00 deg.: X-S =       1.321152 mb/sr,
    66.00 deg.: X-S =       1.199850 mb/sr,
    67.00 deg.: X-S =       1.086658 mb/sr,
    68.00 deg.: X-S =       0.981826 mb/sr,
    69.00 deg.: X-S =       0.885791 mb/sr,
    70.00 deg.: X-S =       0.798816 mb/sr,
    71.00 deg.: X-S =       0.720815 mb/sr,
    72.00 deg.: X-S =       0.651321 mb/sr,
    73.00 deg.: X-S =       0.589562 mb/sr,
    74.00 deg.: X-S =       0.534575 mb/sr,
    75.00 deg.: X-S =       0.485348 mb/sr,
    76.00 deg.: X-S =       0.440943 mb/sr,
    77.00 deg.: X-S =       0.400591 mb/sr,
    78.00 deg.: X-S =       0.363727 mb/sr,
    79.00 deg.: X-S =       0.329976 mb/sr,
    80.00 deg.: X-S =       0.299097 mb/sr,
    81.00 deg.: X-S =       0.270919 mb/sr,
    82.00 deg.: X-S =       0.245297 mb/sr,
    83.00 deg.: X-S =       0.222084 mb/sr,
    84.00 deg.: X-S =       0.201126 mb/sr,
    85.00 deg.: X-S =       0.182257 mb/sr,
    86.00 deg.: X-S =       0.165301 mb/sr,
    87.00 deg.: X-S =       0.150068 mb/sr,
    88.00 deg.: X-S =       0.136364 mb/sr,
    89.00 deg.: X-S =       0.123999 mb/sr,
    90.00 deg.: X-S =       0.112806 mb/sr,
    91.00 deg.: X-S =       0.102646 mb/sr,
    92.00 deg.: X-S =       0.093407 mb/sr,
    93.00 deg.: X-S =       0.084998 mb/sr,
    94.00 deg.: X-S =       0.077338 mb/sr,
    95.00 deg.: X-S =       0.070355 mb/sr,
    96.00 deg.: X-S =       0.063988 mb/sr,
    97.00 deg.: X-S =       0.058185 mb/sr,
    98.00 deg.: X-S =       0.052904 mb/sr,
    99.00 deg.: X-S =       0.048111 mb/sr,
   100.00 deg.: X-S =       0.043770 mb/sr,
   101.00 deg.: X-S =       0.039846 mb/sr,
   102.00 deg.: X-S =       0.036298 mb/sr,
   103.00 deg.: X-S =       0.033092 mb/sr,
   104.00 deg.: X-S =       0.030194 mb/sr,
   105.00 deg.: X-S =       0.027573 mb/sr,
   106.00 deg.: X-S =       0.025200 mb/sr,
   107.00 deg.: X-S =       0.023041 mb/sr,
   108.00 deg.: X-S =       0.021066 mb/sr,
   109.00 deg.: X-S =       0.019250 mb/sr,
   110.00 deg.: X-S =       0.017574 mb/sr,
   111.00 deg.: X-S =       0.016031 mb/sr,
   112.00 deg.: X-S =       0.014616 mb/sr,
   113.00 deg.: X-S =       0.013326 mb/sr,
   114.00 deg.: X-S =       0.012155 mb/sr,
   115.00 deg.: X-S =       0.011095 mb/sr,
   116.00 deg.: X-S =       0.010137 mb/sr,
   117.00 deg.: X-S =       0.009273 mb/sr,
   118.00 deg.: X-S =       0.008491 mb/sr,
   119.00 deg.: X-S =       0.007782 mb/sr,
   120.00 deg.: X-S =       0.007133 mb/sr,
   121.00 deg.: X-S =       0.006534 mb/sr,
   122.00 deg.: X-S =       0.005978 mb/sr,
   123.00 deg.: X-S =       0.005464 mb/sr,
   124.00 deg.: X-S =       0.004992 mb/sr,
   125.00 deg.: X-S =       0.004563 mb/sr,
   126.00 deg.: X-S =       0.004175 mb/sr,
   127.00 deg.: X-S =       0.003823 mb/sr,
   128.00 deg.: X-S =       0.003502 mb/sr,
   129.00 deg.: X-S =       0.003206 mb/sr,
   130.00 deg.: X-S =       0.002934 mb/sr,
   131.00 deg.: X-S =       0.002683 mb/sr,
   132.00 deg.: X-S =       0.002453 mb/sr,
   133.00 deg.: X-S =       0.002242 mb/sr,
   134.00 deg.: X-S =       0.002048 mb/sr,
   135.00 deg.: X-S =       0.001873 mb/sr,
   136.00 deg.: X-S =       0.001716 mb/sr,
   137.00 deg.: X-S =       0.001576 mb/sr,
   138.00 deg.: X-S =       0.001451 mb/sr,
   139.00 deg.: X-S =       0.001337 mb/sr,
   140.00 deg.: X-S =       0.001231 mb/sr,
   141.00 deg.: X-S =       0.001130 mb/sr,
   142.00 deg.: X-S =       0.001034 mb/sr,
   143.00 deg.: X-S =       0.000946 mb/sr,
   144.00 deg.: X-S =       0.000866 mb/sr,
   145.00 deg.: X-S =       0.000794 mb/sr,
   146.00 deg.: X-S =       0.000729 mb/sr,
   147.00 deg.: X-S =       0.000668 mb/sr,
   148.00 deg.: X-S =       0.000612 mb/sr,
   149.00 deg.: X-S =       0.000560 mb/sr,
   150.00 deg.: X-S =       0.000512 mb/sr,
   151.00 deg.: X-S =       0.000469 mb/sr,
   152.00 deg.: X-S =       0.000432 mb/sr,
   153.00 deg.: X-S =       0.000400 mb/sr,
   154.00 deg.: X-S =       0.000375 mb/sr,
   155.00 deg.: X-S =       0.000354 mb/sr,
   156.00 deg.: X-S =       0.000337 mb/sr,
   157.00 deg.: X-S =       0.000319 mb/sr,
   158.00 deg.: X-S =       0.000297 mb/sr,
   159.00 deg.: X-S =       0.000270 mb/sr,
   160.00 deg.: X-S =       0.000239 mb/sr,
   161.00 deg.: X-S =       0.000208 mb/sr,
   162.00 deg.: X-S =       0.000183 mb/sr,
   163.00 deg.: X-S =       0.000169 mb/sr,
   164.00 deg.: X-S =       0.000169 mb/sr,
   165.00 deg.: X-S =       0.000180 mb/sr,
   166.00 deg.: X-S =       0.000200 mb/sr,
   167.00 deg.: X-S =       0.000220 mb/sr,
   168.00 deg.: X-S =       0.000235 mb/sr,
   169.00 deg.: X-S =       0.000238 mb/sr,
   170.00 deg.: X-S =       0.000226 mb/sr,
   171.00 deg.: X-S =       0.000202 mb/sr,
   172.00 deg.: X-S =       0.000170 mb/sr,
   173.00 deg.: X-S =       0.000140 mb/sr,
   174.00 deg.: X-S =       0.000120 mb/sr,
   175.00 deg.: X-S =       0.000114 mb/sr,
   176.00 deg.: X-S =       0.000122 mb/sr,
   177.00 deg.: X-S =       0.000142 mb/sr,
   178.00 deg.: X-S =       0.000165 mb/sr,
   179.00 deg.: X-S =       0.000182 mb/sr,
   180.00 deg.: X-S =       0.000189 mb/sr,
                                           Integrated  6.1835E+01 mb, over [   0.000, 180.000] at   100.0000 MeV 
 Finished all xsecs @    4.16320004E-02

  The following files have been created:
   3:local copy of User input.            6:standard output.                   
   7:elastic  S-matrix elements.         13:total cross sections/state.        
  16:tables of cross sections.           17:output scattering waves.           
  34:input optical potentials.           35:Astrophysics S-factors  / Ecm.     
  38:cross sections for each J/pi.       39:cross sections for each Ecm.       
  40:all cross sectns. for each Elab.    45:scat phase shift as E functions.   
  56:Fusion for each Jtotal.             75:S-factors for lab energies.        
  89:All local couplings.               201:Separate cross sections.           
 202:Separate cross sections.           

 PARAMETERS : MAXQRN   MLOC  LMAX1 MCLIST     MFNL  MPWCOUP
    ALLOWED :      1      6     60     10       16        0
    REQUIRED:      0      6     43      5        0        0


 ACCURACY ANALYSIS at   100.000 MeV :

  Elastic h*k = 0.164 so OK       compared with 0.200

   Real(S-el) > 0.01 first at J =       4.0
   Real(S-el) > 0.10 first at J =       6.0
   Real(S-el) > 0.50 first at J =      19.0
   Real(S-el) > 0.90 first at J =      21.0
   Real(S-el) > 0.99 first at J =      24.0
   R-turn =    12.46 fm    at J =      40.0

 Forward-angle excitation cut off below   1.069 deg by max JT =      40.0
                              and below   0.660 deg by max R.

 Total CPU  0 time =       0.04 seconds
