Running on Manuels-MacBook-Pro.local
 FRESCOX - version 7.2-20-ga7f491: Coupled Reaction Channels             on gfortran                      

  Using NAMELIST input

 alpha+c12 -> alpha+c12* @ 100 MeV; nuc def                                                                              

   0.050  20.000   0.500   0.000   0.000   0.000   0.000   0.000   0.000   0.000

 Centre-of-mass Range is    402 * 0.0500 fm., Maximum at  20.00 fm., Interpolating NL forms every  0.50 fm.
 Non - locality width is      4 * 0.0500 fm., Maximum of   0.15 fm., Centred at  0.00 fm.
 2-Nucleon Separation of      0 * 0.5000 fm., Maximum of   0.00 fm., Minimum at  0.00 fm.
 Maximum single particle bins of 20.0000 fm.
               M,Mint =          401         401


 Range of total J is     0.0 <= J <=    40.0 (at least     0.0) and Absorbtion =>     0.0100 mb.
 Dry Run = F, CC set limits =  0  0, Relativistic kinematics =   , Both/Far/Near Analyses =  1                     

 Cross Sections (and up to T0 for 0=projectile) for Theta from   0.0 to 180.0 in steps of  1.0 degrees, DGAM=0, grace=T,  Coordinates = 0 (Mads)

 Lower Radial Cutoff = maximum of -1.60*L*h &       0.0 fm.,  Lower Cutoff for Couplings =   0.0  fm.


 Iterate Couplings between   0 and   0 times, to  0.000 % if sooner.                                          
  Block solved exactly =   2 chs., with Pade = 0 & Isocen =  =0, NOSOL = F, CCREAL = F, initwf =  0
    Small channels are  0.00E+00 and small couplings are  1.00E-12 of unitarity

  NL quadrature with   18 Gaussian points, Calculate multipoles up to    50 from   0
  M-transfers for lp+lt greater than or equal to  6, Angular Integration Cutoff below  2.7778 %


 Trace switches are :  CHANS =  1, LISTCC =  0, TRENEG =  1, CDETR =  0, SMATS =  2, XSTABL =  1, NLPL =  0

                       WAVES =  0, LAMPL =  0, VEFF =  0, KFUS =  0, WDISK =  2, BPM =  0, MELFIL =  0

                       CDCC =  0, NFUS =  0, TCFILE =  0

 Using unit mass = 1.000000 amu and 1/fine-structure constant = 137.03599 ( 1.000000 * true ) with hc = 197.32705 MeV.fm,
  thus 2*amu/hbar^2 = 0.0478450 = 1/20.9008 and Coulomb constant = 0.1574855 so e^2 =  1.43996515, and nuclear magneton= 0.1261183

 Now pre-scan input and save to file 3



 *********** PARTITION NUMBER  1 ******************************************************************************************

   PROJ=projecti   MASS=  4.0000 Z=   2.0,        # STATES=    2T, TARG=target   MASS= 12.0000 Z=   6.0,     Q-VALUE =   0.0000 MeV

   MIXPOT =  0: no couplings (default)

     1:  J= 0.0+ (B# 1), E=  0.0000, K= 0.0              Potl#  1       J= 0.0+ (B# 1), E=  0.0000, K= 0.0    

     2:  J= 0.0+ (B# 1), E=  0.0000, K= 0.0              Potl#  1       J= 2.0+ (B# 1), E=  4.4300, K= 0.0    
                                  (Just State  1)


 ************************************************************************************************************************************

 The following POTENTIALS are defined :

  KP#       TYPE      IT    SHAPE      at     V1        r1        a1        V2        r2        a2        A-in     A-used


                                            A#1       A#2        r0c       ac                                                h @ 1
    1    0=Coulomb       0=CHARGE (WS)  1    12.000     4.000    1.2000    0.0000    0.0000    0.0000     0.000    58.268   0.05000

    1    1=Volume        0=Woods-Saxon  2   40.0000    1.2000    0.6500   10.0000    1.2000    0.5000     0.000    58.268

                                            Def1      Def2      Def3   .....
    1   11=Target defm  10=derivatives  3    0.0000    1.3000    0.0000    0.0000    0.0000    0.0000     0.000     4.652= RADIUS

              At    3 is k =  2 (Potl. beta = 0.27944)
                                     Beta of targ. = 0.47319 (using radius of 2.747 fm.).

 Potential Form at   3 (Q= 2) is
   0.0:   0.0000   0.0000    0.5:  -0.0378  -0.0018    1.0:  -0.0813  -0.0049    1.5:  -0.1740  -0.0134    2.0:  -0.3689  -0.0361
   2.5:  -0.7663  -0.0965    3.0:  -1.5267  -0.2506    3.5:  -2.8013  -0.6053    4.0:  -4.4301  -1.2313    4.5:  -5.5653  -1.7918
   5.0:  -5.2566  -1.6285    5.5:  -3.7887  -0.9608    6.0:  -2.2391  -0.4345    6.5:  -1.1741  -0.1734    7.0:  -0.5777  -0.0658
   7.5:  -0.2754  -0.0245    8.0:  -0.1293  -0.0090    8.5:  -0.0603  -0.0033    9.0:  -0.0280  -0.0012    9.5:  -0.0130  -0.0005
  10.0:  -0.0060  -0.0002   10.5:  -0.0028  -0.0001   11.0:  -0.0013  -0.0000   11.5:  -0.0006  -0.0000   12.0:  -0.0003  -0.0000
  12.5:  -0.0001  -0.0000   13.0:  -0.0001  -0.0000   13.5:  -0.0000  -0.0000   14.0:  -0.0000  -0.0000   14.5:  -0.0000  -0.0000
  15.0:  -0.0000  -0.0000   15.5:  -0.0000  -0.0000   16.0:  -0.0000  -0.0000   16.5:  -0.0000  -0.0000   17.0:  -0.0000  -0.0000
  17.5:  -0.0000  -0.0000   18.0:  -0.0000  -0.0000   18.5:  -0.0000  -0.0000   19.0:  -0.0000  -0.0000   19.5:  -0.0000  -0.0000
  20.0:   0.0000   0.0000

    1    2=Surface       0=Woods-Saxon  4    0.0000    1.2000    0.5000    6.0000    1.2000    0.5000     0.000    58.268

                                            Def1      Def2      Def3   .....
    1   11=Target defm  10=derivatives  5    0.0000    1.3000    0.0000    0.0000    0.0000    0.0000     0.000     4.652= RADIUS

              At    5 is k =  2 (Potl. beta = 0.27944)
                                     Beta of targ. = 0.47319 (using radius of 2.747 fm.).

 Potential Form at   5 (Q= 2) is
   0.0:   0.0000   0.0000    0.5:   0.0000   0.0044    1.0:   0.0000   0.0118    1.5:   0.0000   0.0319    2.0:   0.0000   0.0858
   2.5:   0.0000   0.2253    3.0:   0.0000   0.5588    3.5:   0.0000   1.1889    4.0:   0.0000   1.6937    4.5:   0.0000   0.6495
   5.0:  -0.0000  -1.3071    5.5:  -0.0000  -1.5910    6.0:  -0.0000  -0.9108    6.5:  -0.0000  -0.3960    7.0:  -0.0000  -0.1550
   7.5:  -0.0000  -0.0584    8.0:  -0.0000  -0.0217    8.5:  -0.0000  -0.0080    9.0:  -0.0000  -0.0029    9.5:  -0.0000  -0.0011
  10.0:  -0.0000  -0.0004   10.5:  -0.0000  -0.0001   11.0:  -0.0000  -0.0001   11.5:  -0.0000  -0.0000   12.0:  -0.0000  -0.0000
  12.5:  -0.0000  -0.0000   13.0:  -0.0000  -0.0000   13.5:  -0.0000  -0.0000   14.0:  -0.0000  -0.0000   14.5:  -0.0000  -0.0000
  15.0:  -0.0000  -0.0000   15.5:  -0.0000  -0.0000   16.0:  -0.0000  -0.0000   16.5:  -0.0000  -0.0000   17.0:  -0.0000  -0.0000
  17.5:  -0.0000  -0.0000   18.0:  -0.0000  -0.0000   18.5:  -0.0000  -0.0000   19.0:  -0.0000  -0.0000   19.5:  -0.0000  -0.0000
  20.0:   0.0000   0.0000

    1    3=Projtl S.O.   0=Woods-Saxon  6    0.0000    1.0000    0.6500    0.0000    1.0000    0.6500     0.000    58.268

 Incoming partition  1 in excitation state # 1,   Laboratory Energy given for partition  1 Nucleus 1 in Excitation pair 1

0Lab. ENERGY ranges :

   from    100.000     to   0.00000     in        0 intervals
   from    0.00000     to   0.00000     in        0 intervals
   from    0.00000     to   0.00000     in        0 intervals

 Largest real,imaginary parts of any form factor at R=   19.50 are   7.38E-02  3.04E-12 MeV
 Finished all Couplings @    3.01500037E-03

 Symmetric Hamiltonian
1***********************************************************************************************************************************
************************************************************************************************************************************

        INCOMING projecti ;    LABORATORY projecti ENERGY =   100.00     MeV.

 ***********************************************************************************************************************************
 ***********************************************************************************************************************************

 Allocate arrays for            2  channels, of which            2  need wfs.

 #########################################################################################################################
 #                                                                                                                       #
 # Total SPIN and PARITY =     0.0 +,      2 channels,    2 in 1st block.  Rmin & Coul turning =    0.0 2.304E-01 fm.    #
 #                                                                                                                       #
 #########################################################################################################################



    C Projectl Target   #   EX.   (L  Proj) J  + Targ = Jtotal     E-cm      Re K     Re Eta     RM*K            CH                     G-REL
    1 projecti target   #    1: I   0 0.0    0.0  0.0     0.0    75.00000   3.28103   0.37797   65.6205  -0.34122   0.36745 1 1 1   1  1.00000
    2 projecti target   #    2:     2 0.0    2.0  2.0     0.0    70.57000   3.18265   0.38965   63.6530  -0.30673  -0.39705 1 1 1   2  1.00000
   S-matrix    1 =   -0.09209  -0.01000 for L=    0, J=    0.0 channel on core I =   0.0 from L=    0,  Acc. loss =  0.0 D.
 Elastic phase shift   1 =  -86.900  68.158 deg. for the L =    0, J =    0.0 channel.
       0.0 -0.09208778 -0.01000282i: elastic S-matrix  @@      0.00  0   0 F  0  2  2  T
 Reaction Xsec     0.0+/ 0 @ 1 =     2.893 , Out:   0.000#   0.010    2.883f

 Allocate arrays for            3  channels, of which            3  need wfs.

 Total SPIN, PARITY =     1.0 -,      3 chs,      3 cc.  Rmin & Coul turning =    0.1    0.6
   S-matrix    1 =   -0.07453   0.05557 for L=    1, J=    1.0 channel on core I =   0.0 from L=    1,  Acc. loss =  0.0 D.
 Elastic phase shift   1 =   71.647  68.053 deg. for the L =    1, J =    1.0 channel.
       1.0 -0.07453395  0.05557014i: elastic S-matrix  @@      0.00  0   0 F  0  2  2  T
 Reaction Xsec     1.0-/ 1 @ 1 =     8.679 , Out:   0.000#   0.031    8.648f

 Allocate arrays for            4  channels, of which            4  need wfs.

 Total SPIN, PARITY =     2.0 +,      4 chs,      4 cc.  Rmin & Coul turning =    0.2    0.9
   S-matrix    1 =   -0.04576   0.08250 for L=    2, J=    2.0 channel on core I =   0.0 from L=    2,  Acc. loss =  0.0 D.
 Elastic phase shift   1 =   59.509  67.633 deg. for the L =    2, J =    2.0 channel.
       2.0 -0.04576431  0.08249767i: elastic S-matrix  @@      0.00  0   0 F  0  2  2  T
 Reaction Xsec     2.0+/ 2 @ 1 =    14.462 , Out:   0.000#   0.050   14.411f


 Total SPIN, PARITY =     3.0 -,      4 chs,      4 cc.  Rmin & Coul turning =    0.2    1.2
   S-matrix    1 =   -0.01710   0.09418 for L=    3, J=    3.0 channel on core I =   0.0 from L=    3,  Acc. loss =  0.0 D.
 Elastic phase shift   1 =   50.146  67.217 deg. for the L =    3, J =    3.0 channel.
       3.0 -0.01710034  0.09418055i: elastic S-matrix  @@      0.00  0   0 F  0  2  2  T
 Reaction Xsec     3.0-/ 3 @ 1 =    20.241 , Out:   0.000#   0.070   20.171f


 Total SPIN, PARITY =     4.0 +,      4 chs,      4 cc.  Rmin & Coul turning =    0.3    1.5
   S-matrix    1 =    0.01100   0.09760 for L=    4, J=    4.0 channel on core I =   0.0 from L=    4,  Acc. loss =  0.0 D.
 Elastic phase shift   1 =   41.786  66.478 deg. for the L =    4, J =    4.0 channel.
       4.0  0.01099700  0.09760342i: elastic S-matrix  @@      0.00  0   0 F  0  2  2  T
 Reaction Xsec     4.0+/ 4 @ 1 =    26.011 , Out:   0.000#   0.088   25.924f


 Total SPIN, PARITY =     5.0 -,      4 chs,      4 cc.  Rmin & Coul turning =    0.4    1.8
   S-matrix    1 =    0.03835   0.09302 for L=    5, J=    5.0 channel on core I =   0.0 from L=    5,  Acc. loss =  0.0 D.
 Elastic phase shift   1 =   33.797  65.790 deg. for the L =    5, J =    5.0 channel.
       5.0  0.03834794  0.09301526i: elastic S-matrix  @@      0.00  0   0 F  0  2  2  T
 Reaction Xsec     5.0-/ 5 @ 1 =    31.776 , Out:   0.000#   0.103   31.673f


 Total SPIN, PARITY =     6.0 +,      4 chs,      4 cc.  Rmin & Coul turning =    0.5    2.1
   S-matrix    1 =    0.06539   0.08073 for L=    6, J=    6.0 channel on core I =   0.0 from L=    6,  Acc. loss =  0.0 D.
 Elastic phase shift   1 =   25.497  64.872 deg. for the L =    6, J =    6.0 channel.
       6.0  0.06538576  0.08072840i: elastic S-matrix  @@      0.00  0   0 F  0  2  2  T
 Reaction Xsec     6.0+/ 6 @ 1 =    37.528 , Out:   0.000#   0.120   37.409f


 Total SPIN, PARITY =     7.0 -,      4 chs,      4 cc.  Rmin & Coul turning =    0.6    2.4
   S-matrix    1 =    0.08897   0.06045 for L=    7, J=    7.0 channel on core I =   0.0 from L=    7,  Acc. loss =  0.0 D.
 Elastic phase shift   1 =   17.098  63.875 deg. for the L =    7, J =    7.0 channel.
       7.0  0.08897195  0.06045415i: elastic S-matrix  @@      0.00  0   0 F  0  2  2  T
 Reaction Xsec     7.0-/ 7 @ 1 =    43.268 , Out:   0.000#   0.130   43.138f


 Total SPIN, PARITY =     8.0 +,      4 chs,      4 cc.  Rmin & Coul turning =    0.6    2.7
   S-matrix    1 =    0.10634   0.02996 for L=    8, J=    8.0 channel on core I =   0.0 from L=    8,  Acc. loss =  0.0 D.
 Elastic phase shift   1 =    7.867  63.109 deg. for the L =    8, J =    8.0 channel.
       8.0  0.10634078  0.02996010i: elastic S-matrix  @@      0.00  0   0 F  0  2  2  T
 Reaction Xsec     8.0+/ 8 @ 1 =    49.006 , Out:   0.000#   0.143   48.863f


 Total SPIN, PARITY =     9.0 -,      4 chs,      4 cc.  Rmin & Coul turning =    0.7    3.0
   S-matrix    1 =    0.11483  -0.00874 for L=    9, J=    9.0 channel on core I =   0.0 from L=    9,  Acc. loss =  0.0 D.
 Elastic phase shift   1 =   -2.175  61.919 deg. for the L =    9, J =    9.0 channel.
       9.0  0.11483273 -0.00873609i: elastic S-matrix  @@      0.00  0   0 F  0  2  2  T
 Reaction Xsec     9.0-/ 9 @ 1 =    54.712 , Out:   0.000#   0.159   54.553f


 Total SPIN, PARITY =    10.0 +,      4 chs,      4 cc.  Rmin & Coul turning =    0.8    3.3
   S-matrix    1 =    0.10696  -0.05029 for L=   10, J=   10.0 channel on core I =   0.0 from L=   10,  Acc. loss =  0.0 D.
 Elastic phase shift   1 =  -12.590  61.176 deg. for the L =   10, J =   10.0 channel.
      10.0  0.10696150 -0.05028507i: elastic S-matrix  @@      0.00  0   0 F  0  2  2  T
 Reaction Xsec    10.0+/10 @ 1 =    60.428 , Out:   0.000#   0.169   60.259f


 Total SPIN, PARITY =    11.0 -,      4 chs,      4 cc.  Rmin & Coul turning =    0.9    3.6
   S-matrix    1 =    0.07597  -0.09023 for L=   11, J=   11.0 channel on core I =   0.0 from L=   11,  Acc. loss =  0.0 D.
 Elastic phase shift   1 =  -24.953  61.234 deg. for the L =   11, J =   11.0 channel.
      11.0  0.07596594 -0.09023224i: elastic S-matrix  @@      0.00  0   0 F  0  2  2  T
 Reaction Xsec    11.0-/11 @ 1 =    66.187 , Out:   0.000#   0.201   65.986f


 Total SPIN, PARITY =    12.0 +,      4 chs,      4 cc.  Rmin & Coul turning =    1.0    3.9
   S-matrix    1 =    0.02484  -0.12015 for L=   12, J=   12.0 channel on core I =   0.0 from L=   12,  Acc. loss =  0.0 D.
 Elastic phase shift   1 =  -39.159  60.105 deg. for the L =   12, J =   12.0 channel.
      12.0  0.02484096 -0.12015235i: elastic S-matrix  @@      0.00  0   0 F  0  2  2  T
 Reaction Xsec    12.0+/12 @ 1 =    71.859 , Out:   0.000#   0.264   71.595f


 Total SPIN, PARITY =    13.0 -,      4 chs,      4 cc.  Rmin & Coul turning =    1.0    4.2
   S-matrix    1 =   -0.03151  -0.12216 for L=   13, J=   13.0 channel on core I =   0.0 from L=   13,  Acc. loss =  0.0 D.
 Elastic phase shift   1 =  -52.232  59.307 deg. for the L =   13, J =   13.0 channel.
      13.0 -0.03151086 -0.12216377i: elastic S-matrix  @@      0.00  0   0 F  0  2  2  T
 Reaction Xsec    13.0-/13 @ 1 =    77.540 , Out:   0.000#   0.346   77.194f


 Total SPIN, PARITY =    14.0 +,      4 chs,      4 cc.  Rmin & Coul turning =    1.1    4.5
   S-matrix    1 =   -0.06898  -0.07635 for L=   14, J=   14.0 channel on core I =   0.0 from L=   14,  Acc. loss =  0.0 D.
 Elastic phase shift   1 =  -66.049  65.148 deg. for the L =   14, J =   14.0 channel.
      14.0 -0.06897950 -0.07634508i: elastic S-matrix  @@      0.00  0   0 F  0  2  2  T
 Reaction Xsec    14.0+/14 @ 1 =    83.735 , Out:   0.000#   0.613   83.122f


 Total SPIN, PARITY =    15.0 -,      4 chs,      4 cc.  Rmin & Coul turning =    1.2    4.8
   S-matrix    1 =   -0.05915   0.02455 for L=   15, J=   15.0 channel on core I =   0.0 from L=   15,  Acc. loss =  0.0 D.
 Elastic phase shift   1 =   78.729  78.730 deg. for the L =   15, J =   15.0 channel.
      15.0 -0.05915060  0.02455114i: elastic S-matrix  @@      0.00  0   0 F  0  2  2  T
 Reaction Xsec    15.0-/15 @ 1 =    90.096 , Out:   0.000#   1.466   88.630f


 Total SPIN, PARITY =    16.0 +,      4 chs,      4 cc.  Rmin & Coul turning =    1.2    5.1
   S-matrix    1 =    0.02484   0.16359 for L=   16, J=   16.0 channel on core I =   0.0 from L=   16,  Acc. loss =  0.0 D.
 Elastic phase shift   1 =   40.683  51.537 deg. for the L =   16, J =   16.0 channel.
      16.0  0.02483733  0.16359058i: elastic S-matrix  @@      0.00  0   0 F  0  2  2  T
 Reaction Xsec    16.0+/16 @ 1 =    93.667 , Out:   0.000#   3.058   90.609f


 Total SPIN, PARITY =    17.0 -,      4 chs,      4 cc.  Rmin & Coul turning =    1.4    5.4
   S-matrix    1 =    0.19404   0.29499 for L=   17, J=   17.0 channel on core I =   0.0 from L=   17,  Acc. loss =  0.0 D.
 Elastic phase shift   1 =   28.332  29.824 deg. for the L =   17, J =   17.0 channel.
      17.0  0.19403990  0.29498806i: elastic S-matrix  @@      0.00  0   0 F  0  2  2  T
 Reaction Xsec    17.0-/17 @ 1 =    89.407 , Out:   0.000#   4.634   84.773f


 Total SPIN, PARITY =    18.0 +,      4 chs,      4 cc.  Rmin & Coul turning =    1.4    5.8
   S-matrix    1 =    0.41931   0.36141 for L=   18, J=   18.0 channel on core I =   0.0 from L=   18,  Acc. loss =  0.0 D.
 Elastic phase shift   1 =   20.379  16.941 deg. for the L =   18, J =   18.0 channel.
      18.0  0.41930873  0.36141205i: elastic S-matrix  @@      0.00  0   0 F  0  2  2  T
 Reaction Xsec    18.0+/18 @ 1 =    74.889 , Out:   0.000#   5.174   69.715f


 Total SPIN, PARITY =    19.0 -,      4 chs,      4 cc.  Rmin & Coul turning =    1.5    6.1
   S-matrix    1 =    0.63321   0.34381 for L=   19, J=   19.0 channel on core I =   0.0 from L=   19,  Acc. loss =  0.0 D.
 Elastic phase shift   1 =   14.250   9.390 deg. for the L =   19, J =   19.0 channel.
      19.0  0.63321338  0.34380697i: elastic S-matrix  @@      0.00  0   0 F  0  2  2  T
 Reaction Xsec    19.0-/19 @ 1 =    54.726 , Out:   0.000#   4.498   50.228f


 Total SPIN, PARITY =    20.0 +,      4 chs,      4 cc.  Rmin & Coul turning =    1.6    6.4
   S-matrix    1 =    0.78941   0.27767 for L=   20, J=   20.0 channel on core I =   0.0 from L=   20,  Acc. loss =  0.0 D.
 Elastic phase shift   1 =    9.690   5.104 deg. for the L =   20, J =   20.0 channel.
      20.0  0.78940662  0.27767077i: elastic S-matrix  @@      0.00  0   0 F  0  2  2  T
 Reaction Xsec    20.0+/20 @ 1 =    35.864 , Out:   0.000#   3.088   32.776f


 Total SPIN, PARITY =    21.0 -,      4 chs,      4 cc.  Rmin & Coul turning =    1.7    6.7
   S-matrix    1 =    0.88661   0.20261 for L=   21, J=   21.0 channel on core I =   0.0 from L=   21,  Acc. loss =  0.0 D.
 Elastic phase shift   1 =    6.436   2.719 deg. for the L =   21, J =   21.0 channel.
      21.0  0.88661172  0.20261036i: elastic S-matrix  @@      0.00  0   0 F  0  2  2  T
 Reaction Xsec    21.0-/21 @ 1 =    21.693 , Out:   0.000#   1.700   19.993f


 Total SPIN, PARITY =    22.0 +,      4 chs,      4 cc.  Rmin & Coul turning =    1.8    7.0
   S-matrix    1 =    0.94105   0.13871 for L=   22, J=   22.0 channel on core I =   0.0 from L=   22,  Acc. loss =  0.1 D.
 Elastic phase shift   1 =    4.193   1.433 deg. for the L =   22, J =   22.0 channel.
      22.0  0.94105294  0.13871480i: elastic S-matrix  @@      0.00  0   0 F  0  2  2  T
 Reaction Xsec    22.0+/22 @ 1 =    12.499 , Out:   0.000#   0.802   11.697f


 Total SPIN, PARITY =    23.0 -,      4 chs,      4 cc.  Rmin & Coul turning =    1.8    7.3
   S-matrix    1 =    0.96959   0.09160 for L=   23, J=   23.0 channel on core I =   0.0 from L=   23,  Acc. loss =  0.0 D.
 Elastic phase shift   1 =    2.698   0.757 deg. for the L =   23, J =   23.0 channel.
      23.0  0.96959156  0.09159692i: elastic S-matrix  @@      0.00  0   0 F  0  2  2  T
 Reaction Xsec    23.0-/23 @ 1 =     7.064 , Out:   0.000#   0.349    6.715f


 Total SPIN, PARITY =    24.0 +,      4 chs,      4 cc.  Rmin & Coul turning =    1.9    7.6
   S-matrix    1 =    0.98419   0.05939 for L=   24, J=   24.0 channel on core I =   0.0 from L=   24,  Acc. loss =  0.1 D.
 Elastic phase shift   1 =    1.727   0.404 deg. for the L =   24, J =   24.0 channel.
      24.0  0.98418905  0.05939437i: elastic S-matrix  @@      0.00  0   0 F  0  2  2  T
 Reaction Xsec    24.0+/24 @ 1 =     3.982 , Out:   0.000#   0.147    3.835f


 Total SPIN, PARITY =    25.0 -,      4 chs,      4 cc.  Rmin & Coul turning =    2.0    7.9
   S-matrix    1 =    0.99167   0.03818 for L=   25, J=   25.0 channel on core I =   0.0 from L=   25,  Acc. loss =  0.0 D.
 Elastic phase shift   1 =    1.103   0.218 deg. for the L =   25, J =   25.0 channel.
      25.0  0.99167133  0.03818428i: elastic S-matrix  @@      0.00  0   0 F  0  2  2  T
 Reaction Xsec    25.0-/25 @ 1 =     2.252 , Out:   0.000#   0.061    2.191f


 Total SPIN, PARITY =    26.0 +,      4 chs,      4 cc.  Rmin & Coul turning =    2.1    8.2
   S-matrix    1 =    0.99556   0.02445 for L=   26, J=   26.0 channel on core I =   0.0 from L=   26,  Acc. loss =  0.0 D.
 Elastic phase shift   1 =    0.703   0.119 deg. for the L =   26, J =   26.0 channel.
      26.0  0.99555610  0.02445049i: elastic S-matrix  @@      0.00  0   0 F  0  2  2  T
 Reaction Xsec    26.0+/26 @ 1 =     1.279 , Out:   0.000#   0.025    1.254f


 Total SPIN, PARITY =    27.0 -,      4 chs,      4 cc.  Rmin & Coul turning =    2.1    8.5
   S-matrix    1 =    0.99760   0.01563 for L=   27, J=   27.0 channel on core I =   0.0 from L=   27,  Acc. loss =  0.0 D.
 Elastic phase shift   1 =    0.449   0.065 deg. for the L =   27, J =   27.0 channel.
      27.0  0.99760323  0.01562635i: elastic S-matrix  @@      0.00  0   0 F  0  2  2  T
 Reaction Xsec    27.0-/27 @ 1 =     0.729 , Out:   0.000#   0.010    0.719f


 Total SPIN, PARITY =    28.0 +,      4 chs,      4 cc.  Rmin & Coul turning =    2.2    8.8
   S-matrix    1 =    0.99870   0.00998 for L=   28, J=   28.0 channel on core I =   0.0 from L=   28,  Acc. loss =  0.0 D.
 Elastic phase shift   1 =    0.286   0.036 deg. for the L =   28, J =   28.0 channel.
      28.0  0.99869644  0.00997683i: elastic S-matrix  @@      0.00  0   0 F  0  2  2  T
 Reaction Xsec    28.0+/28 @ 1 =     0.417 , Out:   0.000#   4.344/   0.412f


 Total SPIN, PARITY =    29.0 -,      4 chs,      4 cc.  Rmin & Coul turning =    2.3    9.1
   S-matrix    1 =    0.99929   0.00637 for L=   29, J=   29.0 channel on core I =   0.0 from L=   29,  Acc. loss =  0.0 D.
 Elastic phase shift   1 =    0.183   0.020 deg. for the L =   29, J =   29.0 channel.
      29.0  0.99928656  0.00636605i: elastic S-matrix  @@      0.00  0   0 F  0  2  2  T
 Reaction Xsec    29.0-/29 @ 1 =     0.239 , Out:   0.000#   1.801/   0.237f


 Total SPIN, PARITY =    30.0 +,      4 chs,      4 cc.  Rmin & Coul turning =    2.4    9.4
   S-matrix    1 =    0.99961   0.00406 for L=   30, J=   30.0 channel on core I =   0.0 from L=   30,  Acc. loss =  0.0 D.
 Elastic phase shift   1 =    0.116   0.011 deg. for the L =   30, J =   30.0 channel.
      30.0  0.99960776  0.00406032i: elastic S-matrix  @@      0.00  0   0 F  0  2  2  T
 Reaction Xsec    30.0+/30 @ 1 =     0.137 , Out:   0.000#   0.747/   0.136f


 Total SPIN, PARITY =    31.0 -,      4 chs,      4 cc.  Rmin & Coul turning =    2.5    9.7
   S-matrix    1 =    0.99978   0.00259 for L=   31, J=   31.0 channel on core I =   0.0 from L=   31,  Acc. loss =  0.0 D.
 Elastic phase shift   1 =    0.074   0.006 deg. for the L =   31, J =   31.0 channel.
      31.0  0.99978365  0.00258873i: elastic S-matrix  @@      0.00  0   0 F  0  2  2  T
 Reaction Xsec    31.0-/31 @ 1 =     0.078 , Out:   0.000#   0.309/   0.078f


 Total SPIN, PARITY =    32.0 +,      4 chs,      4 cc.  Rmin & Coul turning =    2.6   10.0
   S-matrix    1 =    0.99988   0.00165 for L=   32, J=   32.0 channel on core I =   0.0 from L=   32,  Acc. loss =  0.0 D.
 Elastic phase shift   1 =    0.047   0.003 deg. for the L =   32, J =   32.0 channel.
      32.0  0.99988040  0.00164996i: elastic S-matrix  @@      0.00  0   0 F  0  2  2  T
 Reaction Xsec    32.0+/32 @ 1 =     0.045 , Out:   0.000#   0.128/   0.045f


 Total SPIN, PARITY =    33.0 -,      4 chs,      4 cc.  Rmin & Coul turning =    2.6   10.3
   S-matrix    1 =    0.99993   0.00105 for L=   33, J=   33.0 channel on core I =   0.0 from L=   33,  Acc. loss =  0.0 D.
 Elastic phase shift   1 =    0.030   0.002 deg. for the L =   33, J =   33.0 channel.
      33.0  0.99993378  0.00105129i: elastic S-matrix  @@      0.00  0   0 F  0  2  2  T
 Reaction Xsec    33.0-/33 @ 1 =     0.026 , Out:   0.000#   0.053/   0.026f


 Total SPIN, PARITY =    34.0 +,      4 chs,      4 cc.  Rmin & Coul turning =    2.7   10.6
   S-matrix    1 =    0.99996   0.00067 for L=   34, J=   34.0 channel on core I =   0.0 from L=   34,  Acc. loss =  0.0 D.
 Elastic phase shift   1 =    0.019   0.001 deg. for the L =   34, J =   34.0 channel.
      34.0  0.99996330  0.00066958i: elastic S-matrix  @@      0.00  0   0 F  0  2  2  T
 Reaction Xsec    34.0+/34 @ 1 =     0.015 , Out:   0.000#   0.022/   0.015f


 Total SPIN, PARITY =    35.0 -,      4 chs,      4 cc.  Rmin & Coul turning =    2.8   10.9
   S-matrix    1 =    0.99998   0.00043 for L=   35, J=   35.0 channel on core I =   0.0 from L=   35,  Acc. loss =  0.0 D.
 Elastic phase shift   1 =    0.012   0.001 deg. for the L =   35, J =   35.0 channel.
      35.0  0.99997965  0.00042637i: elastic S-matrix  @@      0.00  0   0 F  0  2  2  T
 Reaction Xsec    35.0-/35 @ 1 =     8.396/, Out:   0.000#   9.031#   0.008f


 Total SPIN, PARITY =    36.0 +,      4 chs,      4 cc.  Rmin & Coul turning =    2.9   11.2
   S-matrix    1 =    0.99999   0.00027 for L=   36, J=   36.0 channel on core I =   0.0 from L=   36,  Acc. loss =  0.0 D.
 Elastic phase shift   1 =    0.008   0.000 deg. for the L =   36, J =   36.0 channel.
      36.0  0.99998871  0.00027143i: elastic S-matrix  @@      0.00  0   0 F  0  2  2  T
 Reaction Xsec    36.0+/36 @ 1 =     4.795/, Out:   0.000#   3.721#   0.005f


 Total SPIN, PARITY =    37.0 -,      4 chs,      4 cc.  Rmin & Coul turning =    3.0   11.5
   S-matrix    1 =    0.99999   0.00017 for L=   37, J=   37.0 channel on core I =   0.0 from L=   37,  Acc. loss =  0.0 D.
 Elastic phase shift   1 =    0.005   0.000 deg. for the L =   37, J =   37.0 channel.
      37.0  0.99999373  0.00017270i: elastic S-matrix  @@      0.00  0   0 F  0  2  2  T
 Reaction Xsec    37.0-/37 @ 1 =     2.736/, Out:   0.000#   1.531#   0.003f


 Total SPIN, PARITY =    38.0 +,      4 chs,      4 cc.  Rmin & Coul turning =    3.0   11.8
   S-matrix    1 =    1.00000   0.00011 for L=   38, J=   38.0 channel on core I =   0.0 from L=   38,  Acc. loss =  0.0 D.
 Elastic phase shift   1 =    0.003   0.000 deg. for the L =   38, J =   38.0 channel.
      38.0  0.99999652  0.00010986i: elastic S-matrix  @@      0.00  0   0 F  0  2  2  T
 Reaction Xsec    38.0+/38 @ 1 =     1.560/, Out:   0.000#   0.629#   0.002f


 Total SPIN, PARITY =    39.0 -,      4 chs,      4 cc.  Rmin & Coul turning =    3.1   12.2
   S-matrix    1 =    1.00000   0.00007 for L=   39, J=   39.0 channel on core I =   0.0 from L=   39,  Acc. loss =  0.0 D.
 Elastic phase shift   1 =    0.002   0.000 deg. for the L =   39, J =   39.0 channel.
      39.0  0.99999807  0.00006991i: elastic S-matrix  @@      0.00  0   0 F  0  2  2  T
 Reaction Xsec    39.0-/39 @ 1 =     0.888/, Out:   0.000#   0.258#   0.001f


 Total SPIN, PARITY =    40.0 +,      4 chs,      4 cc.  Rmin & Coul turning =    3.2   12.5
   S-matrix    1 =    1.00000   0.00004 for L=   40, J=   40.0 channel on core I =   0.0 from L=   40,  Acc. loss =  0.0 D.
 Elastic phase shift   1 =    0.001   0.000 deg. for the L =   40, J =   40.0 channel.
      40.0  0.99999893  0.00004444i: elastic S-matrix  @@      0.00  0   0 F  0  2  2  T
 Reaction Xsec    40.0+/40 @ 1 =     0.506/, Out:   0.000#   0.106#   0.001f

 Finished all CC sets @    3.79779972E-02
0CUMULATIVE REACTION cross section               =       1137.44807  <L> =    12.97  <L**2> =    193.6
0CUMULATIVE  ELASTIC cross section               =          0.00000
0CUMULATIVE outgoing cross sections in partition 1 :    0.00000   27.51709
0Cumulative ABSORBTION by Imaginary Potentials    =      1109.93098  <L> =    12.85  <L**2> =    190.5
   Fusion for specific projecti M-states :    1109.930977
0CUMULATIVE OUTGOING cross section               =         27.51709
 Strength functions * 10^4 for L=0-2  =   0.09110   0.09198   0.91336 (with r0= 1.35 fm).  R' =   0.007 fm
 To convert to S-factors (MeV.mb = keV.b),  multiply by  8.0618E+02


 CROSS SECTIONS FOR OUTGOING projecti & target   in state #   1 with spins & parities 0.0  + &  0.0  +;  0

     0.01 deg.: X-S =   5.720590E+14 mb/sr,
+                                         /R =   1.000015E+00
     1.00 deg.: X-S =   4.908692E+06 mb/sr,
+                                         /R =   8.580435E-01
     2.00 deg.: X-S =   2.214236E+05 mb/sr,
+                                         /R =   6.191863E-01
     3.00 deg.: X-S =   4.471694E+04 mb/sr,
+                                         /R =   6.328841E-01
     4.00 deg.: X-S =   2.355925E+04 mb/sr,
+                                         /R =   1.053451E+00
     5.00 deg.: X-S =   1.619346E+04 mb/sr,
+                                         /R =   1.766989E+00
     6.00 deg.: X-S =   1.079004E+04 mb/sr,
+                                         /R =   2.440055E+00
     7.00 deg.: X-S =    6442.131424 mb/sr,
+                                         /R =   2.697160E+00
     8.00 deg.: X-S =    3281.502762 mb/sr,
+                                         /R =   2.342000E+00
     9.00 deg.: X-S =    1310.426320 mb/sr,
+                                         /R =   1.496793E+00
    10.00 deg.: X-S =     329.841474 mb/sr,
+                                         /R =   5.736742E-01
    11.00 deg.: X-S =      33.572289 mb/sr,
+                                         /R =   8.539816E-02
    12.00 deg.: X-S =     109.025822 mb/sr,
+                                         /R =   3.923229E-01
    13.00 deg.: X-S =     306.445461 mb/sr,
+                                         /R =   1.516926E+00
    14.00 deg.: X-S =     469.196020 mb/sr,
+                                         /R =   3.119667E+00
    15.00 deg.: X-S =     530.979476 mb/sr,
+                                         /R =   4.645628E+00
    16.00 deg.: X-S =     492.340146 mb/sr,
+                                         /R =   5.567529E+00
    17.00 deg.: X-S =     389.889805 mb/sr,
+                                         /R =   5.609527E+00
    18.00 deg.: X-S =     268.857492 mb/sr,
+                                         /R =   4.853197E+00
    19.00 deg.: X-S =     164.871748 mb/sr,
+                                         /R =   3.687731E+00
    20.00 deg.: X-S =      96.236087 mb/sr,
+                                         /R =   2.637515E+00
    21.00 deg.: X-S =      64.637300 mb/sr,
+                                         /R =   2.148777E+00
    22.00 deg.: X-S =      60.690508 mb/sr,
+                                         /R =   2.424891E+00
    23.00 deg.: X-S =      70.762278 mb/sr,
+                                         /R =   3.369761E+00
    24.00 deg.: X-S =      82.536090 mb/sr,
+                                         /R =   4.648744E+00
    25.00 deg.: X-S =      88.136595 mb/sr,
+                                         /R =   5.830145E+00
    26.00 deg.: X-S =      84.800612 mb/sr,
+                                         /R =   6.545264E+00
    27.00 deg.: X-S =      73.807000 mb/sr,
+                                         /R =   6.607157E+00
    28.00 deg.: X-S =      58.617655 mb/sr,
+                                         /R =   6.052088E+00
    29.00 deg.: X-S =      43.055555 mb/sr,
+                                         /R =   5.100395E+00
    30.00 deg.: X-S =      30.030238 mb/sr,
+                                         /R =   4.061811E+00
    31.00 deg.: X-S =      20.978521 mb/sr,
+                                         /R =   3.225122E+00
    32.00 deg.: X-S =      15.925149 mb/sr,
+                                         /R =   2.770843E+00
    33.00 deg.: X-S =      13.927684 mb/sr,
+                                         /R =   2.731632E+00
    34.00 deg.: X-S =      13.645684 mb/sr,
+                                         /R =   3.005472E+00
    35.00 deg.: X-S =      13.830776 mb/sr,
+                                         /R =   3.408708E+00
    36.00 deg.: X-S =      13.627312 mb/sr,
+                                         /R =   3.745551E+00
    37.00 deg.: X-S =      12.664472 mb/sr,
+                                         /R =   3.869625E+00
    38.00 deg.: X-S =      10.985284 mb/sr,
+                                         /R =   3.720103E+00
    39.00 deg.: X-S =       8.887390 mb/sr,
+                                         /R =   3.326069E+00
    40.00 deg.: X-S =       6.748658 mb/sr,
+                                         /R =   2.783558E+00
    41.00 deg.: X-S =       4.889696 mb/sr,
+                                         /R =   2.216966E+00
    42.00 deg.: X-S =       3.497661 mb/sr,
+                                         /R =   1.738883E+00
    43.00 deg.: X-S =       2.611361 mb/sr,
+                                         /R =   1.420184E+00
    44.00 deg.: X-S =       2.151665 mb/sr,
+                                         /R =   1.277181E+00
    45.00 deg.: X-S =       1.974670 mb/sr,
+                                         /R =   1.276525E+00
    46.00 deg.: X-S =       1.926298 mb/sr,
+                                         /R =   1.353355E+00
    47.00 deg.: X-S =       1.883305 mb/sr,
+                                         /R =   1.435144E+00
    48.00 deg.: X-S =       1.773892 mb/sr,
+                                         /R =   1.463378E+00
    49.00 deg.: X-S =       1.578677 mb/sr,
+                                         /R =   1.407269E+00
    50.00 deg.: X-S =       1.317819 mb/sr,
+                                         /R =   1.267140E+00
    51.00 deg.: X-S =       1.032012 mb/sr,
+                                         /R =   1.068558E+00
    52.00 deg.: X-S =       0.764211 mb/sr,
+                                         /R =   8.506623E-01
    53.00 deg.: X-S =       0.546553 mb/sr,
+                                         /R =   6.530078E-01
    54.00 deg.: X-S =       0.394167 mb/sr,
+                                         /R =   5.047115E-01
    55.00 deg.: X-S =       0.305300 mb/sr,
+                                         /R =   4.183364E-01
    56.00 deg.: X-S =       0.265859 mb/sr,
+                                         /R =   3.892816E-01
    57.00 deg.: X-S =       0.255932 mb/sr,
+                                         /R =   3.999000E-01
    58.00 deg.: X-S =       0.256098 mb/sr,
+                                         /R =   4.264488E-01
    59.00 deg.: X-S =       0.251932 mb/sr,
+                                         /R =   4.464922E-01
    60.00 deg.: X-S =       0.236011 mb/sr,
+                                         /R =   4.446189E-01
    61.00 deg.: X-S =       0.207579 mb/sr,
+                                         /R =   4.151777E-01
    62.00 deg.: X-S =       0.170604 mb/sr,
+                                         /R =   3.618461E-01
    63.00 deg.: X-S =       0.131225 mb/sr,
+                                         /R =   2.948038E-01
    64.00 deg.: X-S =       0.095409 mb/sr,
+                                         /R =   2.267792E-01
    65.00 deg.: X-S =       0.067366 mb/sr,
+                                         /R =   1.692330E-01
    66.00 deg.: X-S =       0.048862 mb/sr,
+                                         /R =   1.295926E-01
    67.00 deg.: X-S =       0.039321 mb/sr,
+                                         /R =   1.099912E-01
    68.00 deg.: X-S =       0.036490 mb/sr,
+                                         /R =   1.075466E-01
    69.00 deg.: X-S =       0.037351 mb/sr,
+                                         /R =   1.158740E-01
    70.00 deg.: X-S =       0.039015 mb/sr,
+                                         /R =   1.272833E-01
    71.00 deg.: X-S =       0.039381 mb/sr,
+                                         /R =   1.349826E-01
    72.00 deg.: X-S =       0.037432 mb/sr,
+                                         /R =   1.346787E-01
    73.00 deg.: X-S =       0.033184 mb/sr,
+                                         /R =   1.252147E-01
    74.00 deg.: X-S =       0.027376 mb/sr,
+                                         /R =   1.082431E-01
    75.00 deg.: X-S =       0.021073 mb/sr,
+                                         /R =   8.723457E-02
    76.00 deg.: X-S =       0.015297 mb/sr,
+                                         /R =   6.624607E-02
    77.00 deg.: X-S =       0.010785 mb/sr,
+                                         /R =   4.881750E-02
    78.00 deg.: X-S =       0.007871 mb/sr,
+                                         /R =   3.721215E-02
    79.00 deg.: X-S =       0.006501 mb/sr,
+                                         /R =   3.207629E-02
    80.00 deg.: X-S =       0.006318 mb/sr,
+                                         /R =   3.250879E-02
    81.00 deg.: X-S =       0.006803 mb/sr,
+                                         /R =   3.647996E-02
    82.00 deg.: X-S =       0.007429 mb/sr,
+                                         /R =   4.148164E-02
    83.00 deg.: X-S =       0.007783 mb/sr,
+                                         /R =   4.522797E-02
    84.00 deg.: X-S =       0.007646 mb/sr,
+                                         /R =   4.620351E-02
    85.00 deg.: X-S =       0.006993 mb/sr,
+                                         /R =   4.391214E-02
    86.00 deg.: X-S =       0.005950 mb/sr,
+                                         /R =   3.880125E-02
    87.00 deg.: X-S =       0.004722 mb/sr,
+                                         /R =   3.195679E-02
    88.00 deg.: X-S =       0.003522 mb/sr,
+                                         /R =   2.471808E-02
    89.00 deg.: X-S =       0.002520 mb/sr,
+                                         /R =   1.833390E-02
    90.00 deg.: X-S =       0.001820 mb/sr,
+                                         /R =   1.371536E-02
    91.00 deg.: X-S =       0.001448 mb/sr,
+                                         /R =   1.129338E-02
    92.00 deg.: X-S =       0.001360 mb/sr,
+                                         /R =   1.097935E-02
    93.00 deg.: X-S =       0.001466 mb/sr,
+                                         /R =   1.223471E-02
    94.00 deg.: X-S =       0.001652 mb/sr,
+                                         /R =   1.424424E-02
    95.00 deg.: X-S =       0.001814 mb/sr,
+                                         /R =   1.615175E-02
    96.00 deg.: X-S =       0.001880 mb/sr,
+                                         /R =   1.728267E-02
    97.00 deg.: X-S =       0.001822 mb/sr,
+                                         /R =   1.727992E-02
    98.00 deg.: X-S =       0.001649 mb/sr,
+                                         /R =   1.612272E-02
    99.00 deg.: X-S =       0.001395 mb/sr,
+                                         /R =   1.405409E-02
   100.00 deg.: X-S =       0.001105 mb/sr,
+                                         /R =   1.147177E-02
   101.00 deg.: X-S =       0.000826 mb/sr,
+                                         /R =   8.825670E-03
   102.00 deg.: X-S =       0.000594 mb/sr,
+                                         /R =   6.533083E-03
   103.00 deg.: X-S =       0.000434 mb/sr,
+                                         /R =   4.905382E-03
   104.00 deg.: X-S =       0.000352 mb/sr,
+                                         /R =   4.088286E-03
   105.00 deg.: X-S =       0.000338 mb/sr,
+                                         /R =   4.035473E-03
   106.00 deg.: X-S =       0.000370 mb/sr,
+                                         /R =   4.535610E-03
   107.00 deg.: X-S =       0.000420 mb/sr,
+                                         /R =   5.289113E-03
   108.00 deg.: X-S =       0.000465 mb/sr,
+                                         /R =   6.002092E-03
   109.00 deg.: X-S =       0.000488 mb/sr,
+                                         /R =   6.456639E-03
   110.00 deg.: X-S =       0.000482 mb/sr,
+                                         /R =   6.536265E-03
   111.00 deg.: X-S =       0.000447 mb/sr,
+                                         /R =   6.215804E-03
   112.00 deg.: X-S =       0.000389 mb/sr,
+                                         /R =   5.541245E-03
   113.00 deg.: X-S =       0.000317 mb/sr,
+                                         /R =   4.616029E-03
   114.00 deg.: X-S =       0.000241 mb/sr,
+                                         /R =   3.589081E-03
   115.00 deg.: X-S =       0.000172 mb/sr,
+                                         /R =   2.629471E-03
   116.00 deg.: X-S =       0.000121 mb/sr,
+                                         /R =   1.883917E-03
   117.00 deg.: X-S =   9.002665E-05 mb/sr,
+                                         /R =   1.434202E-03
   118.00 deg.: X-S =   7.862611E-05 mb/sr,
+                                         /R =   1.279397E-03
   119.00 deg.: X-S =   8.144428E-05 mb/sr,
+                                         /R =   1.353064E-03
   120.00 deg.: X-S =   9.208455E-05 mb/sr,
+                                         /R =   1.561296E-03
   121.00 deg.: X-S =       0.000105 mb/sr,
+                                         /R =   1.815853E-03
   122.00 deg.: X-S =       0.000116 mb/sr,
+                                         /R =   2.046702E-03
   123.00 deg.: X-S =       0.000122 mb/sr,
+                                         /R =   2.198696E-03
   124.00 deg.: X-S =       0.000122 mb/sr,
+                                         /R =   2.228639E-03
   125.00 deg.: X-S =       0.000113 mb/sr,
+                                         /R =   2.112971E-03
   126.00 deg.: X-S =   9.794713E-05 mb/sr,
+                                         /R =   1.860764E-03
   127.00 deg.: X-S =   7.847846E-05 mb/sr,
+                                         /R =   1.517369E-03
   128.00 deg.: X-S =   5.846316E-05 mb/sr,
+                                         /R =   1.150003E-03
   129.00 deg.: X-S =   4.109225E-05 mb/sr,
+                                         /R =   8.220324E-04
   130.00 deg.: X-S =   2.817109E-05 mb/sr,
+                                         /R =   5.729050E-04
   131.00 deg.: X-S =   2.010330E-05 mb/sr,
+                                         /R =   4.154656E-04
   132.00 deg.: X-S =   1.652189E-05 mb/sr,
+                                         /R =   3.468618E-04
   133.00 deg.: X-S =   1.683372E-05 mb/sr,
+                                         /R =   3.588783E-04
   134.00 deg.: X-S =   2.024439E-05 mb/sr,
+                                         /R =   4.381120E-04
   135.00 deg.: X-S =   2.549493E-05 mb/sr,
+                                         /R =   5.598752E-04
   136.00 deg.: X-S =   3.085354E-05 mb/sr,
+                                         /R =   6.872971E-04
   137.00 deg.: X-S =   3.459610E-05 mb/sr,
+                                         /R =   7.814744E-04
   138.00 deg.: X-S =   3.566856E-05 mb/sr,
+                                         /R =   8.167113E-04
   139.00 deg.: X-S =   3.401592E-05 mb/sr,
+                                         /R =   7.892395E-04
   140.00 deg.: X-S =   3.034564E-05 mb/sr,
+                                         /R =   7.132070E-04
   141.00 deg.: X-S =   2.556134E-05 mb/sr,
+                                         /R =   6.083393E-04
   142.00 deg.: X-S =   2.033265E-05 mb/sr,
+                                         /R =   4.898354E-04
   143.00 deg.: X-S =   1.508482E-05 mb/sr,
+                                         /R =   3.677415E-04
   144.00 deg.: X-S =   1.027503E-05 mb/sr,
+                                         /R =   2.533871E-04
   145.00 deg.: X-S =   6.551523E-06 mb/sr,
+                                         /R =   1.633790E-04
   146.00 deg.: X-S =   4.534323E-06 mb/sr,
+                                         /R =   1.143073E-04
   147.00 deg.: X-S =   4.386221E-06 mb/sr,
+                                         /R =   1.117415E-04
   148.00 deg.: X-S =   5.616766E-06 mb/sr,
+                                         /R =   1.445536E-04
   149.00 deg.: X-S =   7.367022E-06 mb/sr,
+                                         /R =   1.914741E-04
   150.00 deg.: X-S =   8.950384E-06 mb/sr,
+                                         /R =   2.348512E-04
   151.00 deg.: X-S =   1.017902E-05 mb/sr,
+                                         /R =   2.695556E-04
   152.00 deg.: X-S =   1.123439E-05 mb/sr,
+                                         /R =   3.001524E-04
   153.00 deg.: X-S =   1.227336E-05 mb/sr,
+                                         /R =   3.307240E-04
   154.00 deg.: X-S =   1.315586E-05 mb/sr,
+                                         /R =   3.574299E-04
   155.00 deg.: X-S =   1.350386E-05 mb/sr,
+                                         /R =   3.697941E-04
   156.00 deg.: X-S =   1.298986E-05 mb/sr,
+                                         /R =   3.584249E-04
   157.00 deg.: X-S =   1.158540E-05 mb/sr,
+                                         /R =   3.220016E-04
   158.00 deg.: X-S =   9.569025E-06 mb/sr,
+                                         /R =   2.678120E-04
   159.00 deg.: X-S =   7.314355E-06 mb/sr,
+                                         /R =   2.060709E-04
   160.00 deg.: X-S =   5.079850E-06 mb/sr,
+                                         /R =   1.440233E-04
   161.00 deg.: X-S =   3.017640E-06 mb/sr,
+                                         /R =   8.607048E-05
   162.00 deg.: X-S =   1.370634E-06 mb/sr,
+                                         /R =   3.931673E-05
   163.00 deg.: X-S =   5.720812E-07 mb/sr,
+                                         /R =   1.649859E-05
   164.00 deg.: X-S =   1.022224E-06 mb/sr,
+                                         /R =   2.963010E-05
   165.00 deg.: X-S =   2.687452E-06 mb/sr,
+                                         /R =   7.826924E-05
   166.00 deg.: X-S =   4.934195E-06 mb/sr,
+                                         /R =   1.443428E-04
   167.00 deg.: X-S =   6.827422E-06 mb/sr,
+                                         /R =   2.005534E-04
   168.00 deg.: X-S =   7.673600E-06 mb/sr,
+                                         /R =   2.262729E-04
   169.00 deg.: X-S =   7.371227E-06 mb/sr,
+                                         /R =   2.181221E-04
   170.00 deg.: X-S =   6.351149E-06 mb/sr,
+                                         /R =   1.885408E-04
   171.00 deg.: X-S =   5.248934E-06 mb/sr,
+                                         /R =   1.562729E-04
   172.00 deg.: X-S =   4.593649E-06 mb/sr,
+                                         /R =   1.371188E-04
   173.00 deg.: X-S =   4.694938E-06 mb/sr,
+                                         /R =   1.404632E-04
   174.00 deg.: X-S =   5.739210E-06 mb/sr,
+                                         /R =   1.720465E-04
   175.00 deg.: X-S =   7.951198E-06 mb/sr,
+                                         /R =   2.387561E-04
   176.00 deg.: X-S =   1.157697E-05 mb/sr,
+                                         /R =   3.481069E-04
   177.00 deg.: X-S =   1.654629E-05 mb/sr,
+                                         /R =   4.980595E-04
   178.00 deg.: X-S =   2.203701E-05 mb/sr,
+                                         /R =   6.638410E-04
   179.00 deg.: X-S =   2.646330E-05 mb/sr,
+                                         /R =   7.975428E-04
   179.99 deg.: X-S =   2.817502E-05 mb/sr,
+                                         /R =   8.492593E-04
                                           Integrated  1.0949E+10 mb, over [   0.000, 180.000] at   100.0000 MeV 

 CROSS SECTIONS FOR OUTGOING projecti & target   in state #   2 with spins & parities 0.0  + &  2.0  +;  0

     0.00 deg.: X-S =      55.260456 mb/sr,
+                                         REAC   2.7517E+01 mb
     1.00 deg.: X-S =      52.171669 mb/sr,
     2.00 deg.: X-S =      44.618172 mb/sr,
     3.00 deg.: X-S =      36.893951 mb/sr,
     4.00 deg.: X-S =      33.758527 mb/sr,
     5.00 deg.: X-S =      38.088501 mb/sr,
     6.00 deg.: X-S =      49.423445 mb/sr,
     7.00 deg.: X-S =      64.065340 mb/sr,
     8.00 deg.: X-S =      76.628486 mb/sr,
     9.00 deg.: X-S =      82.275141 mb/sr,
    10.00 deg.: X-S =      78.621266 mb/sr,
    11.00 deg.: X-S =      66.532969 mb/sr,
    12.00 deg.: X-S =      49.590579 mb/sr,
    13.00 deg.: X-S =      32.579464 mb/sr,
    14.00 deg.: X-S =      19.714417 mb/sr,
    15.00 deg.: X-S =      13.306425 mb/sr,
    16.00 deg.: X-S =      13.296806 mb/sr,
    17.00 deg.: X-S =      17.683593 mb/sr,
    18.00 deg.: X-S =      23.530902 mb/sr,
    19.00 deg.: X-S =      28.100017 mb/sr,
    20.00 deg.: X-S =      29.689690 mb/sr,
    21.00 deg.: X-S =      27.960330 mb/sr,
    22.00 deg.: X-S =      23.742888 mb/sr,
    23.00 deg.: X-S =      18.508582 mb/sr,
    24.00 deg.: X-S =      13.750173 mb/sr,
    25.00 deg.: X-S =      10.497414 mb/sr,
    26.00 deg.: X-S =       9.092910 mb/sr,
    27.00 deg.: X-S =       9.239401 mb/sr,
    28.00 deg.: X-S =      10.238894 mb/sr,
    29.00 deg.: X-S =      11.301857 mb/sr,
    30.00 deg.: X-S =      11.812361 mb/sr,
    31.00 deg.: X-S =      11.477099 mb/sr,
    32.00 deg.: X-S =      10.340218 mb/sr,
    33.00 deg.: X-S =       8.691772 mb/sr,
    34.00 deg.: X-S =       6.923306 mb/sr,
    35.00 deg.: X-S =       5.386975 mb/sr,
    36.00 deg.: X-S =       4.299733 mb/sr,
    37.00 deg.: X-S =       3.710434 mb/sr,
    38.00 deg.: X-S =       3.524464 mb/sr,
    39.00 deg.: X-S =       3.564705 mb/sr,
    40.00 deg.: X-S =       3.641991 mb/sr,
    41.00 deg.: X-S =       3.612101 mb/sr,
    42.00 deg.: X-S =       3.405964 mb/sr,
    43.00 deg.: X-S =       3.030924 mb/sr,
    44.00 deg.: X-S =       2.549828 mb/sr,
    45.00 deg.: X-S =       2.049324 mb/sr,
    46.00 deg.: X-S =       1.609016 mb/sr,
    47.00 deg.: X-S =       1.279971 mb/sr,
    48.00 deg.: X-S =       1.076399 mb/sr,
    49.00 deg.: X-S =       0.979701 mb/sr,
    50.00 deg.: X-S =       0.950814 mb/sr,
    51.00 deg.: X-S =       0.945424 mb/sr,
    52.00 deg.: X-S =       0.927084 mb/sr,
    53.00 deg.: X-S =       0.875062 mb/sr,
    54.00 deg.: X-S =       0.785995 mb/sr,
    55.00 deg.: X-S =       0.670392 mb/sr,
    56.00 deg.: X-S =       0.546192 mb/sr,
    57.00 deg.: X-S =       0.431864 mb/sr,
    58.00 deg.: X-S =       0.341019 mb/sr,
    59.00 deg.: X-S =       0.279612 mb/sr,
    60.00 deg.: X-S =       0.245886 mb/sr,
    61.00 deg.: X-S =       0.232413 mb/sr,
    62.00 deg.: X-S =       0.229214 mb/sr,
    63.00 deg.: X-S =       0.226870 mb/sr,
    64.00 deg.: X-S =       0.218792 mb/sr,
    65.00 deg.: X-S =       0.202221 mb/sr,
    66.00 deg.: X-S =       0.177988 mb/sr,
    67.00 deg.: X-S =       0.149390 mb/sr,
    68.00 deg.: X-S =       0.120686 mb/sr,
    69.00 deg.: X-S =       0.095705 mb/sr,
    70.00 deg.: X-S =       0.076895 mb/sr,
    71.00 deg.: X-S =       0.064952 mb/sr,
    72.00 deg.: X-S =       0.058991 mb/sr,
    73.00 deg.: X-S =       0.057071 mb/sr,
    74.00 deg.: X-S =       0.056892 mb/sr,
    75.00 deg.: X-S =       0.056425 mb/sr,
    76.00 deg.: X-S =       0.054340 mb/sr,
    77.00 deg.: X-S =       0.050171 mb/sr,
    78.00 deg.: X-S =       0.044222 mb/sr,
    79.00 deg.: X-S =       0.037304 mb/sr,
    80.00 deg.: X-S =       0.030404 mb/sr,
    81.00 deg.: X-S =       0.024393 mb/sr,
    82.00 deg.: X-S =       0.019827 mb/sr,
    83.00 deg.: X-S =       0.016876 mb/sr,
    84.00 deg.: X-S =       0.015355 mb/sr,
    85.00 deg.: X-S =       0.014842 mb/sr,
    86.00 deg.: X-S =       0.014811 mb/sr,
    87.00 deg.: X-S =       0.014782 mb/sr,
    88.00 deg.: X-S =       0.014411 mb/sr,
    89.00 deg.: X-S =       0.013542 mb/sr,
    90.00 deg.: X-S =       0.012201 mb/sr,
    91.00 deg.: X-S =       0.010543 mb/sr,
    92.00 deg.: X-S =       0.008789 mb/sr,
    93.00 deg.: X-S =       0.007156 mb/sr,
    94.00 deg.: X-S =       0.005809 mb/sr,
    95.00 deg.: X-S =       0.004830 mb/sr,
    96.00 deg.: X-S =       0.004223 mb/sr,
    97.00 deg.: X-S =       0.003922 mb/sr,
    98.00 deg.: X-S =       0.003824 mb/sr,
    99.00 deg.: X-S =       0.003810 mb/sr,
   100.00 deg.: X-S =       0.003780 mb/sr,
   101.00 deg.: X-S =       0.003665 mb/sr,
   102.00 deg.: X-S =       0.003437 mb/sr,
   103.00 deg.: X-S =       0.003103 mb/sr,
   104.00 deg.: X-S =       0.002698 mb/sr,
   105.00 deg.: X-S =       0.002270 mb/sr,
   106.00 deg.: X-S =       0.001865 mb/sr,
   107.00 deg.: X-S =       0.001518 mb/sr,
   108.00 deg.: X-S =       0.001252 mb/sr,
   109.00 deg.: X-S =       0.001071 mb/sr,
   110.00 deg.: X-S =       0.000965 mb/sr,
   111.00 deg.: X-S =       0.000915 mb/sr,
   112.00 deg.: X-S =       0.000897 mb/sr,
   113.00 deg.: X-S =       0.000888 mb/sr,
   114.00 deg.: X-S =       0.000869 mb/sr,
   115.00 deg.: X-S =       0.000830 mb/sr,
   116.00 deg.: X-S =       0.000769 mb/sr,
   117.00 deg.: X-S =       0.000689 mb/sr,
   118.00 deg.: X-S =       0.000597 mb/sr,
   119.00 deg.: X-S =       0.000502 mb/sr,
   120.00 deg.: X-S =       0.000412 mb/sr,
   121.00 deg.: X-S =       0.000334 mb/sr,
   122.00 deg.: X-S =       0.000272 mb/sr,
   123.00 deg.: X-S =       0.000228 mb/sr,
   124.00 deg.: X-S =       0.000199 mb/sr,
   125.00 deg.: X-S =       0.000184 mb/sr,
   126.00 deg.: X-S =       0.000176 mb/sr,
   127.00 deg.: X-S =       0.000172 mb/sr,
   128.00 deg.: X-S =       0.000169 mb/sr,
   129.00 deg.: X-S =       0.000163 mb/sr,
   130.00 deg.: X-S =       0.000155 mb/sr,
   131.00 deg.: X-S =       0.000143 mb/sr,
   132.00 deg.: X-S =       0.000128 mb/sr,
   133.00 deg.: X-S =       0.000111 mb/sr,
   134.00 deg.: X-S =   9.365233E-05 mb/sr,
   135.00 deg.: X-S =   7.705140E-05 mb/sr,
   136.00 deg.: X-S =   6.266120E-05 mb/sr,
   137.00 deg.: X-S =   5.105798E-05 mb/sr,
   138.00 deg.: X-S =   4.231219E-05 mb/sr,
   139.00 deg.: X-S =   3.621458E-05 mb/sr,
   140.00 deg.: X-S =   3.243370E-05 mb/sr,
   141.00 deg.: X-S =   3.052786E-05 mb/sr,
   142.00 deg.: X-S =   2.989978E-05 mb/sr,
   143.00 deg.: X-S =   2.983640E-05 mb/sr,
   144.00 deg.: X-S =   2.967741E-05 mb/sr,
   145.00 deg.: X-S =   2.900917E-05 mb/sr,
   146.00 deg.: X-S =   2.773362E-05 mb/sr,
   147.00 deg.: X-S =   2.596349E-05 mb/sr,
   148.00 deg.: X-S =   2.384411E-05 mb/sr,
   149.00 deg.: X-S =   2.145222E-05 mb/sr,
   150.00 deg.: X-S =   1.883158E-05 mb/sr,
   151.00 deg.: X-S =   1.609272E-05 mb/sr,
   152.00 deg.: X-S =   1.345563E-05 mb/sr,
   153.00 deg.: X-S =   1.118221E-05 mb/sr,
   154.00 deg.: X-S =   9.450920E-06 mb/sr,
   155.00 deg.: X-S =   8.275144E-06 mb/sr,
   156.00 deg.: X-S =   7.526249E-06 mb/sr,
   157.00 deg.: X-S =   7.035992E-06 mb/sr,
   158.00 deg.: X-S =   6.693769E-06 mb/sr,
   159.00 deg.: X-S =   6.469567E-06 mb/sr,
   160.00 deg.: X-S =   6.367333E-06 mb/sr,
   161.00 deg.: X-S =   6.375033E-06 mb/sr,
   162.00 deg.: X-S =   6.465960E-06 mb/sr,
   163.00 deg.: X-S =   6.636769E-06 mb/sr,
   164.00 deg.: X-S =   6.920781E-06 mb/sr,
   165.00 deg.: X-S =   7.343710E-06 mb/sr,
   166.00 deg.: X-S =   7.857152E-06 mb/sr,
   167.00 deg.: X-S =   8.314206E-06 mb/sr,
   168.00 deg.: X-S =   8.514066E-06 mb/sr,
   169.00 deg.: X-S =   8.285812E-06 mb/sr,
   170.00 deg.: X-S =   7.560513E-06 mb/sr,
   171.00 deg.: X-S =   6.399076E-06 mb/sr,
   172.00 deg.: X-S =   4.971413E-06 mb/sr,
   173.00 deg.: X-S =   3.502535E-06 mb/sr,
   174.00 deg.: X-S =   2.211435E-06 mb/sr,
   175.00 deg.: X-S =   1.264504E-06 mb/sr,
   176.00 deg.: X-S =   7.462992E-07 mb/sr,
   177.00 deg.: X-S =   6.379029E-07 mb/sr,
   178.00 deg.: X-S =   8.081917E-07 mb/sr,
   179.00 deg.: X-S =   1.046827E-06 mb/sr,
   180.00 deg.: X-S =   1.153957E-06 mb/sr,
                                           Integrated  2.7508E+01 mb, over [   0.000, 180.000] at   100.0000 MeV 
 Finished all xsecs @    3.93150002E-02

  The following files have been created:
   3:local copy of User input.            6:standard output.                   
   7:elastic  S-matrix elements.         13:total cross sections/state.        
  16:tables of cross sections.           17:output scattering waves.           
  34:input optical potentials.           35:Astrophysics S-factors  / Ecm.     
  38:cross sections for each J/pi.       39:cross sections for each Ecm.       
  40:all cross sectns. for each Elab.    45:scat phase shift as E functions.   
  56:Fusion for each Jtotal.             75:S-factors for lab energies.        
  89:All local couplings.               201:Separate cross sections.           
 202:Separate cross sections.           

 PARAMETERS : MAXQRN   MLOC  LMAX1 MCLIST     MFNL  MPWCOUP
    ALLOWED :      1      6     60     10       16        0
    REQUIRED:      0      6     43      5        0        0


 ACCURACY ANALYSIS at   100.000 MeV :

  Elastic h*k = 0.164 so OK       compared with 0.200

   Real(S-el) > 0.01 first at J =       4.0
   Real(S-el) > 0.10 first at J =       8.0
   Real(S-el) > 0.50 first at J =      19.0
   Real(S-el) > 0.90 first at J =      22.0
   Real(S-el) > 0.99 first at J =      25.0
   R-turn =    12.46 fm    at J =      40.0

 Forward-angle excitation cut off below   1.069 deg by max JT =      40.0
                              and below   0.660 deg by max R.

 Total CPU  0 time =       0.04 seconds
